<?xml version="1.0" encoding="UTF-8"?>
<TestRun id="8d28757d-7940-496b-8c20-ee9359d5df82" name="AdamK117@ADAMK117-PC 2013-05-04 15:15:01" runUser="AdamK117-PC\AdamK117" xmlns="http://microsoft.com/schemas/VisualStudio/TeamTest/2010">
  <TestSettings name="Local" id="003826a5-a045-4c04-9e0a-eb37b7bf6aff">
    <Description>These are default test settings for a local test run.</Description>
    <Deployment enabled="false" runDeploymentRoot="AdamK117_ADAMK117-PC 2013-05-04 15_15_01">
      <DeploymentItem filename="V:\SafetyProgram\SafetyProgram.Static\bin\Debug\SafetyProgram.Static.dll" />
      <DeploymentItem filename="V:\SafetyProgram\SafetyProgram.ModelObjects\bin\Debug\SafetyProgram.ModelObjects.dll" />
      <DeploymentItem filename="V:\SafetyProgram\SafetyProgram.Configuration\bin\Debug\SafetyProgram.Configuration.dll" />
      <DeploymentItem filename="V:\SafetyProgram\SafetyProgram.Base\bin\Debug\SafetyProgram.Base.dll" />
    </Deployment>
    <Execution>
      <TestTypeSpecific />
      <AgentRule name="Execution Agents">
      </AgentRule>
    </Execution>
  </TestSettings>
  <Times creation="2013-05-04T15:15:01.1814270+01:00" queuing="2013-05-04T15:15:01.2924334+01:00" start="2013-05-04T15:15:01.3154347+01:00" finish="2013-05-04T15:15:01.7574600+01:00" />
  <ResultSummary outcome="Failed">
    <Counters total="15" executed="15" passed="14" error="0" failed="1" timeout="0" aborted="0" inconclusive="0" passedButRunAborted="0" notRunnable="0" notExecuted="0" disconnected="0" warning="0" completed="0" inProgress="0" pending="0" />
  </ResultSummary>
  <TestDefinitions>
    <UnitTest name="AddElementToRaw" storage="v:\safetyprogram\safetyprogram.base.unittests\bin\debug\safetyprogram.base.unittests.dll" id="e9c01972-9bfd-b152-bff3-a1975c7ff12b">
      <Execution id="ee3ce4eb-a318-4e9e-b266-0ee0eb603052" />
      <TestMethod codeBase="V:/SafetyProgram/SafetyProgram.Base.UnitTests/bin/Debug/SafetyProgram.Base.UnitTests.DLL" adapterTypeName="Microsoft.VisualStudio.TestTools.TestTypes.Unit.UnitTestAdapter, Microsoft.VisualStudio.QualityTools.Tips.UnitTest.Adapter, Version=10.0.0.0, Culture=neutral, PublicKeyToken=b03f5f7f11d50a3a" className="SafetyProgram.Base.UnitTests.MonadOcTests, SafetyProgram.Base.UnitTests, Version=1.0.0.0, Culture=neutral, PublicKeyToken=null" name="AddElementToRaw" />
    </UnitTest>
    <UnitTest name="ResetRaw" storage="v:\safetyprogram\safetyprogram.base.unittests\bin\debug\safetyprogram.base.unittests.dll" id="e59546c4-1239-9190-80a1-074e4f6b5753">
      <Execution id="38d07025-c163-40da-905c-46745d2e7687" />
      <TestMethod codeBase="V:/SafetyProgram/SafetyProgram.Base.UnitTests/bin/Debug/SafetyProgram.Base.UnitTests.DLL" adapterTypeName="Microsoft.VisualStudio.TestTools.TestTypes.Unit.UnitTestAdapter, Microsoft.VisualStudio.QualityTools.Tips.UnitTest.Adapter, Version=10.0.0.0, Culture=neutral, PublicKeyToken=b03f5f7f11d50a3a" className="SafetyProgram.Base.UnitTests.MonadOcTests, SafetyProgram.Base.UnitTests, Version=1.0.0.0, Culture=neutral, PublicKeyToken=null" name="ResetRaw" />
    </UnitTest>
    <UnitTest name="InvalidDataTest" storage="v:\safetyprogram\safetyprogram.configuration.unittests\bin\debug\safetyprogram.configuration.unittests.dll" id="904e86b4-ed15-f85c-d58b-9d559be9f022">
      <Execution id="5704506a-3eed-4cfb-b548-51053763f588" />
      <TestMethod codeBase="V:/SafetyProgram/SafetyProgram.Configuration.UnitTests/bin/Debug/SafetyProgram.Configuration.UnitTests.DLL" adapterTypeName="Microsoft.VisualStudio.TestTools.TestTypes.Unit.UnitTestAdapter, Microsoft.VisualStudio.QualityTools.Tips.UnitTest.Adapter, Version=10.0.0.0, Culture=neutral, PublicKeyToken=b03f5f7f11d50a3a" className="SafetyProgram.Configuration.UnitTests.LocalConfigurationFileTest, SafetyProgram.Configuration.UnitTests, Version=1.0.0.0, Culture=neutral, PublicKeyToken=null" name="InvalidDataTest" />
    </UnitTest>
    <UnitTest name="RemoveElementFromMonadOc" storage="v:\safetyprogram\safetyprogram.base.unittests\bin\debug\safetyprogram.base.unittests.dll" id="42949265-b5a7-e6ed-f1af-c24e0fecf1df">
      <Execution id="0dfbbffb-ac03-44ca-9c38-f8e0bd447ca1" />
      <TestMethod codeBase="V:/SafetyProgram/SafetyProgram.Base.UnitTests/bin/Debug/SafetyProgram.Base.UnitTests.DLL" adapterTypeName="Microsoft.VisualStudio.TestTools.TestTypes.Unit.UnitTestAdapter, Microsoft.VisualStudio.QualityTools.Tips.UnitTest.Adapter, Version=10.0.0.0, Culture=neutral, PublicKeyToken=b03f5f7f11d50a3a" className="SafetyProgram.Base.UnitTests.MonadOcTests, SafetyProgram.Base.UnitTests, Version=1.0.0.0, Culture=neutral, PublicKeyToken=null" name="RemoveElementFromMonadOc" />
    </UnitTest>
    <UnitTest name="ConstructMonadOc" storage="v:\safetyprogram\safetyprogram.base.unittests\bin\debug\safetyprogram.base.unittests.dll" id="fddc7002-5216-7174-e3dc-a857f9c37231">
      <Execution id="b8726dea-b427-43c7-82d3-4cf5ffe97349" />
      <TestMethod codeBase="V:/SafetyProgram/SafetyProgram.Base.UnitTests/bin/Debug/SafetyProgram.Base.UnitTests.DLL" adapterTypeName="Microsoft.VisualStudio.TestTools.TestTypes.Unit.UnitTestAdapter, Microsoft.VisualStudio.QualityTools.Tips.UnitTest.Adapter, Version=10.0.0.0, Culture=neutral, PublicKeyToken=b03f5f7f11d50a3a" className="SafetyProgram.Base.UnitTests.MonadOcTests, SafetyProgram.Base.UnitTests, Version=1.0.0.0, Culture=neutral, PublicKeyToken=null" name="ConstructMonadOc" />
    </UnitTest>
    <UnitTest name="LoadFileTest" storage="v:\safetyprogram\safetyprogram.configuration.unittests\bin\debug\safetyprogram.configuration.unittests.dll" id="9754d8b9-de29-f3a6-5002-083b34607f53">
      <Execution id="2ccb651f-5210-442e-8c72-4959e3915780" />
      <TestMethod codeBase="V:/SafetyProgram/SafetyProgram.Configuration.UnitTests/bin/Debug/SafetyProgram.Configuration.UnitTests.DLL" adapterTypeName="Microsoft.VisualStudio.TestTools.TestTypes.Unit.UnitTestAdapter, Microsoft.VisualStudio.QualityTools.Tips.UnitTest.Adapter, Version=10.0.0.0, Culture=neutral, PublicKeyToken=b03f5f7f11d50a3a" className="SafetyProgram.Configuration.UnitTests.LocalConfigurationFileTest, SafetyProgram.Configuration.UnitTests, Version=1.0.0.0, Culture=neutral, PublicKeyToken=null" name="LoadFileTest" />
    </UnitTest>
    <UnitTest name="RemoveElementFromRaw" storage="v:\safetyprogram\safetyprogram.base.unittests\bin\debug\safetyprogram.base.unittests.dll" id="79243f40-9064-2c12-a945-c712aa988c23">
      <Execution id="c5358da9-04b2-483a-83c0-6c58ef8ec86e" />
      <TestMethod codeBase="V:/SafetyProgram/SafetyProgram.Base.UnitTests/bin/Debug/SafetyProgram.Base.UnitTests.DLL" adapterTypeName="Microsoft.VisualStudio.TestTools.TestTypes.Unit.UnitTestAdapter, Microsoft.VisualStudio.QualityTools.Tips.UnitTest.Adapter, Version=10.0.0.0, Culture=neutral, PublicKeyToken=b03f5f7f11d50a3a" className="SafetyProgram.Base.UnitTests.MonadOcTests, SafetyProgram.Base.UnitTests, Version=1.0.0.0, Culture=neutral, PublicKeyToken=null" name="RemoveElementFromRaw" />
    </UnitTest>
    <UnitTest name="AddElementToMonadOc" storage="v:\safetyprogram\safetyprogram.base.unittests\bin\debug\safetyprogram.base.unittests.dll" id="dbaba95a-1acc-504e-ef52-7e8dfe085000">
      <Execution id="e001b6ea-8eb5-47e2-9721-b45b3945f0dc" />
      <TestMethod codeBase="V:/SafetyProgram/SafetyProgram.Base.UnitTests/bin/Debug/SafetyProgram.Base.UnitTests.DLL" adapterTypeName="Microsoft.VisualStudio.TestTools.TestTypes.Unit.UnitTestAdapter, Microsoft.VisualStudio.QualityTools.Tips.UnitTest.Adapter, Version=10.0.0.0, Culture=neutral, PublicKeyToken=b03f5f7f11d50a3a" className="SafetyProgram.Base.UnitTests.MonadOcTests, SafetyProgram.Base.UnitTests, Version=1.0.0.0, Culture=neutral, PublicKeyToken=null" name="AddElementToMonadOc" />
    </UnitTest>
    <UnitTest name="ReplaceElementInRaw" storage="v:\safetyprogram\safetyprogram.base.unittests\bin\debug\safetyprogram.base.unittests.dll" id="b170f9ae-f729-e2c5-ecbe-7957fbf2b02d">
      <Execution id="8ea0165c-eff4-4d11-aa24-cbeb000332d1" />
      <TestMethod codeBase="V:/SafetyProgram/SafetyProgram.Base.UnitTests/bin/Debug/SafetyProgram.Base.UnitTests.DLL" adapterTypeName="Microsoft.VisualStudio.TestTools.TestTypes.Unit.UnitTestAdapter, Microsoft.VisualStudio.QualityTools.Tips.UnitTest.Adapter, Version=10.0.0.0, Culture=neutral, PublicKeyToken=b03f5f7f11d50a3a" className="SafetyProgram.Base.UnitTests.MonadOcTests, SafetyProgram.Base.UnitTests, Version=1.0.0.0, Culture=neutral, PublicKeyToken=null" name="ReplaceElementInRaw" />
    </UnitTest>
    <UnitTest name="InvalidPathTest" storage="v:\safetyprogram\safetyprogram.configuration.unittests\bin\debug\safetyprogram.configuration.unittests.dll" id="84be8e79-4b66-4435-2e9b-e4b0e40d43cf">
      <Execution id="9df3f2dd-4d6c-4a2b-989c-90337214ad2c" />
      <TestMethod codeBase="V:/SafetyProgram/SafetyProgram.Configuration.UnitTests/bin/Debug/SafetyProgram.Configuration.UnitTests.DLL" adapterTypeName="Microsoft.VisualStudio.TestTools.TestTypes.Unit.UnitTestAdapter, Microsoft.VisualStudio.QualityTools.Tips.UnitTest.Adapter, Version=10.0.0.0, Culture=neutral, PublicKeyToken=b03f5f7f11d50a3a" className="SafetyProgram.Configuration.UnitTests.LocalConfigurationFileTest, SafetyProgram.Configuration.UnitTests, Version=1.0.0.0, Culture=neutral, PublicKeyToken=null" name="InvalidPathTest" />
    </UnitTest>
    <UnitTest name="ReplaceElementInMonadOc" storage="v:\safetyprogram\safetyprogram.base.unittests\bin\debug\safetyprogram.base.unittests.dll" id="aafdef7b-6dfb-fef5-421a-a0ca5c7c5183">
      <Execution id="22c44ae9-156c-43ab-a3d3-203ad1484459" />
      <TestMethod codeBase="V:/SafetyProgram/SafetyProgram.Base.UnitTests/bin/Debug/SafetyProgram.Base.UnitTests.DLL" adapterTypeName="Microsoft.VisualStudio.TestTools.TestTypes.Unit.UnitTestAdapter, Microsoft.VisualStudio.QualityTools.Tips.UnitTest.Adapter, Version=10.0.0.0, Culture=neutral, PublicKeyToken=b03f5f7f11d50a3a" className="SafetyProgram.Base.UnitTests.MonadOcTests, SafetyProgram.Base.UnitTests, Version=1.0.0.0, Culture=neutral, PublicKeyToken=null" name="ReplaceElementInMonadOc" />
    </UnitTest>
    <UnitTest name="MoveElementInMonadOc" storage="v:\safetyprogram\safetyprogram.base.unittests\bin\debug\safetyprogram.base.unittests.dll" id="e8a9eb93-f989-312d-b315-2192089313b8">
      <Execution id="03b7e313-b928-406d-abe3-6ec35fa9a077" />
      <TestMethod codeBase="V:/SafetyProgram/SafetyProgram.Base.UnitTests/bin/Debug/SafetyProgram.Base.UnitTests.DLL" adapterTypeName="Microsoft.VisualStudio.TestTools.TestTypes.Unit.UnitTestAdapter, Microsoft.VisualStudio.QualityTools.Tips.UnitTest.Adapter, Version=10.0.0.0, Culture=neutral, PublicKeyToken=b03f5f7f11d50a3a" className="SafetyProgram.Base.UnitTests.MonadOcTests, SafetyProgram.Base.UnitTests, Version=1.0.0.0, Culture=neutral, PublicKeyToken=null" name="MoveElementInMonadOc" />
    </UnitTest>
    <UnitTest name="MoveElementInRaw" storage="v:\safetyprogram\safetyprogram.base.unittests\bin\debug\safetyprogram.base.unittests.dll" id="2a657b60-71a6-30eb-f3bc-7cba2389242f">
      <Execution id="5949818b-46d0-46c8-96ec-42e35f0bb01c" />
      <TestMethod codeBase="V:/SafetyProgram/SafetyProgram.Base.UnitTests/bin/Debug/SafetyProgram.Base.UnitTests.DLL" adapterTypeName="Microsoft.VisualStudio.TestTools.TestTypes.Unit.UnitTestAdapter, Microsoft.VisualStudio.QualityTools.Tips.UnitTest.Adapter, Version=10.0.0.0, Culture=neutral, PublicKeyToken=b03f5f7f11d50a3a" className="SafetyProgram.Base.UnitTests.MonadOcTests, SafetyProgram.Base.UnitTests, Version=1.0.0.0, Culture=neutral, PublicKeyToken=null" name="MoveElementInRaw" />
    </UnitTest>
    <UnitTest name="ResetMonadOc" storage="v:\safetyprogram\safetyprogram.base.unittests\bin\debug\safetyprogram.base.unittests.dll" id="007c1aa1-b761-2c4d-8605-4399e559290d">
      <Execution id="d14f36e4-a8cf-4a1b-a7f3-2587f3167164" />
      <TestMethod codeBase="V:/SafetyProgram/SafetyProgram.Base.UnitTests/bin/Debug/SafetyProgram.Base.UnitTests.DLL" adapterTypeName="Microsoft.VisualStudio.TestTools.TestTypes.Unit.UnitTestAdapter, Microsoft.VisualStudio.QualityTools.Tips.UnitTest.Adapter, Version=10.0.0.0, Culture=neutral, PublicKeyToken=b03f5f7f11d50a3a" className="SafetyProgram.Base.UnitTests.MonadOcTests, SafetyProgram.Base.UnitTests, Version=1.0.0.0, Culture=neutral, PublicKeyToken=null" name="ResetMonadOc" />
    </UnitTest>
    <UnitTest name="GetDefault" storage="v:\safetyprogram\safetyprogram.configuration.unittests\bin\debug\safetyprogram.configuration.unittests.dll" id="24636914-4c63-ae49-b36b-6098a21f7d5f">
      <Execution id="9553bc4f-0d37-41bd-8f23-b6494aebdb59" />
      <TestMethod codeBase="V:/SafetyProgram/SafetyProgram.Configuration.UnitTests/bin/Debug/SafetyProgram.Configuration.UnitTests.DLL" adapterTypeName="Microsoft.VisualStudio.TestTools.TestTypes.Unit.UnitTestAdapter, Microsoft.VisualStudio.QualityTools.Tips.UnitTest.Adapter, Version=10.0.0.0, Culture=neutral, PublicKeyToken=b03f5f7f11d50a3a" className="SafetyProgram.Configuration.UnitTests.LocalConfigurationFileTest, SafetyProgram.Configuration.UnitTests, Version=1.0.0.0, Culture=neutral, PublicKeyToken=null" name="GetDefault" />
    </UnitTest>
  </TestDefinitions>
  <TestLists>
    <TestList name="Results Not in a List" id="8c84fa94-04c1-424b-9868-57a2d4851a1d" />
    <TestList name="All Loaded Results" id="19431567-8539-422a-85d7-44ee4e166bda" />
  </TestLists>
  <TestEntries>
    <TestEntry testId="007c1aa1-b761-2c4d-8605-4399e559290d" executionId="d14f36e4-a8cf-4a1b-a7f3-2587f3167164" testListId="8c84fa94-04c1-424b-9868-57a2d4851a1d" />
    <TestEntry testId="24636914-4c63-ae49-b36b-6098a21f7d5f" executionId="9553bc4f-0d37-41bd-8f23-b6494aebdb59" testListId="8c84fa94-04c1-424b-9868-57a2d4851a1d" />
    <TestEntry testId="2a657b60-71a6-30eb-f3bc-7cba2389242f" executionId="5949818b-46d0-46c8-96ec-42e35f0bb01c" testListId="8c84fa94-04c1-424b-9868-57a2d4851a1d" />
    <TestEntry testId="42949265-b5a7-e6ed-f1af-c24e0fecf1df" executionId="0dfbbffb-ac03-44ca-9c38-f8e0bd447ca1" testListId="8c84fa94-04c1-424b-9868-57a2d4851a1d" />
    <TestEntry testId="79243f40-9064-2c12-a945-c712aa988c23" executionId="c5358da9-04b2-483a-83c0-6c58ef8ec86e" testListId="8c84fa94-04c1-424b-9868-57a2d4851a1d" />
    <TestEntry testId="84be8e79-4b66-4435-2e9b-e4b0e40d43cf" executionId="9df3f2dd-4d6c-4a2b-989c-90337214ad2c" testListId="8c84fa94-04c1-424b-9868-57a2d4851a1d" />
    <TestEntry testId="904e86b4-ed15-f85c-d58b-9d559be9f022" executionId="5704506a-3eed-4cfb-b548-51053763f588" testListId="8c84fa94-04c1-424b-9868-57a2d4851a1d" />
    <TestEntry testId="9754d8b9-de29-f3a6-5002-083b34607f53" executionId="2ccb651f-5210-442e-8c72-4959e3915780" testListId="8c84fa94-04c1-424b-9868-57a2d4851a1d" />
    <TestEntry testId="aafdef7b-6dfb-fef5-421a-a0ca5c7c5183" executionId="22c44ae9-156c-43ab-a3d3-203ad1484459" testListId="8c84fa94-04c1-424b-9868-57a2d4851a1d" />
    <TestEntry testId="b170f9ae-f729-e2c5-ecbe-7957fbf2b02d" executionId="8ea0165c-eff4-4d11-aa24-cbeb000332d1" testListId="8c84fa94-04c1-424b-9868-57a2d4851a1d" />
    <TestEntry testId="dbaba95a-1acc-504e-ef52-7e8dfe085000" executionId="e001b6ea-8eb5-47e2-9721-b45b3945f0dc" testListId="8c84fa94-04c1-424b-9868-57a2d4851a1d" />
    <TestEntry testId="e59546c4-1239-9190-80a1-074e4f6b5753" executionId="38d07025-c163-40da-905c-46745d2e7687" testListId="8c84fa94-04c1-424b-9868-57a2d4851a1d" />
    <TestEntry testId="e8a9eb93-f989-312d-b315-2192089313b8" executionId="03b7e313-b928-406d-abe3-6ec35fa9a077" testListId="8c84fa94-04c1-424b-9868-57a2d4851a1d" />
    <TestEntry testId="e9c01972-9bfd-b152-bff3-a1975c7ff12b" executionId="ee3ce4eb-a318-4e9e-b266-0ee0eb603052" testListId="8c84fa94-04c1-424b-9868-57a2d4851a1d" />
    <TestEntry testId="fddc7002-5216-7174-e3dc-a857f9c37231" executionId="b8726dea-b427-43c7-82d3-4cf5ffe97349" testListId="8c84fa94-04c1-424b-9868-57a2d4851a1d" />
  </TestEntries>
  <Results>
    <UnitTestResult executionId="d14f36e4-a8cf-4a1b-a7f3-2587f3167164" testId="007c1aa1-b761-2c4d-8605-4399e559290d" testName="ResetMonadOc" computerName="ADAMK117-PC" duration="00:00:00.0137885" startTime="2013-05-04T15:15:01.3224351+01:00" endTime="2013-05-04T15:15:01.5164462+01:00" testType="13cdc9d9-ddb5-4fa4-a97d-d965ccfc6d4b" outcome="Passed" testListId="8c84fa94-04c1-424b-9868-57a2d4851a1d" relativeResultsDirectory="d14f36e4-a8cf-4a1b-a7f3-2587f3167164">
    </UnitTestResult>
    <UnitTestResult executionId="9553bc4f-0d37-41bd-8f23-b6494aebdb59" testId="24636914-4c63-ae49-b36b-6098a21f7d5f" testName="GetDefault" computerName="ADAMK117-PC" duration="00:00:00.0189424" startTime="2013-05-04T15:15:01.5174462+01:00" endTime="2013-05-04T15:15:01.6604544+01:00" testType="13cdc9d9-ddb5-4fa4-a97d-d965ccfc6d4b" outcome="Passed" testListId="8c84fa94-04c1-424b-9868-57a2d4851a1d" relativeResultsDirectory="9553bc4f-0d37-41bd-8f23-b6494aebdb59">
    </UnitTestResult>
    <UnitTestResult executionId="5949818b-46d0-46c8-96ec-42e35f0bb01c" testId="2a657b60-71a6-30eb-f3bc-7cba2389242f" testName="MoveElementInRaw" computerName="ADAMK117-PC" duration="00:00:00.0005310" startTime="2013-05-04T15:15:01.6614545+01:00" endTime="2013-05-04T15:15:01.6654547+01:00" testType="13cdc9d9-ddb5-4fa4-a97d-d965ccfc6d4b" outcome="Passed" testListId="8c84fa94-04c1-424b-9868-57a2d4851a1d" relativeResultsDirectory="5949818b-46d0-46c8-96ec-42e35f0bb01c">
    </UnitTestResult>
    <UnitTestResult executionId="0dfbbffb-ac03-44ca-9c38-f8e0bd447ca1" testId="42949265-b5a7-e6ed-f1af-c24e0fecf1df" testName="RemoveElementFromMonadOc" computerName="ADAMK117-PC" duration="00:00:00.0005746" startTime="2013-05-04T15:15:01.6674548+01:00" endTime="2013-05-04T15:15:01.6704550+01:00" testType="13cdc9d9-ddb5-4fa4-a97d-d965ccfc6d4b" outcome="Passed" testListId="8c84fa94-04c1-424b-9868-57a2d4851a1d" relativeResultsDirectory="0dfbbffb-ac03-44ca-9c38-f8e0bd447ca1">
    </UnitTestResult>
    <UnitTestResult executionId="c5358da9-04b2-483a-83c0-6c58ef8ec86e" testId="79243f40-9064-2c12-a945-c712aa988c23" testName="RemoveElementFromRaw" computerName="ADAMK117-PC" duration="00:00:00.0005413" startTime="2013-05-04T15:15:01.6714551+01:00" endTime="2013-05-04T15:15:01.6754553+01:00" testType="13cdc9d9-ddb5-4fa4-a97d-d965ccfc6d4b" outcome="Passed" testListId="8c84fa94-04c1-424b-9868-57a2d4851a1d" relativeResultsDirectory="c5358da9-04b2-483a-83c0-6c58ef8ec86e">
    </UnitTestResult>
    <UnitTestResult executionId="9df3f2dd-4d6c-4a2b-989c-90337214ad2c" testId="84be8e79-4b66-4435-2e9b-e4b0e40d43cf" testName="InvalidPathTest" computerName="ADAMK117-PC" duration="00:00:00.0002520" startTime="2013-05-04T15:15:01.6764553+01:00" endTime="2013-05-04T15:15:01.6794555+01:00" testType="13cdc9d9-ddb5-4fa4-a97d-d965ccfc6d4b" outcome="Passed" testListId="8c84fa94-04c1-424b-9868-57a2d4851a1d" relativeResultsDirectory="9df3f2dd-4d6c-4a2b-989c-90337214ad2c">
    </UnitTestResult>
    <UnitTestResult executionId="5704506a-3eed-4cfb-b548-51053763f588" testId="904e86b4-ed15-f85c-d58b-9d559be9f022" testName="InvalidDataTest" computerName="ADAMK117-PC" duration="00:00:00.0169794" startTime="2013-05-04T15:15:01.6814556+01:00" endTime="2013-05-04T15:15:01.7004567+01:00" testType="13cdc9d9-ddb5-4fa4-a97d-d965ccfc6d4b" outcome="Failed" testListId="8c84fa94-04c1-424b-9868-57a2d4851a1d" relativeResultsDirectory="5704506a-3eed-4cfb-b548-51053763f588">
      <Output>
        <ErrorInfo>
          <Message>Assert.Fail failed. Invalid data should produce a System.IO.InvalidDataException, this invalid data does not</Message>
          <StackTrace>   at SafetyProgram.Configuration.UnitTests.LocalConfigurationFileTest.InvalidDataTest() in V:\SafetyProgram\SafetyProgram.Configuration.UnitTests\LocalConfigurationFileTest.cs:line 72
</StackTrace>
        </ErrorInfo>
      </Output>
    </UnitTestResult>
    <UnitTestResult executionId="2ccb651f-5210-442e-8c72-4959e3915780" testId="9754d8b9-de29-f3a6-5002-083b34607f53" testName="LoadFileTest" computerName="ADAMK117-PC" duration="00:00:00.0015518" startTime="2013-05-04T15:15:01.7024568+01:00" endTime="2013-05-04T15:15:01.7064571+01:00" testType="13cdc9d9-ddb5-4fa4-a97d-d965ccfc6d4b" outcome="Passed" testListId="8c84fa94-04c1-424b-9868-57a2d4851a1d" relativeResultsDirectory="2ccb651f-5210-442e-8c72-4959e3915780">
    </UnitTestResult>
    <UnitTestResult executionId="22c44ae9-156c-43ab-a3d3-203ad1484459" testId="aafdef7b-6dfb-fef5-421a-a0ca5c7c5183" testName="ReplaceElementInMonadOc" computerName="ADAMK117-PC" duration="00:00:00.0005932" startTime="2013-05-04T15:15:01.7084572+01:00" endTime="2013-05-04T15:15:01.7114573+01:00" testType="13cdc9d9-ddb5-4fa4-a97d-d965ccfc6d4b" outcome="Passed" testListId="8c84fa94-04c1-424b-9868-57a2d4851a1d" relativeResultsDirectory="22c44ae9-156c-43ab-a3d3-203ad1484459">
    </UnitTestResult>
    <UnitTestResult executionId="8ea0165c-eff4-4d11-aa24-cbeb000332d1" testId="b170f9ae-f729-e2c5-ecbe-7957fbf2b02d" testName="ReplaceElementInRaw" computerName="ADAMK117-PC" duration="00:00:00.0002360" startTime="2013-05-04T15:15:01.7134575+01:00" endTime="2013-05-04T15:15:01.7154576+01:00" testType="13cdc9d9-ddb5-4fa4-a97d-d965ccfc6d4b" outcome="Passed" testListId="8c84fa94-04c1-424b-9868-57a2d4851a1d" relativeResultsDirectory="8ea0165c-eff4-4d11-aa24-cbeb000332d1">
    </UnitTestResult>
    <UnitTestResult executionId="e001b6ea-8eb5-47e2-9721-b45b3945f0dc" testId="dbaba95a-1acc-504e-ef52-7e8dfe085000" testName="AddElementToMonadOc" computerName="ADAMK117-PC" duration="00:00:00.0005127" startTime="2013-05-04T15:15:01.7174577+01:00" endTime="2013-05-04T15:15:01.7204579+01:00" testType="13cdc9d9-ddb5-4fa4-a97d-d965ccfc6d4b" outcome="Passed" testListId="8c84fa94-04c1-424b-9868-57a2d4851a1d" relativeResultsDirectory="e001b6ea-8eb5-47e2-9721-b45b3945f0dc">
    </UnitTestResult>
    <UnitTestResult executionId="38d07025-c163-40da-905c-46745d2e7687" testId="e59546c4-1239-9190-80a1-074e4f6b5753" testName="ResetRaw" computerName="ADAMK117-PC" duration="00:00:00.0005698" startTime="2013-05-04T15:15:01.7214579+01:00" endTime="2013-05-04T15:15:01.7254581+01:00" testType="13cdc9d9-ddb5-4fa4-a97d-d965ccfc6d4b" outcome="Passed" testListId="8c84fa94-04c1-424b-9868-57a2d4851a1d" relativeResultsDirectory="38d07025-c163-40da-905c-46745d2e7687">
    </UnitTestResult>
    <UnitTestResult executionId="03b7e313-b928-406d-abe3-6ec35fa9a077" testId="e8a9eb93-f989-312d-b315-2192089313b8" testName="MoveElementInMonadOc" computerName="ADAMK117-PC" duration="00:00:00.0002889" startTime="2013-05-04T15:15:01.7264582+01:00" endTime="2013-05-04T15:15:01.7294584+01:00" testType="13cdc9d9-ddb5-4fa4-a97d-d965ccfc6d4b" outcome="Passed" testListId="8c84fa94-04c1-424b-9868-57a2d4851a1d" relativeResultsDirectory="03b7e313-b928-406d-abe3-6ec35fa9a077">
    </UnitTestResult>
    <UnitTestResult executionId="ee3ce4eb-a318-4e9e-b266-0ee0eb603052" testId="e9c01972-9bfd-b152-bff3-a1975c7ff12b" testName="AddElementToRaw" computerName="ADAMK117-PC" duration="00:00:00.0005285" startTime="2013-05-04T15:15:01.7314585+01:00" endTime="2013-05-04T15:15:01.7344587+01:00" testType="13cdc9d9-ddb5-4fa4-a97d-d965ccfc6d4b" outcome="Passed" testListId="8c84fa94-04c1-424b-9868-57a2d4851a1d" relativeResultsDirectory="ee3ce4eb-a318-4e9e-b266-0ee0eb603052">
    </UnitTestResult>
    <UnitTestResult executionId="b8726dea-b427-43c7-82d3-4cf5ffe97349" testId="fddc7002-5216-7174-e3dc-a857f9c37231" testName="ConstructMonadOc" computerName="ADAMK117-PC" duration="00:00:00.0003078" startTime="2013-05-04T15:15:01.7354587+01:00" endTime="2013-05-04T15:15:01.7384589+01:00" testType="13cdc9d9-ddb5-4fa4-a97d-d965ccfc6d4b" outcome="Passed" testListId="8c84fa94-04c1-424b-9868-57a2d4851a1d" relativeResultsDirectory="b8726dea-b427-43c7-82d3-4cf5ffe97349">
    </UnitTestResult>
  </Results>
</TestRun>