<?xml version="1.0" encoding="UTF-8"?>
<TestRun id="5ed731a9-3aee-4540-8fc1-d5e7ec4e7853" name="AdamK117@ADAMK117-PC 2013-05-02 22:30:44" runUser="AdamK117-PC\AdamK117" xmlns="http://microsoft.com/schemas/VisualStudio/TeamTest/2010">
  <TestSettings name="Local" id="003826a5-a045-4c04-9e0a-eb37b7bf6aff">
    <Description>These are default test settings for a local test run.</Description>
    <Deployment enabled="false" runDeploymentRoot="AdamK117_ADAMK117-PC 2013-05-02 22_30_44">
      <DeploymentItem filename="V:\SafetyProgram\SafetyProgram.Static\bin\Debug\SafetyProgram.Static.dll" />
      <DeploymentItem filename="V:\SafetyProgram\SafetyProgram.ModelObjects\bin\Debug\SafetyProgram.ModelObjects.dll" />
      <DeploymentItem filename="V:\SafetyProgram\SafetyProgram.Configuration\bin\Debug\SafetyProgram.Configuration.dll" />
      <DeploymentItem filename="V:\SafetyProgram\SafetyProgram.Base\bin\Debug\SafetyProgram.Base.dll" />
    </Deployment>
    <Execution>
      <TestTypeSpecific />
      <AgentRule name="Execution Agents">
      </AgentRule>
    </Execution>
  </TestSettings>
  <Times creation="2013-05-02T22:30:44.7180805+01:00" queuing="2013-05-02T22:30:45.5556041+01:00" start="2013-05-02T22:30:45.5986065+01:00" finish="2013-05-02T22:31:16.9680741+01:00" />
  <ResultSummary outcome="Error">
    <Counters total="12" executed="5" passed="4" error="0" failed="0" timeout="0" aborted="1" inconclusive="0" passedButRunAborted="0" notRunnable="0" notExecuted="7" disconnected="0" warning="0" completed="0" inProgress="0" pending="0" />
    <RunInfos>
      <RunInfo computerName="ADAMK117-PC" outcome="Error" timestamp="2013-05-02T22:31:16.9668241+01:00">
        <Text>Test host process exited unexpectedly.</Text>
      </RunInfo>
    </RunInfos>
  </ResultSummary>
  <TestDefinitions>
    <UnitTest name="ResetMonadOc" storage="v:\safetyprogram\safetyprogram.base.unittests\bin\debug\safetyprogram.base.unittests.dll" id="007c1aa1-b761-2c4d-8605-4399e559290d">
      <Execution id="25d285bf-226a-4a9c-b496-c162d72bde00" />
      <TestMethod codeBase="V:/SafetyProgram/SafetyProgram.Base.UnitTests/bin/Debug/SafetyProgram.Base.UnitTests.DLL" adapterTypeName="Microsoft.VisualStudio.TestTools.TestTypes.Unit.UnitTestAdapter, Microsoft.VisualStudio.QualityTools.Tips.UnitTest.Adapter, Version=10.0.0.0, Culture=neutral, PublicKeyToken=b03f5f7f11d50a3a" className="SafetyProgram.Base.UnitTests.MonadOcTests, SafetyProgram.Base.UnitTests, Version=1.0.0.0, Culture=neutral, PublicKeyToken=null" name="ResetMonadOc" />
    </UnitTest>
    <UnitTest name="MoveElementInMonadOc" storage="v:\safetyprogram\safetyprogram.base.unittests\bin\debug\safetyprogram.base.unittests.dll" id="e8a9eb93-f989-312d-b315-2192089313b8">
      <Execution id="50cacdce-82d8-4073-82f1-dbfc72db259f" />
      <TestMethod codeBase="V:/SafetyProgram/SafetyProgram.Base.UnitTests/bin/Debug/SafetyProgram.Base.UnitTests.DLL" adapterTypeName="Microsoft.VisualStudio.TestTools.TestTypes.Unit.UnitTestAdapter, Microsoft.VisualStudio.QualityTools.Tips.UnitTest.Adapter, Version=10.0.0.0, Culture=neutral, PublicKeyToken=b03f5f7f11d50a3a" className="SafetyProgram.Base.UnitTests.MonadOcTests, SafetyProgram.Base.UnitTests, Version=1.0.0.0, Culture=neutral, PublicKeyToken=null" name="MoveElementInMonadOc" />
    </UnitTest>
    <UnitTest name="MoveElementInRaw" storage="v:\safetyprogram\safetyprogram.base.unittests\bin\debug\safetyprogram.base.unittests.dll" id="2a657b60-71a6-30eb-f3bc-7cba2389242f">
      <Execution id="5c509ac0-d02b-4fe2-bfea-34a46b26be4b" />
      <TestMethod codeBase="V:/SafetyProgram/SafetyProgram.Base.UnitTests/bin/Debug/SafetyProgram.Base.UnitTests.DLL" adapterTypeName="Microsoft.VisualStudio.TestTools.TestTypes.Unit.UnitTestAdapter, Microsoft.VisualStudio.QualityTools.Tips.UnitTest.Adapter, Version=10.0.0.0, Culture=neutral, PublicKeyToken=b03f5f7f11d50a3a" className="SafetyProgram.Base.UnitTests.MonadOcTests, SafetyProgram.Base.UnitTests, Version=1.0.0.0, Culture=neutral, PublicKeyToken=null" name="MoveElementInRaw" />
    </UnitTest>
    <UnitTest name="ReplaceElementInMonadOc" storage="v:\safetyprogram\safetyprogram.base.unittests\bin\debug\safetyprogram.base.unittests.dll" id="aafdef7b-6dfb-fef5-421a-a0ca5c7c5183">
      <Execution id="a8c30f49-110d-4053-b46e-404af28efee8" />
      <TestMethod codeBase="V:/SafetyProgram/SafetyProgram.Base.UnitTests/bin/Debug/SafetyProgram.Base.UnitTests.DLL" adapterTypeName="Microsoft.VisualStudio.TestTools.TestTypes.Unit.UnitTestAdapter, Microsoft.VisualStudio.QualityTools.Tips.UnitTest.Adapter, Version=10.0.0.0, Culture=neutral, PublicKeyToken=b03f5f7f11d50a3a" className="SafetyProgram.Base.UnitTests.MonadOcTests, SafetyProgram.Base.UnitTests, Version=1.0.0.0, Culture=neutral, PublicKeyToken=null" name="ReplaceElementInMonadOc" />
    </UnitTest>
    <UnitTest name="ReplaceElementInRaw" storage="v:\safetyprogram\safetyprogram.base.unittests\bin\debug\safetyprogram.base.unittests.dll" id="b170f9ae-f729-e2c5-ecbe-7957fbf2b02d">
      <Execution id="6ca6ff40-750b-4b38-bc9a-3d3029d1ecd8" />
      <TestMethod codeBase="V:/SafetyProgram/SafetyProgram.Base.UnitTests/bin/Debug/SafetyProgram.Base.UnitTests.DLL" adapterTypeName="Microsoft.VisualStudio.TestTools.TestTypes.Unit.UnitTestAdapter, Microsoft.VisualStudio.QualityTools.Tips.UnitTest.Adapter, Version=10.0.0.0, Culture=neutral, PublicKeyToken=b03f5f7f11d50a3a" className="SafetyProgram.Base.UnitTests.MonadOcTests, SafetyProgram.Base.UnitTests, Version=1.0.0.0, Culture=neutral, PublicKeyToken=null" name="ReplaceElementInRaw" />
    </UnitTest>
    <UnitTest name="AddElementToMonadOc" storage="v:\safetyprogram\safetyprogram.base.unittests\bin\debug\safetyprogram.base.unittests.dll" id="dbaba95a-1acc-504e-ef52-7e8dfe085000">
      <Execution id="0690f132-e61d-4ece-a0e7-b294112b995b" />
      <TestMethod codeBase="V:/SafetyProgram/SafetyProgram.Base.UnitTests/bin/Debug/SafetyProgram.Base.UnitTests.DLL" adapterTypeName="Microsoft.VisualStudio.TestTools.TestTypes.Unit.UnitTestAdapter, Microsoft.VisualStudio.QualityTools.Tips.UnitTest.Adapter, Version=10.0.0.0, Culture=neutral, PublicKeyToken=b03f5f7f11d50a3a" className="SafetyProgram.Base.UnitTests.MonadOcTests, SafetyProgram.Base.UnitTests, Version=1.0.0.0, Culture=neutral, PublicKeyToken=null" name="AddElementToMonadOc" />
    </UnitTest>
    <UnitTest name="ConstructMonadOc" storage="v:\safetyprogram\safetyprogram.base.unittests\bin\debug\safetyprogram.base.unittests.dll" id="fddc7002-5216-7174-e3dc-a857f9c37231">
      <Execution id="ec083a64-b35f-4a7f-9abf-8a4bee01832a" />
      <TestMethod codeBase="V:/SafetyProgram/SafetyProgram.Base.UnitTests/bin/Debug/SafetyProgram.Base.UnitTests.DLL" adapterTypeName="Microsoft.VisualStudio.TestTools.TestTypes.Unit.UnitTestAdapter, Microsoft.VisualStudio.QualityTools.Tips.UnitTest.Adapter, Version=10.0.0.0, Culture=neutral, PublicKeyToken=b03f5f7f11d50a3a" className="SafetyProgram.Base.UnitTests.MonadOcTests, SafetyProgram.Base.UnitTests, Version=1.0.0.0, Culture=neutral, PublicKeyToken=null" name="ConstructMonadOc" />
    </UnitTest>
    <UnitTest name="ResetRaw" storage="v:\safetyprogram\safetyprogram.base.unittests\bin\debug\safetyprogram.base.unittests.dll" id="e59546c4-1239-9190-80a1-074e4f6b5753">
      <Execution id="3af98323-c059-44b8-a0d0-23470370e23a" />
      <TestMethod codeBase="V:/SafetyProgram/SafetyProgram.Base.UnitTests/bin/Debug/SafetyProgram.Base.UnitTests.DLL" adapterTypeName="Microsoft.VisualStudio.TestTools.TestTypes.Unit.UnitTestAdapter, Microsoft.VisualStudio.QualityTools.Tips.UnitTest.Adapter, Version=10.0.0.0, Culture=neutral, PublicKeyToken=b03f5f7f11d50a3a" className="SafetyProgram.Base.UnitTests.MonadOcTests, SafetyProgram.Base.UnitTests, Version=1.0.0.0, Culture=neutral, PublicKeyToken=null" name="ResetRaw" />
    </UnitTest>
    <UnitTest name="RemoveElementFromRaw" storage="v:\safetyprogram\safetyprogram.base.unittests\bin\debug\safetyprogram.base.unittests.dll" id="79243f40-9064-2c12-a945-c712aa988c23">
      <Execution id="2611cfa0-1656-4f01-b306-b27a5cea921f" />
      <TestMethod codeBase="V:/SafetyProgram/SafetyProgram.Base.UnitTests/bin/Debug/SafetyProgram.Base.UnitTests.DLL" adapterTypeName="Microsoft.VisualStudio.TestTools.TestTypes.Unit.UnitTestAdapter, Microsoft.VisualStudio.QualityTools.Tips.UnitTest.Adapter, Version=10.0.0.0, Culture=neutral, PublicKeyToken=b03f5f7f11d50a3a" className="SafetyProgram.Base.UnitTests.MonadOcTests, SafetyProgram.Base.UnitTests, Version=1.0.0.0, Culture=neutral, PublicKeyToken=null" name="RemoveElementFromRaw" />
    </UnitTest>
    <UnitTest name="LoadFileTest" storage="v:\safetyprogram\safetyprogram.configuration.unittests\bin\debug\safetyprogram.configuration.unittests.dll" id="9754d8b9-de29-f3a6-5002-083b34607f53">
      <Execution id="696ad7bb-80a3-4285-b0e2-dda40026aec0" />
      <TestMethod codeBase="V:/SafetyProgram/SafetyProgram.Configuration.UnitTests/bin/Debug/SafetyProgram.Configuration.UnitTests.DLL" adapterTypeName="Microsoft.VisualStudio.TestTools.TestTypes.Unit.UnitTestAdapter, Microsoft.VisualStudio.QualityTools.Tips.UnitTest.Adapter, Version=10.0.0.0, Culture=neutral, PublicKeyToken=b03f5f7f11d50a3a" className="SafetyProgram.Configuration.UnitTests.LocalConfigurationFileTest, SafetyProgram.Configuration.UnitTests, Version=1.0.0.0, Culture=neutral, PublicKeyToken=null" name="LoadFileTest" />
    </UnitTest>
    <UnitTest name="RemoveElementFromMonadOc" storage="v:\safetyprogram\safetyprogram.base.unittests\bin\debug\safetyprogram.base.unittests.dll" id="42949265-b5a7-e6ed-f1af-c24e0fecf1df">
      <Execution id="f4d2674d-ee55-4267-9374-4a55e627a3c9" />
      <TestMethod codeBase="V:/SafetyProgram/SafetyProgram.Base.UnitTests/bin/Debug/SafetyProgram.Base.UnitTests.DLL" adapterTypeName="Microsoft.VisualStudio.TestTools.TestTypes.Unit.UnitTestAdapter, Microsoft.VisualStudio.QualityTools.Tips.UnitTest.Adapter, Version=10.0.0.0, Culture=neutral, PublicKeyToken=b03f5f7f11d50a3a" className="SafetyProgram.Base.UnitTests.MonadOcTests, SafetyProgram.Base.UnitTests, Version=1.0.0.0, Culture=neutral, PublicKeyToken=null" name="RemoveElementFromMonadOc" />
    </UnitTest>
    <UnitTest name="AddElementToRaw" storage="v:\safetyprogram\safetyprogram.base.unittests\bin\debug\safetyprogram.base.unittests.dll" id="e9c01972-9bfd-b152-bff3-a1975c7ff12b">
      <Execution id="fd4303db-5fae-47f6-a9d5-ad0a1ac1cce9" />
      <TestMethod codeBase="V:/SafetyProgram/SafetyProgram.Base.UnitTests/bin/Debug/SafetyProgram.Base.UnitTests.DLL" adapterTypeName="Microsoft.VisualStudio.TestTools.TestTypes.Unit.UnitTestAdapter, Microsoft.VisualStudio.QualityTools.Tips.UnitTest.Adapter, Version=10.0.0.0, Culture=neutral, PublicKeyToken=b03f5f7f11d50a3a" className="SafetyProgram.Base.UnitTests.MonadOcTests, SafetyProgram.Base.UnitTests, Version=1.0.0.0, Culture=neutral, PublicKeyToken=null" name="AddElementToRaw" />
    </UnitTest>
  </TestDefinitions>
  <TestLists>
    <TestList name="Results Not in a List" id="8c84fa94-04c1-424b-9868-57a2d4851a1d" />
    <TestList name="All Loaded Results" id="19431567-8539-422a-85d7-44ee4e166bda" />
  </TestLists>
  <TestEntries>
    <TestEntry testId="007c1aa1-b761-2c4d-8605-4399e559290d" executionId="25d285bf-226a-4a9c-b496-c162d72bde00" testListId="8c84fa94-04c1-424b-9868-57a2d4851a1d" />
    <TestEntry testId="2a657b60-71a6-30eb-f3bc-7cba2389242f" executionId="5c509ac0-d02b-4fe2-bfea-34a46b26be4b" testListId="8c84fa94-04c1-424b-9868-57a2d4851a1d" />
    <TestEntry testId="42949265-b5a7-e6ed-f1af-c24e0fecf1df" executionId="f4d2674d-ee55-4267-9374-4a55e627a3c9" testListId="8c84fa94-04c1-424b-9868-57a2d4851a1d" />
    <TestEntry testId="79243f40-9064-2c12-a945-c712aa988c23" executionId="2611cfa0-1656-4f01-b306-b27a5cea921f" testListId="8c84fa94-04c1-424b-9868-57a2d4851a1d" />
    <TestEntry testId="9754d8b9-de29-f3a6-5002-083b34607f53" executionId="696ad7bb-80a3-4285-b0e2-dda40026aec0" testListId="8c84fa94-04c1-424b-9868-57a2d4851a1d" />
    <TestEntry testId="aafdef7b-6dfb-fef5-421a-a0ca5c7c5183" executionId="a8c30f49-110d-4053-b46e-404af28efee8" testListId="8c84fa94-04c1-424b-9868-57a2d4851a1d" />
    <TestEntry testId="b170f9ae-f729-e2c5-ecbe-7957fbf2b02d" executionId="6ca6ff40-750b-4b38-bc9a-3d3029d1ecd8" testListId="8c84fa94-04c1-424b-9868-57a2d4851a1d" />
    <TestEntry testId="dbaba95a-1acc-504e-ef52-7e8dfe085000" executionId="0690f132-e61d-4ece-a0e7-b294112b995b" testListId="8c84fa94-04c1-424b-9868-57a2d4851a1d" />
    <TestEntry testId="e59546c4-1239-9190-80a1-074e4f6b5753" executionId="3af98323-c059-44b8-a0d0-23470370e23a" testListId="8c84fa94-04c1-424b-9868-57a2d4851a1d" />
    <TestEntry testId="e8a9eb93-f989-312d-b315-2192089313b8" executionId="50cacdce-82d8-4073-82f1-dbfc72db259f" testListId="8c84fa94-04c1-424b-9868-57a2d4851a1d" />
    <TestEntry testId="e9c01972-9bfd-b152-bff3-a1975c7ff12b" executionId="fd4303db-5fae-47f6-a9d5-ad0a1ac1cce9" testListId="8c84fa94-04c1-424b-9868-57a2d4851a1d" />
    <TestEntry testId="fddc7002-5216-7174-e3dc-a857f9c37231" executionId="ec083a64-b35f-4a7f-9abf-8a4bee01832a" testListId="8c84fa94-04c1-424b-9868-57a2d4851a1d" />
  </TestEntries>
  <Results>
    <UnitTestResult executionId="25d285bf-226a-4a9c-b496-c162d72bde00" testId="007c1aa1-b761-2c4d-8605-4399e559290d" testName="ResetMonadOc" computerName="ADAMK117-PC" duration="00:00:00.0122268" startTime="2013-05-02T22:30:45.6236080+01:00" endTime="2013-05-02T22:30:46.1178818+01:00" testType="13cdc9d9-ddb5-4fa4-a97d-d965ccfc6d4b" outcome="Passed" testListId="8c84fa94-04c1-424b-9868-57a2d4851a1d" relativeResultsDirectory="25d285bf-226a-4a9c-b496-c162d72bde00">
    </UnitTestResult>
    <UnitTestResult executionId="5c509ac0-d02b-4fe2-bfea-34a46b26be4b" testId="2a657b60-71a6-30eb-f3bc-7cba2389242f" testName="MoveElementInRaw" computerName="ADAMK117-PC" duration="00:00:00.0006080" startTime="2013-05-02T22:30:46.1228821+01:00" endTime="2013-05-02T22:30:46.1298825+01:00" testType="13cdc9d9-ddb5-4fa4-a97d-d965ccfc6d4b" outcome="Passed" testListId="8c84fa94-04c1-424b-9868-57a2d4851a1d" relativeResultsDirectory="5c509ac0-d02b-4fe2-bfea-34a46b26be4b">
    </UnitTestResult>
    <UnitTestResult executionId="f4d2674d-ee55-4267-9374-4a55e627a3c9" testId="42949265-b5a7-e6ed-f1af-c24e0fecf1df" testName="RemoveElementFromMonadOc" computerName="ADAMK117-PC" duration="00:00:00.0006792" startTime="2013-05-02T22:30:46.1328827+01:00" endTime="2013-05-02T22:30:46.1388830+01:00" testType="13cdc9d9-ddb5-4fa4-a97d-d965ccfc6d4b" outcome="Passed" testListId="8c84fa94-04c1-424b-9868-57a2d4851a1d" relativeResultsDirectory="f4d2674d-ee55-4267-9374-4a55e627a3c9">
    </UnitTestResult>
    <UnitTestResult executionId="2611cfa0-1656-4f01-b306-b27a5cea921f" testId="79243f40-9064-2c12-a945-c712aa988c23" testName="RemoveElementFromRaw" computerName="ADAMK117-PC" duration="00:00:00.0006385" startTime="2013-05-02T22:30:46.1418832+01:00" endTime="2013-05-02T22:30:46.1488836+01:00" testType="13cdc9d9-ddb5-4fa4-a97d-d965ccfc6d4b" outcome="Passed" testListId="8c84fa94-04c1-424b-9868-57a2d4851a1d" relativeResultsDirectory="2611cfa0-1656-4f01-b306-b27a5cea921f">
    </UnitTestResult>
    <UnitTestResult executionId="696ad7bb-80a3-4285-b0e2-dda40026aec0" testId="9754d8b9-de29-f3a6-5002-083b34607f53" testName="LoadFileTest" computerName="ADAMK117-PC" duration="00:00:30.8171904" startTime="2013-05-02T22:30:46.1508837+01:00" endTime="2013-05-02T22:31:16.9680741+01:00" testType="13cdc9d9-ddb5-4fa4-a97d-d965ccfc6d4b" outcome="Aborted" testListId="8c84fa94-04c1-424b-9868-57a2d4851a1d" relativeResultsDirectory="696ad7bb-80a3-4285-b0e2-dda40026aec0">
    </UnitTestResult>
    <UnitTestResult executionId="a8c30f49-110d-4053-b46e-404af28efee8" testId="aafdef7b-6dfb-fef5-421a-a0ca5c7c5183" testName="ReplaceElementInMonadOc" computerName="ADAMK117-PC" testType="13cdc9d9-ddb5-4fa4-a97d-d965ccfc6d4b" outcome="NotExecuted" testListId="8c84fa94-04c1-424b-9868-57a2d4851a1d" relativeResultsDirectory="a8c30f49-110d-4053-b46e-404af28efee8">
    </UnitTestResult>
    <UnitTestResult executionId="6ca6ff40-750b-4b38-bc9a-3d3029d1ecd8" testId="b170f9ae-f729-e2c5-ecbe-7957fbf2b02d" testName="ReplaceElementInRaw" computerName="ADAMK117-PC" testType="13cdc9d9-ddb5-4fa4-a97d-d965ccfc6d4b" outcome="NotExecuted" testListId="8c84fa94-04c1-424b-9868-57a2d4851a1d" relativeResultsDirectory="6ca6ff40-750b-4b38-bc9a-3d3029d1ecd8">
    </UnitTestResult>
    <UnitTestResult executionId="0690f132-e61d-4ece-a0e7-b294112b995b" testId="dbaba95a-1acc-504e-ef52-7e8dfe085000" testName="AddElementToMonadOc" computerName="ADAMK117-PC" testType="13cdc9d9-ddb5-4fa4-a97d-d965ccfc6d4b" outcome="NotExecuted" testListId="8c84fa94-04c1-424b-9868-57a2d4851a1d" relativeResultsDirectory="0690f132-e61d-4ece-a0e7-b294112b995b">
    </UnitTestResult>
    <UnitTestResult executionId="3af98323-c059-44b8-a0d0-23470370e23a" testId="e59546c4-1239-9190-80a1-074e4f6b5753" testName="ResetRaw" computerName="ADAMK117-PC" testType="13cdc9d9-ddb5-4fa4-a97d-d965ccfc6d4b" outcome="NotExecuted" testListId="8c84fa94-04c1-424b-9868-57a2d4851a1d" relativeResultsDirectory="3af98323-c059-44b8-a0d0-23470370e23a">
    </UnitTestResult>
    <UnitTestResult executionId="50cacdce-82d8-4073-82f1-dbfc72db259f" testId="e8a9eb93-f989-312d-b315-2192089313b8" testName="MoveElementInMonadOc" computerName="ADAMK117-PC" testType="13cdc9d9-ddb5-4fa4-a97d-d965ccfc6d4b" outcome="NotExecuted" testListId="8c84fa94-04c1-424b-9868-57a2d4851a1d" relativeResultsDirectory="50cacdce-82d8-4073-82f1-dbfc72db259f">
    </UnitTestResult>
    <UnitTestResult executionId="fd4303db-5fae-47f6-a9d5-ad0a1ac1cce9" testId="e9c01972-9bfd-b152-bff3-a1975c7ff12b" testName="AddElementToRaw" computerName="ADAMK117-PC" testType="13cdc9d9-ddb5-4fa4-a97d-d965ccfc6d4b" outcome="NotExecuted" testListId="8c84fa94-04c1-424b-9868-57a2d4851a1d" relativeResultsDirectory="fd4303db-5fae-47f6-a9d5-ad0a1ac1cce9">
    </UnitTestResult>
    <UnitTestResult executionId="ec083a64-b35f-4a7f-9abf-8a4bee01832a" testId="fddc7002-5216-7174-e3dc-a857f9c37231" testName="ConstructMonadOc" computerName="ADAMK117-PC" testType="13cdc9d9-ddb5-4fa4-a97d-d965ccfc6d4b" outcome="NotExecuted" testListId="8c84fa94-04c1-424b-9868-57a2d4851a1d" relativeResultsDirectory="ec083a64-b35f-4a7f-9abf-8a4bee01832a">
    </UnitTestResult>
  </Results>
</TestRun>