<?xml version="1.0" encoding="UTF-8"?>
<TestRun id="00558574-647b-41ec-b8bf-441f3127f390" name="AdamK117@ADAMK117-PC 2013-04-28 14:27:06" runUser="AdamK117-PC\AdamK117" xmlns="http://microsoft.com/schemas/VisualStudio/TeamTest/2010">
  <TestSettings name="Local" id="003826a5-a045-4c04-9e0a-eb37b7bf6aff">
    <Description>These are default test settings for a local test run.</Description>
    <Deployment enabled="false" runDeploymentRoot="AdamK117_ADAMK117-PC 2013-04-28 14_27_06">
      <DeploymentItem filename="V:\SafetyProgram\SafetyProgram.ModelObjects\bin\Debug\SafetyProgram.ModelObjects.dll" />
      <DeploymentItem filename="V:\SafetyProgram\SafetyProgram.Base\bin\Debug\SafetyProgram.Base.dll" />
    </Deployment>
    <Execution>
      <TestTypeSpecific />
      <AgentRule name="Execution Agents">
      </AgentRule>
    </Execution>
  </TestSettings>
  <Times creation="2013-04-28T14:27:06.4533444+01:00" queuing="2013-04-28T14:27:06.4683452+01:00" start="2013-04-28T14:27:06.4723455+01:00" finish="2013-04-28T14:27:06.6693567+01:00" />
  <ResultSummary outcome="Failed">
    <Counters total="7" executed="7" error="0" failed="7" timeout="0" aborted="0" inconclusive="0" passedButRunAborted="0" notRunnable="0" notExecuted="0" disconnected="0" warning="0" passed="0" completed="0" inProgress="0" pending="0" />
  </ResultSummary>
  <TestDefinitions>
    <UnitTest name="ResetMonadOc" storage="v:\safetyprogram\safetyprogram.base.unittests\bin\debug\safetyprogram.base.unittests.dll" id="007c1aa1-b761-2c4d-8605-4399e559290d">
      <Execution id="309b5380-92e5-487b-99a9-e508cbf450bd" />
      <TestMethod codeBase="V:/SafetyProgram/SafetyProgram.Base.UnitTests/bin/Debug/SafetyProgram.Base.UnitTests.DLL" adapterTypeName="Microsoft.VisualStudio.TestTools.TestTypes.Unit.UnitTestAdapter, Microsoft.VisualStudio.QualityTools.Tips.UnitTest.Adapter, Version=10.0.0.0, Culture=neutral, PublicKeyToken=b03f5f7f11d50a3a" className="SafetyProgram.Base.UnitTests.MonadOcTests, SafetyProgram.Base.UnitTests, Version=1.0.0.0, Culture=neutral, PublicKeyToken=null" name="ResetMonadOc" />
    </UnitTest>
    <UnitTest name="MoveElementInMonadOc" storage="v:\safetyprogram\safetyprogram.base.unittests\bin\debug\safetyprogram.base.unittests.dll" id="e8a9eb93-f989-312d-b315-2192089313b8">
      <Execution id="817f3c4e-2287-4387-bb63-a784e655bb60" />
      <TestMethod codeBase="V:/SafetyProgram/SafetyProgram.Base.UnitTests/bin/Debug/SafetyProgram.Base.UnitTests.DLL" adapterTypeName="Microsoft.VisualStudio.TestTools.TestTypes.Unit.UnitTestAdapter, Microsoft.VisualStudio.QualityTools.Tips.UnitTest.Adapter, Version=10.0.0.0, Culture=neutral, PublicKeyToken=b03f5f7f11d50a3a" className="SafetyProgram.Base.UnitTests.MonadOcTests, SafetyProgram.Base.UnitTests, Version=1.0.0.0, Culture=neutral, PublicKeyToken=null" name="MoveElementInMonadOc" />
    </UnitTest>
    <UnitTest name="AddElementToMonadOc" storage="v:\safetyprogram\safetyprogram.base.unittests\bin\debug\safetyprogram.base.unittests.dll" id="dbaba95a-1acc-504e-ef52-7e8dfe085000">
      <Execution id="027a6a0f-d45b-42ea-afbb-f27c7456d87c" />
      <TestMethod codeBase="V:/SafetyProgram/SafetyProgram.Base.UnitTests/bin/Debug/SafetyProgram.Base.UnitTests.DLL" adapterTypeName="Microsoft.VisualStudio.TestTools.TestTypes.Unit.UnitTestAdapter, Microsoft.VisualStudio.QualityTools.Tips.UnitTest.Adapter, Version=10.0.0.0, Culture=neutral, PublicKeyToken=b03f5f7f11d50a3a" className="SafetyProgram.Base.UnitTests.MonadOcTests, SafetyProgram.Base.UnitTests, Version=1.0.0.0, Culture=neutral, PublicKeyToken=null" name="AddElementToMonadOc" />
    </UnitTest>
    <UnitTest name="ConstructMonadOc" storage="v:\safetyprogram\safetyprogram.base.unittests\bin\debug\safetyprogram.base.unittests.dll" id="fddc7002-5216-7174-e3dc-a857f9c37231">
      <Execution id="d6e687ee-9e16-4437-81fe-92c03162f7fa" />
      <TestMethod codeBase="V:/SafetyProgram/SafetyProgram.Base.UnitTests/bin/Debug/SafetyProgram.Base.UnitTests.DLL" adapterTypeName="Microsoft.VisualStudio.TestTools.TestTypes.Unit.UnitTestAdapter, Microsoft.VisualStudio.QualityTools.Tips.UnitTest.Adapter, Version=10.0.0.0, Culture=neutral, PublicKeyToken=b03f5f7f11d50a3a" className="SafetyProgram.Base.UnitTests.MonadOcTests, SafetyProgram.Base.UnitTests, Version=1.0.0.0, Culture=neutral, PublicKeyToken=null" name="ConstructMonadOc" />
    </UnitTest>
    <UnitTest name="ReplaceElementInMonadOc" storage="v:\safetyprogram\safetyprogram.base.unittests\bin\debug\safetyprogram.base.unittests.dll" id="aafdef7b-6dfb-fef5-421a-a0ca5c7c5183">
      <Execution id="0ae3e51e-8de8-484b-b909-5cc27d0452a1" />
      <TestMethod codeBase="V:/SafetyProgram/SafetyProgram.Base.UnitTests/bin/Debug/SafetyProgram.Base.UnitTests.DLL" adapterTypeName="Microsoft.VisualStudio.TestTools.TestTypes.Unit.UnitTestAdapter, Microsoft.VisualStudio.QualityTools.Tips.UnitTest.Adapter, Version=10.0.0.0, Culture=neutral, PublicKeyToken=b03f5f7f11d50a3a" className="SafetyProgram.Base.UnitTests.MonadOcTests, SafetyProgram.Base.UnitTests, Version=1.0.0.0, Culture=neutral, PublicKeyToken=null" name="ReplaceElementInMonadOc" />
    </UnitTest>
    <UnitTest name="RemoveElementFromMonadOc" storage="v:\safetyprogram\safetyprogram.base.unittests\bin\debug\safetyprogram.base.unittests.dll" id="42949265-b5a7-e6ed-f1af-c24e0fecf1df">
      <Execution id="bed95bbc-c3a6-4ec8-a8b9-dd5763eb17f8" />
      <TestMethod codeBase="V:/SafetyProgram/SafetyProgram.Base.UnitTests/bin/Debug/SafetyProgram.Base.UnitTests.DLL" adapterTypeName="Microsoft.VisualStudio.TestTools.TestTypes.Unit.UnitTestAdapter, Microsoft.VisualStudio.QualityTools.Tips.UnitTest.Adapter, Version=10.0.0.0, Culture=neutral, PublicKeyToken=b03f5f7f11d50a3a" className="SafetyProgram.Base.UnitTests.MonadOcTests, SafetyProgram.Base.UnitTests, Version=1.0.0.0, Culture=neutral, PublicKeyToken=null" name="RemoveElementFromMonadOc" />
    </UnitTest>
    <UnitTest name="AddElementToRaw" storage="v:\safetyprogram\safetyprogram.base.unittests\bin\debug\safetyprogram.base.unittests.dll" id="e9c01972-9bfd-b152-bff3-a1975c7ff12b">
      <Execution id="afb28f1b-8d28-4045-b250-abfc1c37a7a9" />
      <TestMethod codeBase="V:/SafetyProgram/SafetyProgram.Base.UnitTests/bin/Debug/SafetyProgram.Base.UnitTests.DLL" adapterTypeName="Microsoft.VisualStudio.TestTools.TestTypes.Unit.UnitTestAdapter, Microsoft.VisualStudio.QualityTools.Tips.UnitTest.Adapter, Version=10.0.0.0, Culture=neutral, PublicKeyToken=b03f5f7f11d50a3a" className="SafetyProgram.Base.UnitTests.MonadOcTests, SafetyProgram.Base.UnitTests, Version=1.0.0.0, Culture=neutral, PublicKeyToken=null" name="AddElementToRaw" />
    </UnitTest>
  </TestDefinitions>
  <TestLists>
    <TestList name="Results Not in a List" id="8c84fa94-04c1-424b-9868-57a2d4851a1d" />
    <TestList name="All Loaded Results" id="19431567-8539-422a-85d7-44ee4e166bda" />
  </TestLists>
  <TestEntries>
    <TestEntry testId="007c1aa1-b761-2c4d-8605-4399e559290d" executionId="309b5380-92e5-487b-99a9-e508cbf450bd" testListId="8c84fa94-04c1-424b-9868-57a2d4851a1d" />
    <TestEntry testId="42949265-b5a7-e6ed-f1af-c24e0fecf1df" executionId="bed95bbc-c3a6-4ec8-a8b9-dd5763eb17f8" testListId="8c84fa94-04c1-424b-9868-57a2d4851a1d" />
    <TestEntry testId="aafdef7b-6dfb-fef5-421a-a0ca5c7c5183" executionId="0ae3e51e-8de8-484b-b909-5cc27d0452a1" testListId="8c84fa94-04c1-424b-9868-57a2d4851a1d" />
    <TestEntry testId="dbaba95a-1acc-504e-ef52-7e8dfe085000" executionId="027a6a0f-d45b-42ea-afbb-f27c7456d87c" testListId="8c84fa94-04c1-424b-9868-57a2d4851a1d" />
    <TestEntry testId="e8a9eb93-f989-312d-b315-2192089313b8" executionId="817f3c4e-2287-4387-bb63-a784e655bb60" testListId="8c84fa94-04c1-424b-9868-57a2d4851a1d" />
    <TestEntry testId="e9c01972-9bfd-b152-bff3-a1975c7ff12b" executionId="afb28f1b-8d28-4045-b250-abfc1c37a7a9" testListId="8c84fa94-04c1-424b-9868-57a2d4851a1d" />
    <TestEntry testId="fddc7002-5216-7174-e3dc-a857f9c37231" executionId="d6e687ee-9e16-4437-81fe-92c03162f7fa" testListId="8c84fa94-04c1-424b-9868-57a2d4851a1d" />
  </TestEntries>
  <Results>
    <UnitTestResult executionId="309b5380-92e5-487b-99a9-e508cbf450bd" testId="007c1aa1-b761-2c4d-8605-4399e559290d" testName="ResetMonadOc" computerName="ADAMK117-PC" duration="00:00:00.0274424" startTime="2013-04-28T14:27:06.4743456+01:00" endTime="2013-04-28T14:27:06.6273543+01:00" testType="13cdc9d9-ddb5-4fa4-a97d-d965ccfc6d4b" outcome="Failed" testListId="8c84fa94-04c1-424b-9868-57a2d4851a1d" relativeResultsDirectory="309b5380-92e5-487b-99a9-e508cbf450bd">
      <Output>
        <ErrorInfo>
          <Message>Test method SafetyProgram.Base.UnitTests.MonadOcTests.ResetMonadOc threw exception: 
System.InvalidOperationException: Collection was modified; enumeration operation may not execute.</Message>
          <StackTrace>    at System.ThrowHelper.ThrowInvalidOperationException(ExceptionResource resource)
   at System.Collections.Generic.List`1.Enumerator.MoveNextRare()
   at System.Collections.Generic.List`1.Enumerator.MoveNext()
   at SafetyProgram.Base.MonadOc`2..ctor(ObservableCollection`1 rawData, Func`2 typeConstructor) in V:\SafetyProgram\SafetyProgram.Base\MonadOc.cs:line 22
   at SafetyProgram.Base.UnitTests.MonadOcTests.getTestData(ObservableCollection`1 source) in V:\SafetyProgram\SafetyProgram.Base.UnitTests\UnitTest1.cs:line 15
   at SafetyProgram.Base.UnitTests.MonadOcTests.ResetMonadOc() in V:\SafetyProgram\SafetyProgram.Base.UnitTests\UnitTest1.cs:line 107
</StackTrace>
        </ErrorInfo>
      </Output>
    </UnitTestResult>
    <UnitTestResult executionId="bed95bbc-c3a6-4ec8-a8b9-dd5763eb17f8" testId="42949265-b5a7-e6ed-f1af-c24e0fecf1df" testName="RemoveElementFromMonadOc" computerName="ADAMK117-PC" duration="00:00:00.0012994" startTime="2013-04-28T14:27:06.6283544+01:00" endTime="2013-04-28T14:27:06.6323546+01:00" testType="13cdc9d9-ddb5-4fa4-a97d-d965ccfc6d4b" outcome="Failed" testListId="8c84fa94-04c1-424b-9868-57a2d4851a1d" relativeResultsDirectory="bed95bbc-c3a6-4ec8-a8b9-dd5763eb17f8">
      <Output>
        <ErrorInfo>
          <Message>Test method SafetyProgram.Base.UnitTests.MonadOcTests.RemoveElementFromMonadOc threw exception: 
System.InvalidOperationException: Collection was modified; enumeration operation may not execute.</Message>
          <StackTrace>    at System.ThrowHelper.ThrowInvalidOperationException(ExceptionResource resource)
   at System.Collections.Generic.List`1.Enumerator.MoveNextRare()
   at System.Collections.Generic.List`1.Enumerator.MoveNext()
   at SafetyProgram.Base.MonadOc`2..ctor(ObservableCollection`1 rawData, Func`2 typeConstructor) in V:\SafetyProgram\SafetyProgram.Base\MonadOc.cs:line 22
   at SafetyProgram.Base.UnitTests.MonadOcTests.getTestData(ObservableCollection`1 source) in V:\SafetyProgram\SafetyProgram.Base.UnitTests\UnitTest1.cs:line 15
   at SafetyProgram.Base.UnitTests.MonadOcTests.RemoveElementFromMonadOc() in V:\SafetyProgram\SafetyProgram.Base.UnitTests\UnitTest1.cs:line 81
</StackTrace>
        </ErrorInfo>
      </Output>
    </UnitTestResult>
    <UnitTestResult executionId="0ae3e51e-8de8-484b-b909-5cc27d0452a1" testId="aafdef7b-6dfb-fef5-421a-a0ca5c7c5183" testName="ReplaceElementInMonadOc" computerName="ADAMK117-PC" duration="00:00:00.0012385" startTime="2013-04-28T14:27:06.6343547+01:00" endTime="2013-04-28T14:27:06.6383550+01:00" testType="13cdc9d9-ddb5-4fa4-a97d-d965ccfc6d4b" outcome="Failed" testListId="8c84fa94-04c1-424b-9868-57a2d4851a1d" relativeResultsDirectory="0ae3e51e-8de8-484b-b909-5cc27d0452a1">
      <Output>
        <ErrorInfo>
          <Message>Test method SafetyProgram.Base.UnitTests.MonadOcTests.ReplaceElementInMonadOc threw exception: 
System.InvalidOperationException: Collection was modified; enumeration operation may not execute.</Message>
          <StackTrace>    at System.ThrowHelper.ThrowInvalidOperationException(ExceptionResource resource)
   at System.Collections.Generic.List`1.Enumerator.MoveNextRare()
   at System.Collections.Generic.List`1.Enumerator.MoveNext()
   at SafetyProgram.Base.MonadOc`2..ctor(ObservableCollection`1 rawData, Func`2 typeConstructor) in V:\SafetyProgram\SafetyProgram.Base\MonadOc.cs:line 22
   at SafetyProgram.Base.UnitTests.MonadOcTests.getTestData(ObservableCollection`1 source) in V:\SafetyProgram\SafetyProgram.Base.UnitTests\UnitTest1.cs:line 15
   at SafetyProgram.Base.UnitTests.MonadOcTests.ReplaceElementInMonadOc() in V:\SafetyProgram\SafetyProgram.Base.UnitTests\UnitTest1.cs:line 149
</StackTrace>
        </ErrorInfo>
      </Output>
    </UnitTestResult>
    <UnitTestResult executionId="027a6a0f-d45b-42ea-afbb-f27c7456d87c" testId="dbaba95a-1acc-504e-ef52-7e8dfe085000" testName="AddElementToMonadOc" computerName="ADAMK117-PC" duration="00:00:00.0013061" startTime="2013-04-28T14:27:06.6393550+01:00" endTime="2013-04-28T14:27:06.6433553+01:00" testType="13cdc9d9-ddb5-4fa4-a97d-d965ccfc6d4b" outcome="Failed" testListId="8c84fa94-04c1-424b-9868-57a2d4851a1d" relativeResultsDirectory="027a6a0f-d45b-42ea-afbb-f27c7456d87c">
      <Output>
        <ErrorInfo>
          <Message>Test method SafetyProgram.Base.UnitTests.MonadOcTests.AddElementToMonadOc threw exception: 
System.InvalidOperationException: Collection was modified; enumeration operation may not execute.</Message>
          <StackTrace>    at System.ThrowHelper.ThrowInvalidOperationException(ExceptionResource resource)
   at System.Collections.Generic.List`1.Enumerator.MoveNextRare()
   at System.Collections.Generic.List`1.Enumerator.MoveNext()
   at SafetyProgram.Base.MonadOc`2..ctor(ObservableCollection`1 rawData, Func`2 typeConstructor) in V:\SafetyProgram\SafetyProgram.Base\MonadOc.cs:line 22
   at SafetyProgram.Base.UnitTests.MonadOcTests.getTestData(ObservableCollection`1 source) in V:\SafetyProgram\SafetyProgram.Base.UnitTests\UnitTest1.cs:line 15
   at SafetyProgram.Base.UnitTests.MonadOcTests.AddElementToMonadOc() in V:\SafetyProgram\SafetyProgram.Base.UnitTests\UnitTest1.cs:line 53
</StackTrace>
        </ErrorInfo>
      </Output>
    </UnitTestResult>
    <UnitTestResult executionId="817f3c4e-2287-4387-bb63-a784e655bb60" testId="e8a9eb93-f989-312d-b315-2192089313b8" testName="MoveElementInMonadOc" computerName="ADAMK117-PC" duration="00:00:00.0012080" startTime="2013-04-28T14:27:06.6443553+01:00" endTime="2013-04-28T14:27:06.6483555+01:00" testType="13cdc9d9-ddb5-4fa4-a97d-d965ccfc6d4b" outcome="Failed" testListId="8c84fa94-04c1-424b-9868-57a2d4851a1d" relativeResultsDirectory="817f3c4e-2287-4387-bb63-a784e655bb60">
      <Output>
        <ErrorInfo>
          <Message>Test method SafetyProgram.Base.UnitTests.MonadOcTests.MoveElementInMonadOc threw exception: 
System.InvalidOperationException: Collection was modified; enumeration operation may not execute.</Message>
          <StackTrace>    at System.ThrowHelper.ThrowInvalidOperationException(ExceptionResource resource)
   at System.Collections.Generic.List`1.Enumerator.MoveNextRare()
   at System.Collections.Generic.List`1.Enumerator.MoveNext()
   at SafetyProgram.Base.MonadOc`2..ctor(ObservableCollection`1 rawData, Func`2 typeConstructor) in V:\SafetyProgram\SafetyProgram.Base\MonadOc.cs:line 22
   at SafetyProgram.Base.UnitTests.MonadOcTests.getTestData(ObservableCollection`1 source) in V:\SafetyProgram\SafetyProgram.Base.UnitTests\UnitTest1.cs:line 15
   at SafetyProgram.Base.UnitTests.MonadOcTests.MoveElementInMonadOc() in V:\SafetyProgram\SafetyProgram.Base.UnitTests\UnitTest1.cs:line 130
</StackTrace>
        </ErrorInfo>
      </Output>
    </UnitTestResult>
    <UnitTestResult executionId="afb28f1b-8d28-4045-b250-abfc1c37a7a9" testId="e9c01972-9bfd-b152-bff3-a1975c7ff12b" testName="AddElementToRaw" computerName="ADAMK117-PC" duration="00:00:00.0012362" startTime="2013-04-28T14:27:06.6503557+01:00" endTime="2013-04-28T14:27:06.6533558+01:00" testType="13cdc9d9-ddb5-4fa4-a97d-d965ccfc6d4b" outcome="Failed" testListId="8c84fa94-04c1-424b-9868-57a2d4851a1d" relativeResultsDirectory="afb28f1b-8d28-4045-b250-abfc1c37a7a9">
      <Output>
        <ErrorInfo>
          <Message>Test method SafetyProgram.Base.UnitTests.MonadOcTests.AddElementToRaw threw exception: 
System.InvalidOperationException: Collection was modified; enumeration operation may not execute.</Message>
          <StackTrace>    at System.ThrowHelper.ThrowInvalidOperationException(ExceptionResource resource)
   at System.Collections.Generic.List`1.Enumerator.MoveNextRare()
   at System.Collections.Generic.List`1.Enumerator.MoveNext()
   at SafetyProgram.Base.MonadOc`2..ctor(ObservableCollection`1 rawData, Func`2 typeConstructor) in V:\SafetyProgram\SafetyProgram.Base\MonadOc.cs:line 22
   at SafetyProgram.Base.UnitTests.MonadOcTests.getTestData(ObservableCollection`1 source) in V:\SafetyProgram\SafetyProgram.Base.UnitTests\UnitTest1.cs:line 15
   at SafetyProgram.Base.UnitTests.MonadOcTests.AddElementToRaw() in V:\SafetyProgram\SafetyProgram.Base.UnitTests\UnitTest1.cs:line 176
</StackTrace>
        </ErrorInfo>
      </Output>
    </UnitTestResult>
    <UnitTestResult executionId="d6e687ee-9e16-4437-81fe-92c03162f7fa" testId="fddc7002-5216-7174-e3dc-a857f9c37231" testName="ConstructMonadOc" computerName="ADAMK117-PC" duration="00:00:00.0013934" startTime="2013-04-28T14:27:06.6553559+01:00" endTime="2013-04-28T14:27:06.6593562+01:00" testType="13cdc9d9-ddb5-4fa4-a97d-d965ccfc6d4b" outcome="Failed" testListId="8c84fa94-04c1-424b-9868-57a2d4851a1d" relativeResultsDirectory="d6e687ee-9e16-4437-81fe-92c03162f7fa">
      <Output>
        <ErrorInfo>
          <Message>Test method SafetyProgram.Base.UnitTests.MonadOcTests.ConstructMonadOc threw exception: 
System.InvalidOperationException: Collection was modified; enumeration operation may not execute.</Message>
          <StackTrace>    at System.ThrowHelper.ThrowInvalidOperationException(ExceptionResource resource)
   at System.Collections.Generic.List`1.Enumerator.MoveNextRare()
   at System.Collections.Generic.List`1.Enumerator.MoveNext()
   at SafetyProgram.Base.MonadOc`2..ctor(ObservableCollection`1 rawData, Func`2 typeConstructor) in V:\SafetyProgram\SafetyProgram.Base\MonadOc.cs:line 22
   at SafetyProgram.Base.UnitTests.MonadOcTests.getTestData(ObservableCollection`1 source) in V:\SafetyProgram\SafetyProgram.Base.UnitTests\UnitTest1.cs:line 15
   at SafetyProgram.Base.UnitTests.MonadOcTests.ConstructMonadOc() in V:\SafetyProgram\SafetyProgram.Base.UnitTests\UnitTest1.cs:line 37
</StackTrace>
        </ErrorInfo>
      </Output>
    </UnitTestResult>
  </Results>
</TestRun>