<?xml version="1.0" encoding="UTF-8"?>
<TestRun id="364320f3-f68e-4f8d-90fc-57c7be1062ca" name="AdamK117@ADAMK117-PC 2013-04-18 19:42:43" runUser="AdamK117-PC\AdamK117" xmlns="http://microsoft.com/schemas/VisualStudio/TeamTest/2010">
  <TestSettings name="Local" id="003826a5-a045-4c04-9e0a-eb37b7bf6aff">
    <Description>These are default test settings for a local test run.</Description>
    <Deployment enabled="false" runDeploymentRoot="AdamK117_ADAMK117-PC 2013-04-18 19_42_43">
      <DeploymentItem filename="V:\SafetyProgram\SafetyProgram.Document\bin\Debug\SafetyProgram.Document.dll" />
      <DeploymentItem filename="V:\SafetyProgram\SafetyProgram.BaseClasses\bin\Debug\SafetyProgram.BaseClasses.dll" />
      <DeploymentItem filename="V:\SafetyProgram\Fluent.dll" />
      <DeploymentItem filename="V:\SafetyProgram\SafetyProgram\bin\Debug\SafetyProgram.exe" />
      <DeploymentItem filename="V:\SafetyProgram\Moq.4.0.10827\NET40\Moq.dll" />
      <DeploymentItem filename="V:\SafetyProgram\SafetyProgram.DocObjects\bin\Debug\SafetyProgram.DocObjects.dll" />
    </Deployment>
    <Execution>
      <TestTypeSpecific />
      <AgentRule name="Execution Agents">
      </AgentRule>
    </Execution>
  </TestSettings>
  <Times creation="2013-04-18T19:42:43.1198782+01:00" queuing="2013-04-18T19:42:44.3629493+01:00" start="2013-04-18T19:42:44.3689496+01:00" finish="2013-04-18T19:42:44.9892342+01:00" />
  <ResultSummary outcome="Failed">
    <Counters total="11" executed="11" passed="5" error="0" failed="6" timeout="0" aborted="0" inconclusive="0" passedButRunAborted="0" notRunnable="0" notExecuted="0" disconnected="0" warning="0" completed="0" inProgress="0" pending="0" />
    <RunInfos>
      <RunInfo computerName="ADAMK117-PC" outcome="Warning" timestamp="2013-04-18T19:42:44.3629493+01:00">
        <Text>Deployment is currently disabled. The deployment item 'SafetyProgram.exe' on test 'SafetyProgram.UnitTests.CoshhRibbonTest.documentChangedTest' was not deployed.</Text>
      </RunInfo>
    </RunInfos>
  </ResultSummary>
  <TestDefinitions>
    <UnitTest name="documentChangedTest" storage="v:\safetyprogram\safetyprogram.unittests\bin\debug\safetyprogram.unittests.dll" id="b5cfc279-d810-274e-b350-7b236383d2bf">
      <DeploymentItems>
        <DeploymentItem filename="SafetyProgram.exe" />
      </DeploymentItems>
      <Execution id="4893d860-7347-4107-81dd-be72f8d4814b" />
      <TestMethod codeBase="V:/SafetyProgram/SafetyProgram.UnitTests/bin/Debug/SafetyProgram.UnitTests.DLL" adapterTypeName="Microsoft.VisualStudio.TestTools.TestTypes.Unit.UnitTestAdapter, Microsoft.VisualStudio.QualityTools.Tips.UnitTest.Adapter, Version=10.0.0.0, Culture=neutral, PublicKeyToken=b03f5f7f11d50a3a" className="SafetyProgram.UnitTests.CoshhRibbonTest, SafetyProgram.UnitTests, Version=1.0.0.0, Culture=neutral, PublicKeyToken=null" name="documentChangedTest" />
    </UnitTest>
    <UnitTest name="WindowCommandsTest" storage="v:\safetyprogram\safetyprogram.unittests\bin\debug\safetyprogram.unittests.dll" id="2dc15571-cdfc-84e6-2adb-38c757828f4e">
      <Execution id="ec38b66d-1df5-45a5-863d-c2f55a3c3d43" />
      <TestMethod codeBase="V:/SafetyProgram/SafetyProgram.UnitTests/bin/Debug/SafetyProgram.UnitTests.DLL" adapterTypeName="Microsoft.VisualStudio.TestTools.TestTypes.Unit.UnitTestAdapter, Microsoft.VisualStudio.QualityTools.Tips.UnitTest.Adapter, Version=10.0.0.0, Culture=neutral, PublicKeyToken=b03f5f7f11d50a3a" className="SafetyProgram.UnitTests.CoshhRibbonTest, SafetyProgram.UnitTests, Version=1.0.0.0, Culture=neutral, PublicKeyToken=null" name="WindowCommandsTest" />
    </UnitTest>
    <UnitTest name="DocumentCommandsTest" storage="v:\safetyprogram\safetyprogram.unittests\bin\debug\safetyprogram.unittests.dll" id="b0ca187d-77c3-fd8a-5a3b-e484e100771e">
      <Execution id="90c849ce-06ca-4b0a-a658-3f8d51ed8edb" />
      <TestMethod codeBase="V:/SafetyProgram/SafetyProgram.UnitTests/bin/Debug/SafetyProgram.UnitTests.DLL" adapterTypeName="Microsoft.VisualStudio.TestTools.TestTypes.Unit.UnitTestAdapter, Microsoft.VisualStudio.QualityTools.Tips.UnitTest.Adapter, Version=10.0.0.0, Culture=neutral, PublicKeyToken=b03f5f7f11d50a3a" className="SafetyProgram.UnitTests.CoshhRibbonTest, SafetyProgram.UnitTests, Version=1.0.0.0, Culture=neutral, PublicKeyToken=null" name="DocumentCommandsTest" />
    </UnitTest>
    <UnitTest name="CoshhWindow_TestConstruction" storage="v:\safetyprogram\safetyprogram.unittests\bin\debug\safetyprogram.unittests.dll" id="5689a082-2bda-b771-35ad-7ad98384552d">
      <Execution id="379cc83b-a98c-43a4-8026-45b782187c9a" />
      <TestMethod codeBase="V:/SafetyProgram/SafetyProgram.UnitTests/bin/Debug/SafetyProgram.UnitTests.DLL" adapterTypeName="Microsoft.VisualStudio.TestTools.TestTypes.Unit.UnitTestAdapter, Microsoft.VisualStudio.QualityTools.Tips.UnitTest.Adapter, Version=10.0.0.0, Culture=neutral, PublicKeyToken=b03f5f7f11d50a3a" className="SafetyProgram.UnitTests.CoshhDocumentApiTests, SafetyProgram.UnitTests, Version=1.0.0.0, Culture=neutral, PublicKeyToken=null" name="CoshhWindow_TestConstruction" />
    </UnitTest>
    <UnitTest name="CoshhWindow_SetDocumentNull" storage="v:\safetyprogram\safetyprogram.unittests\bin\debug\safetyprogram.unittests.dll" id="056f6d2d-14aa-9904-d44f-b569b71765ec">
      <Execution id="78625696-bad5-4a92-99b0-be75b8ab49f7" />
      <TestMethod codeBase="V:/SafetyProgram/SafetyProgram.UnitTests/bin/Debug/SafetyProgram.UnitTests.DLL" adapterTypeName="Microsoft.VisualStudio.TestTools.TestTypes.Unit.UnitTestAdapter, Microsoft.VisualStudio.QualityTools.Tips.UnitTest.Adapter, Version=10.0.0.0, Culture=neutral, PublicKeyToken=b03f5f7f11d50a3a" className="SafetyProgram.UnitTests.CoshhDocumentApiTests, SafetyProgram.UnitTests, Version=1.0.0.0, Culture=neutral, PublicKeyToken=null" name="CoshhWindow_SetDocumentNull" />
    </UnitTest>
    <UnitTest name="CoshhWindow_SetServiceToNull" storage="v:\safetyprogram\safetyprogram.unittests\bin\debug\safetyprogram.unittests.dll" id="2c6b6b18-31bc-f724-aa79-7eb4ede324c1">
      <Execution id="10c3ffe1-4bac-43b2-944e-9fdc65a19992" />
      <TestMethod codeBase="V:/SafetyProgram/SafetyProgram.UnitTests/bin/Debug/SafetyProgram.UnitTests.DLL" adapterTypeName="Microsoft.VisualStudio.TestTools.TestTypes.Unit.UnitTestAdapter, Microsoft.VisualStudio.QualityTools.Tips.UnitTest.Adapter, Version=10.0.0.0, Culture=neutral, PublicKeyToken=b03f5f7f11d50a3a" className="SafetyProgram.UnitTests.CoshhDocumentApiTests, SafetyProgram.UnitTests, Version=1.0.0.0, Culture=neutral, PublicKeyToken=null" name="CoshhWindow_SetServiceToNull" />
    </UnitTest>
    <UnitTest name="CoshhRibbonConstructorTest" storage="v:\safetyprogram\safetyprogram.unittests\bin\debug\safetyprogram.unittests.dll" id="de7f3a6e-702d-2131-6c3c-0c58059b65b0">
      <Execution id="96ad5225-bacb-4d75-95ab-8493b1b9608c" />
      <TestMethod codeBase="V:/SafetyProgram/SafetyProgram.UnitTests/bin/Debug/SafetyProgram.UnitTests.DLL" adapterTypeName="Microsoft.VisualStudio.TestTools.TestTypes.Unit.UnitTestAdapter, Microsoft.VisualStudio.QualityTools.Tips.UnitTest.Adapter, Version=10.0.0.0, Culture=neutral, PublicKeyToken=b03f5f7f11d50a3a" className="SafetyProgram.UnitTests.CoshhRibbonTest, SafetyProgram.UnitTests, Version=1.0.0.0, Culture=neutral, PublicKeyToken=null" name="CoshhRibbonConstructorTest" />
    </UnitTest>
    <UnitTest name="ViewTest" storage="v:\safetyprogram\safetyprogram.unittests\bin\debug\safetyprogram.unittests.dll" id="d025d492-8365-fbb8-2bc2-5b20876b8619">
      <Execution id="bb99b248-be86-4a06-9c01-43ae97841297" />
      <TestMethod codeBase="V:/SafetyProgram/SafetyProgram.UnitTests/bin/Debug/SafetyProgram.UnitTests.DLL" adapterTypeName="Microsoft.VisualStudio.TestTools.TestTypes.Unit.UnitTestAdapter, Microsoft.VisualStudio.QualityTools.Tips.UnitTest.Adapter, Version=10.0.0.0, Culture=neutral, PublicKeyToken=b03f5f7f11d50a3a" className="SafetyProgram.UnitTests.CoshhRibbonTest, SafetyProgram.UnitTests, Version=1.0.0.0, Culture=neutral, PublicKeyToken=null" name="ViewTest" />
    </UnitTest>
    <UnitTest name="CoshhWindow_ChangeDocument" storage="v:\safetyprogram\safetyprogram.unittests\bin\debug\safetyprogram.unittests.dll" id="01136a85-a76c-626a-1c31-adabe0be87a0">
      <Execution id="365bbb78-50ae-4011-a7c1-d58ab92502b1" />
      <TestMethod codeBase="V:/SafetyProgram/SafetyProgram.UnitTests/bin/Debug/SafetyProgram.UnitTests.DLL" adapterTypeName="Microsoft.VisualStudio.TestTools.TestTypes.Unit.UnitTestAdapter, Microsoft.VisualStudio.QualityTools.Tips.UnitTest.Adapter, Version=10.0.0.0, Culture=neutral, PublicKeyToken=b03f5f7f11d50a3a" className="SafetyProgram.UnitTests.CoshhDocumentApiTests, SafetyProgram.UnitTests, Version=1.0.0.0, Culture=neutral, PublicKeyToken=null" name="CoshhWindow_ChangeDocument" />
    </UnitTest>
    <UnitTest name="RibbonVisibilityTest" storage="v:\safetyprogram\safetyprogram.unittests\bin\debug\safetyprogram.unittests.dll" id="a68867b2-b747-5e1c-a518-accc8a31d973">
      <Execution id="7b166075-e9d1-4dad-9417-24807a017922" />
      <TestMethod codeBase="V:/SafetyProgram/SafetyProgram.UnitTests/bin/Debug/SafetyProgram.UnitTests.DLL" adapterTypeName="Microsoft.VisualStudio.TestTools.TestTypes.Unit.UnitTestAdapter, Microsoft.VisualStudio.QualityTools.Tips.UnitTest.Adapter, Version=10.0.0.0, Culture=neutral, PublicKeyToken=b03f5f7f11d50a3a" className="SafetyProgram.UnitTests.CoshhRibbonTest, SafetyProgram.UnitTests, Version=1.0.0.0, Culture=neutral, PublicKeyToken=null" name="RibbonVisibilityTest" />
    </UnitTest>
    <UnitTest name="CoshhWindow_ChangeService" storage="v:\safetyprogram\safetyprogram.unittests\bin\debug\safetyprogram.unittests.dll" id="5d8f056a-4dd2-f5f6-ab85-d120b30931b5">
      <Execution id="9d0bbfb8-eb33-47cf-8dbd-265689a049f7" />
      <TestMethod codeBase="V:/SafetyProgram/SafetyProgram.UnitTests/bin/Debug/SafetyProgram.UnitTests.DLL" adapterTypeName="Microsoft.VisualStudio.TestTools.TestTypes.Unit.UnitTestAdapter, Microsoft.VisualStudio.QualityTools.Tips.UnitTest.Adapter, Version=10.0.0.0, Culture=neutral, PublicKeyToken=b03f5f7f11d50a3a" className="SafetyProgram.UnitTests.CoshhDocumentApiTests, SafetyProgram.UnitTests, Version=1.0.0.0, Culture=neutral, PublicKeyToken=null" name="CoshhWindow_ChangeService" />
    </UnitTest>
  </TestDefinitions>
  <TestLists>
    <TestList name="Results Not in a List" id="8c84fa94-04c1-424b-9868-57a2d4851a1d" />
    <TestList name="All Loaded Results" id="19431567-8539-422a-85d7-44ee4e166bda" />
  </TestLists>
  <TestEntries>
    <TestEntry testId="01136a85-a76c-626a-1c31-adabe0be87a0" executionId="365bbb78-50ae-4011-a7c1-d58ab92502b1" testListId="8c84fa94-04c1-424b-9868-57a2d4851a1d" />
    <TestEntry testId="056f6d2d-14aa-9904-d44f-b569b71765ec" executionId="78625696-bad5-4a92-99b0-be75b8ab49f7" testListId="8c84fa94-04c1-424b-9868-57a2d4851a1d" />
    <TestEntry testId="2c6b6b18-31bc-f724-aa79-7eb4ede324c1" executionId="10c3ffe1-4bac-43b2-944e-9fdc65a19992" testListId="8c84fa94-04c1-424b-9868-57a2d4851a1d" />
    <TestEntry testId="2dc15571-cdfc-84e6-2adb-38c757828f4e" executionId="ec38b66d-1df5-45a5-863d-c2f55a3c3d43" testListId="8c84fa94-04c1-424b-9868-57a2d4851a1d" />
    <TestEntry testId="5689a082-2bda-b771-35ad-7ad98384552d" executionId="379cc83b-a98c-43a4-8026-45b782187c9a" testListId="8c84fa94-04c1-424b-9868-57a2d4851a1d" />
    <TestEntry testId="5d8f056a-4dd2-f5f6-ab85-d120b30931b5" executionId="9d0bbfb8-eb33-47cf-8dbd-265689a049f7" testListId="8c84fa94-04c1-424b-9868-57a2d4851a1d" />
    <TestEntry testId="a68867b2-b747-5e1c-a518-accc8a31d973" executionId="7b166075-e9d1-4dad-9417-24807a017922" testListId="8c84fa94-04c1-424b-9868-57a2d4851a1d" />
    <TestEntry testId="b0ca187d-77c3-fd8a-5a3b-e484e100771e" executionId="90c849ce-06ca-4b0a-a658-3f8d51ed8edb" testListId="8c84fa94-04c1-424b-9868-57a2d4851a1d" />
    <TestEntry testId="b5cfc279-d810-274e-b350-7b236383d2bf" executionId="4893d860-7347-4107-81dd-be72f8d4814b" testListId="8c84fa94-04c1-424b-9868-57a2d4851a1d" />
    <TestEntry testId="d025d492-8365-fbb8-2bc2-5b20876b8619" executionId="bb99b248-be86-4a06-9c01-43ae97841297" testListId="8c84fa94-04c1-424b-9868-57a2d4851a1d" />
    <TestEntry testId="de7f3a6e-702d-2131-6c3c-0c58059b65b0" executionId="96ad5225-bacb-4d75-95ab-8493b1b9608c" testListId="8c84fa94-04c1-424b-9868-57a2d4851a1d" />
  </TestEntries>
  <Results>
    <UnitTestResult executionId="365bbb78-50ae-4011-a7c1-d58ab92502b1" testId="01136a85-a76c-626a-1c31-adabe0be87a0" testName="CoshhWindow_ChangeDocument" computerName="ADAMK117-PC" duration="00:00:00.2949119" startTime="2013-04-18T19:42:44.3709498+01:00" endTime="2013-04-18T19:42:44.7909738+01:00" testType="13cdc9d9-ddb5-4fa4-a97d-d965ccfc6d4b" outcome="Passed" testListId="8c84fa94-04c1-424b-9868-57a2d4851a1d" relativeResultsDirectory="365bbb78-50ae-4011-a7c1-d58ab92502b1">
    </UnitTestResult>
    <UnitTestResult executionId="78625696-bad5-4a92-99b0-be75b8ab49f7" testId="056f6d2d-14aa-9904-d44f-b569b71765ec" testName="CoshhWindow_SetDocumentNull" computerName="ADAMK117-PC" duration="00:00:00.0088236" startTime="2013-04-18T19:42:44.7919738+01:00" endTime="2013-04-18T19:42:44.8039745+01:00" testType="13cdc9d9-ddb5-4fa4-a97d-d965ccfc6d4b" outcome="Passed" testListId="8c84fa94-04c1-424b-9868-57a2d4851a1d" relativeResultsDirectory="78625696-bad5-4a92-99b0-be75b8ab49f7">
    </UnitTestResult>
    <UnitTestResult executionId="10c3ffe1-4bac-43b2-944e-9fdc65a19992" testId="2c6b6b18-31bc-f724-aa79-7eb4ede324c1" testName="CoshhWindow_SetServiceToNull" computerName="ADAMK117-PC" duration="00:00:00.0068542" startTime="2013-04-18T19:42:44.8059746+01:00" endTime="2013-04-18T19:42:44.8159752+01:00" testType="13cdc9d9-ddb5-4fa4-a97d-d965ccfc6d4b" outcome="Passed" testListId="8c84fa94-04c1-424b-9868-57a2d4851a1d" relativeResultsDirectory="10c3ffe1-4bac-43b2-944e-9fdc65a19992">
    </UnitTestResult>
    <UnitTestResult executionId="ec38b66d-1df5-45a5-863d-c2f55a3c3d43" testId="2dc15571-cdfc-84e6-2adb-38c757828f4e" testName="WindowCommandsTest" computerName="ADAMK117-PC" duration="00:00:00.0164330" startTime="2013-04-18T19:42:44.8169753+01:00" endTime="2013-04-18T19:42:44.8359764+01:00" testType="13cdc9d9-ddb5-4fa4-a97d-d965ccfc6d4b" outcome="Failed" testListId="8c84fa94-04c1-424b-9868-57a2d4851a1d" relativeResultsDirectory="ec38b66d-1df5-45a5-863d-c2f55a3c3d43">
      <Output>
        <ErrorInfo>
          <Message>Test method SafetyProgram.UnitTests.CoshhRibbonTest.WindowCommandsTest threw exception: 
System.NullReferenceException: Object reference not set to an instance of an object.</Message>
          <StackTrace>    at SafetyProgram.Ribbons.CoshhRibbon..ctor(CoshhWindow window) in V:\SafetyProgram\SafetyProgram\Ribbons\CoshhRibbon.cs:line 30
   at SafetyProgram.UnitTests.CoshhRibbonTest.WindowCommandsTest() in V:\SafetyProgram\SafetyProgram.UnitTests\CoshhRibbonTest.cs:line 156
</StackTrace>
        </ErrorInfo>
      </Output>
    </UnitTestResult>
    <UnitTestResult executionId="379cc83b-a98c-43a4-8026-45b782187c9a" testId="5689a082-2bda-b771-35ad-7ad98384552d" testName="CoshhWindow_TestConstruction" computerName="ADAMK117-PC" duration="00:00:00.0077903" startTime="2013-04-18T19:42:44.8379765+01:00" endTime="2013-04-18T19:42:44.8479770+01:00" testType="13cdc9d9-ddb5-4fa4-a97d-d965ccfc6d4b" outcome="Passed" testListId="8c84fa94-04c1-424b-9868-57a2d4851a1d" relativeResultsDirectory="379cc83b-a98c-43a4-8026-45b782187c9a">
    </UnitTestResult>
    <UnitTestResult executionId="9d0bbfb8-eb33-47cf-8dbd-265689a049f7" testId="5d8f056a-4dd2-f5f6-ab85-d120b30931b5" testName="CoshhWindow_ChangeService" computerName="ADAMK117-PC" duration="00:00:00.0089701" startTime="2013-04-18T19:42:44.8499772+01:00" endTime="2013-04-18T19:42:44.8619778+01:00" testType="13cdc9d9-ddb5-4fa4-a97d-d965ccfc6d4b" outcome="Passed" testListId="8c84fa94-04c1-424b-9868-57a2d4851a1d" relativeResultsDirectory="9d0bbfb8-eb33-47cf-8dbd-265689a049f7">
    </UnitTestResult>
    <UnitTestResult executionId="7b166075-e9d1-4dad-9417-24807a017922" testId="a68867b2-b747-5e1c-a518-accc8a31d973" testName="RibbonVisibilityTest" computerName="ADAMK117-PC" duration="00:00:00.0069420" startTime="2013-04-18T19:42:44.8629779+01:00" endTime="2013-04-18T19:42:44.8729785+01:00" testType="13cdc9d9-ddb5-4fa4-a97d-d965ccfc6d4b" outcome="Failed" testListId="8c84fa94-04c1-424b-9868-57a2d4851a1d" relativeResultsDirectory="7b166075-e9d1-4dad-9417-24807a017922">
      <Output>
        <ErrorInfo>
          <Message>Test method SafetyProgram.UnitTests.CoshhRibbonTest.RibbonVisibilityTest threw exception: 
System.NullReferenceException: Object reference not set to an instance of an object.</Message>
          <StackTrace>    at SafetyProgram.Ribbons.CoshhRibbon..ctor(CoshhWindow window) in V:\SafetyProgram\SafetyProgram\Ribbons\CoshhRibbon.cs:line 30
   at SafetyProgram.UnitTests.CoshhRibbonTest.RibbonVisibilityTest() in V:\SafetyProgram\SafetyProgram.UnitTests\CoshhRibbonTest.cs:line 130
</StackTrace>
        </ErrorInfo>
      </Output>
    </UnitTestResult>
    <UnitTestResult executionId="90c849ce-06ca-4b0a-a658-3f8d51ed8edb" testId="b0ca187d-77c3-fd8a-5a3b-e484e100771e" testName="DocumentCommandsTest" computerName="ADAMK117-PC" duration="00:00:00.0075007" startTime="2013-04-18T19:42:44.8749786+01:00" endTime="2013-04-18T19:42:44.8849792+01:00" testType="13cdc9d9-ddb5-4fa4-a97d-d965ccfc6d4b" outcome="Failed" testListId="8c84fa94-04c1-424b-9868-57a2d4851a1d" relativeResultsDirectory="90c849ce-06ca-4b0a-a658-3f8d51ed8edb">
      <Output>
        <ErrorInfo>
          <Message>Test method SafetyProgram.UnitTests.CoshhRibbonTest.DocumentCommandsTest threw exception: 
System.NullReferenceException: Object reference not set to an instance of an object.</Message>
          <StackTrace>    at SafetyProgram.Ribbons.CoshhRibbon..ctor(CoshhWindow window) in V:\SafetyProgram\SafetyProgram\Ribbons\CoshhRibbon.cs:line 30
   at SafetyProgram.UnitTests.CoshhRibbonTest.DocumentCommandsTest() in V:\SafetyProgram\SafetyProgram.UnitTests\CoshhRibbonTest.cs:line 117
</StackTrace>
        </ErrorInfo>
      </Output>
    </UnitTestResult>
    <UnitTestResult executionId="4893d860-7347-4107-81dd-be72f8d4814b" testId="b5cfc279-d810-274e-b350-7b236383d2bf" testName="documentChangedTest" computerName="ADAMK117-PC" duration="00:00:00.0038647" startTime="2013-04-18T19:42:44.8869793+01:00" endTime="2013-04-18T19:42:44.8939797+01:00" testType="13cdc9d9-ddb5-4fa4-a97d-d965ccfc6d4b" outcome="Failed" testListId="8c84fa94-04c1-424b-9868-57a2d4851a1d" relativeResultsDirectory="4893d860-7347-4107-81dd-be72f8d4814b">
      <Output>
        <ErrorInfo>
          <Message>Test method SafetyProgram.UnitTests.CoshhRibbonTest.documentChangedTest threw exception: 
System.NullReferenceException: Object reference not set to an instance of an object.</Message>
          <StackTrace>   at SafetyProgram.Ribbons.CoshhRibbon_Accessor.documentChanged(CoshhDocument document)
   at SafetyProgram.UnitTests.CoshhRibbonTest.documentChangedTest() in V:\SafetyProgram\SafetyProgram.UnitTests\CoshhRibbonTest.cs:line 106
</StackTrace>
        </ErrorInfo>
      </Output>
    </UnitTestResult>
    <UnitTestResult executionId="bb99b248-be86-4a06-9c01-43ae97841297" testId="d025d492-8365-fbb8-2bc2-5b20876b8619" testName="ViewTest" computerName="ADAMK117-PC" duration="00:00:00.0074734" startTime="2013-04-18T19:42:44.8949797+01:00" endTime="2013-04-18T19:42:44.9049803+01:00" testType="13cdc9d9-ddb5-4fa4-a97d-d965ccfc6d4b" outcome="Failed" testListId="8c84fa94-04c1-424b-9868-57a2d4851a1d" relativeResultsDirectory="bb99b248-be86-4a06-9c01-43ae97841297">
      <Output>
        <ErrorInfo>
          <Message>Test method SafetyProgram.UnitTests.CoshhRibbonTest.ViewTest threw exception: 
System.NullReferenceException: Object reference not set to an instance of an object.</Message>
          <StackTrace>    at SafetyProgram.Ribbons.CoshhRibbon..ctor(CoshhWindow window) in V:\SafetyProgram\SafetyProgram\Ribbons\CoshhRibbon.cs:line 30
   at SafetyProgram.UnitTests.CoshhRibbonTest.ViewTest() in V:\SafetyProgram\SafetyProgram.UnitTests\CoshhRibbonTest.cs:line 143
</StackTrace>
        </ErrorInfo>
      </Output>
    </UnitTestResult>
    <UnitTestResult executionId="96ad5225-bacb-4d75-95ab-8493b1b9608c" testId="de7f3a6e-702d-2131-6c3c-0c58059b65b0" testName="CoshhRibbonConstructorTest" computerName="ADAMK117-PC" duration="00:00:00.0170632" startTime="2013-04-18T19:42:44.9069804+01:00" endTime="2013-04-18T19:42:44.9269816+01:00" testType="13cdc9d9-ddb5-4fa4-a97d-d965ccfc6d4b" outcome="Failed" testListId="8c84fa94-04c1-424b-9868-57a2d4851a1d" relativeResultsDirectory="96ad5225-bacb-4d75-95ab-8493b1b9608c">
      <Output>
        <ErrorInfo>
          <Message>Test method SafetyProgram.UnitTests.CoshhRibbonTest.CoshhRibbonConstructorTest threw exception: 
System.NotSupportedException: Invalid setup on a non-virtual (overridable in VB) member: window =&gt; window.Commands</Message>
          <StackTrace>    at Moq.Mock.ThrowIfCantOverride(Expression setup, MethodInfo method)
   at Moq.Mock.&lt;&gt;c__DisplayClass1f`2.&lt;SetupGet&gt;b__1e()
   at Moq.PexProtector.Invoke[T](Func`1 function)
   at Moq.Mock.SetupGet[T,TProperty](Mock mock, Expression`1 expression, Func`1 condition)
   at Moq.Mock`1.SetupGet[TProperty](Expression`1 expression)
   at SafetyProgram.UnitTests.CoshhRibbonTest.CoshhRibbonConstructorTest() in V:\SafetyProgram\SafetyProgram.UnitTests\CoshhRibbonTest.cs:line 80
</StackTrace>
        </ErrorInfo>
      </Output>
    </UnitTestResult>
  </Results>
</TestRun>