<?xml version="1.0" encoding="UTF-8"?>
<TestRun id="31c58b2d-5c28-4b22-997f-ccdbd1e2c910" name="AdamK117@ADAMK117-PC 2013-04-28 14:27:57" runUser="AdamK117-PC\AdamK117" xmlns="http://microsoft.com/schemas/VisualStudio/TeamTest/2010">
  <TestSettings name="Local" id="003826a5-a045-4c04-9e0a-eb37b7bf6aff">
    <Description>These are default test settings for a local test run.</Description>
    <Deployment enabled="false" runDeploymentRoot="AdamK117_ADAMK117-PC 2013-04-28 14_27_57">
      <DeploymentItem filename="V:\SafetyProgram\SafetyProgram.ModelObjects\bin\Debug\SafetyProgram.ModelObjects.dll" />
      <DeploymentItem filename="V:\SafetyProgram\SafetyProgram.Base\bin\Debug\SafetyProgram.Base.dll" />
    </Deployment>
    <Execution>
      <TestTypeSpecific />
      <AgentRule name="Execution Agents">
      </AgentRule>
    </Execution>
  </TestSettings>
  <Times creation="2013-04-28T14:27:57.3902578+01:00" queuing="2013-04-28T14:27:57.4022585+01:00" start="2013-04-28T14:27:57.4062587+01:00" finish="2013-04-28T14:27:57.6002698+01:00" />
  <ResultSummary outcome="Failed">
    <Counters total="7" executed="7" error="0" failed="7" timeout="0" aborted="0" inconclusive="0" passedButRunAborted="0" notRunnable="0" notExecuted="0" disconnected="0" warning="0" passed="0" completed="0" inProgress="0" pending="0" />
  </ResultSummary>
  <TestDefinitions>
    <UnitTest name="ResetMonadOc" storage="v:\safetyprogram\safetyprogram.base.unittests\bin\debug\safetyprogram.base.unittests.dll" id="007c1aa1-b761-2c4d-8605-4399e559290d">
      <Execution id="327a9bcc-e77b-48d6-8776-cdc4e3849fa9" />
      <TestMethod codeBase="V:/SafetyProgram/SafetyProgram.Base.UnitTests/bin/Debug/SafetyProgram.Base.UnitTests.DLL" adapterTypeName="Microsoft.VisualStudio.TestTools.TestTypes.Unit.UnitTestAdapter, Microsoft.VisualStudio.QualityTools.Tips.UnitTest.Adapter, Version=10.0.0.0, Culture=neutral, PublicKeyToken=b03f5f7f11d50a3a" className="SafetyProgram.Base.UnitTests.MonadOcTests, SafetyProgram.Base.UnitTests, Version=1.0.0.0, Culture=neutral, PublicKeyToken=null" name="ResetMonadOc" />
    </UnitTest>
    <UnitTest name="MoveElementInMonadOc" storage="v:\safetyprogram\safetyprogram.base.unittests\bin\debug\safetyprogram.base.unittests.dll" id="e8a9eb93-f989-312d-b315-2192089313b8">
      <Execution id="5579ea61-aca6-4b20-bd67-b86b20809e8e" />
      <TestMethod codeBase="V:/SafetyProgram/SafetyProgram.Base.UnitTests/bin/Debug/SafetyProgram.Base.UnitTests.DLL" adapterTypeName="Microsoft.VisualStudio.TestTools.TestTypes.Unit.UnitTestAdapter, Microsoft.VisualStudio.QualityTools.Tips.UnitTest.Adapter, Version=10.0.0.0, Culture=neutral, PublicKeyToken=b03f5f7f11d50a3a" className="SafetyProgram.Base.UnitTests.MonadOcTests, SafetyProgram.Base.UnitTests, Version=1.0.0.0, Culture=neutral, PublicKeyToken=null" name="MoveElementInMonadOc" />
    </UnitTest>
    <UnitTest name="AddElementToMonadOc" storage="v:\safetyprogram\safetyprogram.base.unittests\bin\debug\safetyprogram.base.unittests.dll" id="dbaba95a-1acc-504e-ef52-7e8dfe085000">
      <Execution id="f9e588d6-9083-4cc9-8e0a-f7e095942323" />
      <TestMethod codeBase="V:/SafetyProgram/SafetyProgram.Base.UnitTests/bin/Debug/SafetyProgram.Base.UnitTests.DLL" adapterTypeName="Microsoft.VisualStudio.TestTools.TestTypes.Unit.UnitTestAdapter, Microsoft.VisualStudio.QualityTools.Tips.UnitTest.Adapter, Version=10.0.0.0, Culture=neutral, PublicKeyToken=b03f5f7f11d50a3a" className="SafetyProgram.Base.UnitTests.MonadOcTests, SafetyProgram.Base.UnitTests, Version=1.0.0.0, Culture=neutral, PublicKeyToken=null" name="AddElementToMonadOc" />
    </UnitTest>
    <UnitTest name="ConstructMonadOc" storage="v:\safetyprogram\safetyprogram.base.unittests\bin\debug\safetyprogram.base.unittests.dll" id="fddc7002-5216-7174-e3dc-a857f9c37231">
      <Execution id="c94557c6-7f02-461e-8b54-518dd6513c32" />
      <TestMethod codeBase="V:/SafetyProgram/SafetyProgram.Base.UnitTests/bin/Debug/SafetyProgram.Base.UnitTests.DLL" adapterTypeName="Microsoft.VisualStudio.TestTools.TestTypes.Unit.UnitTestAdapter, Microsoft.VisualStudio.QualityTools.Tips.UnitTest.Adapter, Version=10.0.0.0, Culture=neutral, PublicKeyToken=b03f5f7f11d50a3a" className="SafetyProgram.Base.UnitTests.MonadOcTests, SafetyProgram.Base.UnitTests, Version=1.0.0.0, Culture=neutral, PublicKeyToken=null" name="ConstructMonadOc" />
    </UnitTest>
    <UnitTest name="ReplaceElementInMonadOc" storage="v:\safetyprogram\safetyprogram.base.unittests\bin\debug\safetyprogram.base.unittests.dll" id="aafdef7b-6dfb-fef5-421a-a0ca5c7c5183">
      <Execution id="a008a1e2-82d0-43e3-b611-ef10b6e983e0" />
      <TestMethod codeBase="V:/SafetyProgram/SafetyProgram.Base.UnitTests/bin/Debug/SafetyProgram.Base.UnitTests.DLL" adapterTypeName="Microsoft.VisualStudio.TestTools.TestTypes.Unit.UnitTestAdapter, Microsoft.VisualStudio.QualityTools.Tips.UnitTest.Adapter, Version=10.0.0.0, Culture=neutral, PublicKeyToken=b03f5f7f11d50a3a" className="SafetyProgram.Base.UnitTests.MonadOcTests, SafetyProgram.Base.UnitTests, Version=1.0.0.0, Culture=neutral, PublicKeyToken=null" name="ReplaceElementInMonadOc" />
    </UnitTest>
    <UnitTest name="RemoveElementFromMonadOc" storage="v:\safetyprogram\safetyprogram.base.unittests\bin\debug\safetyprogram.base.unittests.dll" id="42949265-b5a7-e6ed-f1af-c24e0fecf1df">
      <Execution id="49bd35f8-afc9-459a-abb3-a258b583ccbc" />
      <TestMethod codeBase="V:/SafetyProgram/SafetyProgram.Base.UnitTests/bin/Debug/SafetyProgram.Base.UnitTests.DLL" adapterTypeName="Microsoft.VisualStudio.TestTools.TestTypes.Unit.UnitTestAdapter, Microsoft.VisualStudio.QualityTools.Tips.UnitTest.Adapter, Version=10.0.0.0, Culture=neutral, PublicKeyToken=b03f5f7f11d50a3a" className="SafetyProgram.Base.UnitTests.MonadOcTests, SafetyProgram.Base.UnitTests, Version=1.0.0.0, Culture=neutral, PublicKeyToken=null" name="RemoveElementFromMonadOc" />
    </UnitTest>
    <UnitTest name="AddElementToRaw" storage="v:\safetyprogram\safetyprogram.base.unittests\bin\debug\safetyprogram.base.unittests.dll" id="e9c01972-9bfd-b152-bff3-a1975c7ff12b">
      <Execution id="ad9d7f29-7959-456d-a87c-2e2e118b429b" />
      <TestMethod codeBase="V:/SafetyProgram/SafetyProgram.Base.UnitTests/bin/Debug/SafetyProgram.Base.UnitTests.DLL" adapterTypeName="Microsoft.VisualStudio.TestTools.TestTypes.Unit.UnitTestAdapter, Microsoft.VisualStudio.QualityTools.Tips.UnitTest.Adapter, Version=10.0.0.0, Culture=neutral, PublicKeyToken=b03f5f7f11d50a3a" className="SafetyProgram.Base.UnitTests.MonadOcTests, SafetyProgram.Base.UnitTests, Version=1.0.0.0, Culture=neutral, PublicKeyToken=null" name="AddElementToRaw" />
    </UnitTest>
  </TestDefinitions>
  <TestLists>
    <TestList name="Results Not in a List" id="8c84fa94-04c1-424b-9868-57a2d4851a1d" />
    <TestList name="All Loaded Results" id="19431567-8539-422a-85d7-44ee4e166bda" />
  </TestLists>
  <TestEntries>
    <TestEntry testId="007c1aa1-b761-2c4d-8605-4399e559290d" executionId="327a9bcc-e77b-48d6-8776-cdc4e3849fa9" testListId="8c84fa94-04c1-424b-9868-57a2d4851a1d" />
    <TestEntry testId="42949265-b5a7-e6ed-f1af-c24e0fecf1df" executionId="49bd35f8-afc9-459a-abb3-a258b583ccbc" testListId="8c84fa94-04c1-424b-9868-57a2d4851a1d" />
    <TestEntry testId="aafdef7b-6dfb-fef5-421a-a0ca5c7c5183" executionId="a008a1e2-82d0-43e3-b611-ef10b6e983e0" testListId="8c84fa94-04c1-424b-9868-57a2d4851a1d" />
    <TestEntry testId="dbaba95a-1acc-504e-ef52-7e8dfe085000" executionId="f9e588d6-9083-4cc9-8e0a-f7e095942323" testListId="8c84fa94-04c1-424b-9868-57a2d4851a1d" />
    <TestEntry testId="e8a9eb93-f989-312d-b315-2192089313b8" executionId="5579ea61-aca6-4b20-bd67-b86b20809e8e" testListId="8c84fa94-04c1-424b-9868-57a2d4851a1d" />
    <TestEntry testId="e9c01972-9bfd-b152-bff3-a1975c7ff12b" executionId="ad9d7f29-7959-456d-a87c-2e2e118b429b" testListId="8c84fa94-04c1-424b-9868-57a2d4851a1d" />
    <TestEntry testId="fddc7002-5216-7174-e3dc-a857f9c37231" executionId="c94557c6-7f02-461e-8b54-518dd6513c32" testListId="8c84fa94-04c1-424b-9868-57a2d4851a1d" />
  </TestEntries>
  <Results>
    <UnitTestResult executionId="327a9bcc-e77b-48d6-8776-cdc4e3849fa9" testId="007c1aa1-b761-2c4d-8605-4399e559290d" testName="ResetMonadOc" computerName="ADAMK117-PC" duration="00:00:00.0232808" startTime="2013-04-28T14:27:57.4092589+01:00" endTime="2013-04-28T14:27:57.5562673+01:00" testType="13cdc9d9-ddb5-4fa4-a97d-d965ccfc6d4b" outcome="Failed" testListId="8c84fa94-04c1-424b-9868-57a2d4851a1d" relativeResultsDirectory="327a9bcc-e77b-48d6-8776-cdc4e3849fa9">
      <Output>
        <ErrorInfo>
          <Message>Test method SafetyProgram.Base.UnitTests.MonadOcTests.ResetMonadOc threw exception: 
System.InvalidOperationException: Collection was modified; enumeration operation may not execute.</Message>
          <StackTrace>    at System.ThrowHelper.ThrowInvalidOperationException(ExceptionResource resource)
   at System.Collections.Generic.List`1.Enumerator.MoveNextRare()
   at System.Collections.Generic.List`1.Enumerator.MoveNext()
   at SafetyProgram.Base.MonadOc`2..ctor(ObservableCollection`1 rawData, Func`2 typeConstructor) in V:\SafetyProgram\SafetyProgram.Base\MonadOc.cs:line 22
   at SafetyProgram.Base.UnitTests.MonadOcTests.getTestData(ObservableCollection`1 source) in V:\SafetyProgram\SafetyProgram.Base.UnitTests\UnitTest1.cs:line 15
   at SafetyProgram.Base.UnitTests.MonadOcTests.ResetMonadOc() in V:\SafetyProgram\SafetyProgram.Base.UnitTests\UnitTest1.cs:line 107
</StackTrace>
        </ErrorInfo>
      </Output>
    </UnitTestResult>
    <UnitTestResult executionId="49bd35f8-afc9-459a-abb3-a258b583ccbc" testId="42949265-b5a7-e6ed-f1af-c24e0fecf1df" testName="RemoveElementFromMonadOc" computerName="ADAMK117-PC" duration="00:00:00.0012641" startTime="2013-04-28T14:27:57.5582674+01:00" endTime="2013-04-28T14:27:57.5622676+01:00" testType="13cdc9d9-ddb5-4fa4-a97d-d965ccfc6d4b" outcome="Failed" testListId="8c84fa94-04c1-424b-9868-57a2d4851a1d" relativeResultsDirectory="49bd35f8-afc9-459a-abb3-a258b583ccbc">
      <Output>
        <ErrorInfo>
          <Message>Test method SafetyProgram.Base.UnitTests.MonadOcTests.RemoveElementFromMonadOc threw exception: 
System.InvalidOperationException: Collection was modified; enumeration operation may not execute.</Message>
          <StackTrace>    at System.ThrowHelper.ThrowInvalidOperationException(ExceptionResource resource)
   at System.Collections.Generic.List`1.Enumerator.MoveNextRare()
   at System.Collections.Generic.List`1.Enumerator.MoveNext()
   at SafetyProgram.Base.MonadOc`2..ctor(ObservableCollection`1 rawData, Func`2 typeConstructor) in V:\SafetyProgram\SafetyProgram.Base\MonadOc.cs:line 22
   at SafetyProgram.Base.UnitTests.MonadOcTests.getTestData(ObservableCollection`1 source) in V:\SafetyProgram\SafetyProgram.Base.UnitTests\UnitTest1.cs:line 15
   at SafetyProgram.Base.UnitTests.MonadOcTests.RemoveElementFromMonadOc() in V:\SafetyProgram\SafetyProgram.Base.UnitTests\UnitTest1.cs:line 81
</StackTrace>
        </ErrorInfo>
      </Output>
    </UnitTestResult>
    <UnitTestResult executionId="a008a1e2-82d0-43e3-b611-ef10b6e983e0" testId="aafdef7b-6dfb-fef5-421a-a0ca5c7c5183" testName="ReplaceElementInMonadOc" computerName="ADAMK117-PC" duration="00:00:00.0012962" startTime="2013-04-28T14:27:57.5632677+01:00" endTime="2013-04-28T14:27:57.5672679+01:00" testType="13cdc9d9-ddb5-4fa4-a97d-d965ccfc6d4b" outcome="Failed" testListId="8c84fa94-04c1-424b-9868-57a2d4851a1d" relativeResultsDirectory="a008a1e2-82d0-43e3-b611-ef10b6e983e0">
      <Output>
        <ErrorInfo>
          <Message>Test method SafetyProgram.Base.UnitTests.MonadOcTests.ReplaceElementInMonadOc threw exception: 
System.InvalidOperationException: Collection was modified; enumeration operation may not execute.</Message>
          <StackTrace>    at System.ThrowHelper.ThrowInvalidOperationException(ExceptionResource resource)
   at System.Collections.Generic.List`1.Enumerator.MoveNextRare()
   at System.Collections.Generic.List`1.Enumerator.MoveNext()
   at SafetyProgram.Base.MonadOc`2..ctor(ObservableCollection`1 rawData, Func`2 typeConstructor) in V:\SafetyProgram\SafetyProgram.Base\MonadOc.cs:line 22
   at SafetyProgram.Base.UnitTests.MonadOcTests.getTestData(ObservableCollection`1 source) in V:\SafetyProgram\SafetyProgram.Base.UnitTests\UnitTest1.cs:line 15
   at SafetyProgram.Base.UnitTests.MonadOcTests.ReplaceElementInMonadOc() in V:\SafetyProgram\SafetyProgram.Base.UnitTests\UnitTest1.cs:line 149
</StackTrace>
        </ErrorInfo>
      </Output>
    </UnitTestResult>
    <UnitTestResult executionId="f9e588d6-9083-4cc9-8e0a-f7e095942323" testId="dbaba95a-1acc-504e-ef52-7e8dfe085000" testName="AddElementToMonadOc" computerName="ADAMK117-PC" duration="00:00:00.0013870" startTime="2013-04-28T14:27:57.5692680+01:00" endTime="2013-04-28T14:27:57.5732683+01:00" testType="13cdc9d9-ddb5-4fa4-a97d-d965ccfc6d4b" outcome="Failed" testListId="8c84fa94-04c1-424b-9868-57a2d4851a1d" relativeResultsDirectory="f9e588d6-9083-4cc9-8e0a-f7e095942323">
      <Output>
        <ErrorInfo>
          <Message>Test method SafetyProgram.Base.UnitTests.MonadOcTests.AddElementToMonadOc threw exception: 
System.InvalidOperationException: Collection was modified; enumeration operation may not execute.</Message>
          <StackTrace>    at System.ThrowHelper.ThrowInvalidOperationException(ExceptionResource resource)
   at System.Collections.Generic.List`1.Enumerator.MoveNextRare()
   at System.Collections.Generic.List`1.Enumerator.MoveNext()
   at SafetyProgram.Base.MonadOc`2..ctor(ObservableCollection`1 rawData, Func`2 typeConstructor) in V:\SafetyProgram\SafetyProgram.Base\MonadOc.cs:line 22
   at SafetyProgram.Base.UnitTests.MonadOcTests.getTestData(ObservableCollection`1 source) in V:\SafetyProgram\SafetyProgram.Base.UnitTests\UnitTest1.cs:line 15
   at SafetyProgram.Base.UnitTests.MonadOcTests.AddElementToMonadOc() in V:\SafetyProgram\SafetyProgram.Base.UnitTests\UnitTest1.cs:line 53
</StackTrace>
        </ErrorInfo>
      </Output>
    </UnitTestResult>
    <UnitTestResult executionId="5579ea61-aca6-4b20-bd67-b86b20809e8e" testId="e8a9eb93-f989-312d-b315-2192089313b8" testName="MoveElementInMonadOc" computerName="ADAMK117-PC" duration="00:00:00.0012122" startTime="2013-04-28T14:27:57.5752684+01:00" endTime="2013-04-28T14:27:57.5792686+01:00" testType="13cdc9d9-ddb5-4fa4-a97d-d965ccfc6d4b" outcome="Failed" testListId="8c84fa94-04c1-424b-9868-57a2d4851a1d" relativeResultsDirectory="5579ea61-aca6-4b20-bd67-b86b20809e8e">
      <Output>
        <ErrorInfo>
          <Message>Test method SafetyProgram.Base.UnitTests.MonadOcTests.MoveElementInMonadOc threw exception: 
System.InvalidOperationException: Collection was modified; enumeration operation may not execute.</Message>
          <StackTrace>    at System.ThrowHelper.ThrowInvalidOperationException(ExceptionResource resource)
   at System.Collections.Generic.List`1.Enumerator.MoveNextRare()
   at System.Collections.Generic.List`1.Enumerator.MoveNext()
   at SafetyProgram.Base.MonadOc`2..ctor(ObservableCollection`1 rawData, Func`2 typeConstructor) in V:\SafetyProgram\SafetyProgram.Base\MonadOc.cs:line 22
   at SafetyProgram.Base.UnitTests.MonadOcTests.getTestData(ObservableCollection`1 source) in V:\SafetyProgram\SafetyProgram.Base.UnitTests\UnitTest1.cs:line 15
   at SafetyProgram.Base.UnitTests.MonadOcTests.MoveElementInMonadOc() in V:\SafetyProgram\SafetyProgram.Base.UnitTests\UnitTest1.cs:line 130
</StackTrace>
        </ErrorInfo>
      </Output>
    </UnitTestResult>
    <UnitTestResult executionId="ad9d7f29-7959-456d-a87c-2e2e118b429b" testId="e9c01972-9bfd-b152-bff3-a1975c7ff12b" testName="AddElementToRaw" computerName="ADAMK117-PC" duration="00:00:00.0012696" startTime="2013-04-28T14:27:57.5802687+01:00" endTime="2013-04-28T14:27:57.5842689+01:00" testType="13cdc9d9-ddb5-4fa4-a97d-d965ccfc6d4b" outcome="Failed" testListId="8c84fa94-04c1-424b-9868-57a2d4851a1d" relativeResultsDirectory="ad9d7f29-7959-456d-a87c-2e2e118b429b">
      <Output>
        <ErrorInfo>
          <Message>Test method SafetyProgram.Base.UnitTests.MonadOcTests.AddElementToRaw threw exception: 
System.InvalidOperationException: Collection was modified; enumeration operation may not execute.</Message>
          <StackTrace>    at System.ThrowHelper.ThrowInvalidOperationException(ExceptionResource resource)
   at System.Collections.Generic.List`1.Enumerator.MoveNextRare()
   at System.Collections.Generic.List`1.Enumerator.MoveNext()
   at SafetyProgram.Base.MonadOc`2..ctor(ObservableCollection`1 rawData, Func`2 typeConstructor) in V:\SafetyProgram\SafetyProgram.Base\MonadOc.cs:line 22
   at SafetyProgram.Base.UnitTests.MonadOcTests.getTestData(ObservableCollection`1 source) in V:\SafetyProgram\SafetyProgram.Base.UnitTests\UnitTest1.cs:line 15
   at SafetyProgram.Base.UnitTests.MonadOcTests.AddElementToRaw() in V:\SafetyProgram\SafetyProgram.Base.UnitTests\UnitTest1.cs:line 176
</StackTrace>
        </ErrorInfo>
      </Output>
    </UnitTestResult>
    <UnitTestResult executionId="c94557c6-7f02-461e-8b54-518dd6513c32" testId="fddc7002-5216-7174-e3dc-a857f9c37231" testName="ConstructMonadOc" computerName="ADAMK117-PC" duration="00:00:00.0012154" startTime="2013-04-28T14:27:57.5852690+01:00" endTime="2013-04-28T14:27:57.5892692+01:00" testType="13cdc9d9-ddb5-4fa4-a97d-d965ccfc6d4b" outcome="Failed" testListId="8c84fa94-04c1-424b-9868-57a2d4851a1d" relativeResultsDirectory="c94557c6-7f02-461e-8b54-518dd6513c32">
      <Output>
        <ErrorInfo>
          <Message>Test method SafetyProgram.Base.UnitTests.MonadOcTests.ConstructMonadOc threw exception: 
System.InvalidOperationException: Collection was modified; enumeration operation may not execute.</Message>
          <StackTrace>    at System.ThrowHelper.ThrowInvalidOperationException(ExceptionResource resource)
   at System.Collections.Generic.List`1.Enumerator.MoveNextRare()
   at System.Collections.Generic.List`1.Enumerator.MoveNext()
   at SafetyProgram.Base.MonadOc`2..ctor(ObservableCollection`1 rawData, Func`2 typeConstructor) in V:\SafetyProgram\SafetyProgram.Base\MonadOc.cs:line 22
   at SafetyProgram.Base.UnitTests.MonadOcTests.getTestData(ObservableCollection`1 source) in V:\SafetyProgram\SafetyProgram.Base.UnitTests\UnitTest1.cs:line 15
   at SafetyProgram.Base.UnitTests.MonadOcTests.ConstructMonadOc() in V:\SafetyProgram\SafetyProgram.Base.UnitTests\UnitTest1.cs:line 37
</StackTrace>
        </ErrorInfo>
      </Output>
    </UnitTestResult>
  </Results>
</TestRun>