<?xml version="1.0" encoding="UTF-8"?>
<TestRun id="9b71a855-e6f4-4b2f-b7ae-494febb3bff7" name="AdamK117@ADAMK117-PC 2013-04-28 15:02:42" runUser="AdamK117-PC\AdamK117" xmlns="http://microsoft.com/schemas/VisualStudio/TeamTest/2010">
  <TestSettings name="Local" id="003826a5-a045-4c04-9e0a-eb37b7bf6aff">
    <Description>These are default test settings for a local test run.</Description>
    <Deployment enabled="false" runDeploymentRoot="AdamK117_ADAMK117-PC 2013-04-28 15_02_42">
      <DeploymentItem filename="V:\SafetyProgram\SafetyProgram.ModelObjects\bin\Debug\SafetyProgram.ModelObjects.dll" />
      <DeploymentItem filename="V:\SafetyProgram\SafetyProgram.Base\bin\Debug\SafetyProgram.Base.dll" />
    </Deployment>
    <Execution>
      <TestTypeSpecific />
      <AgentRule name="Execution Agents">
      </AgentRule>
    </Execution>
  </TestSettings>
  <Times creation="2013-04-28T15:02:42.9445447+01:00" queuing="2013-04-28T15:02:42.9625457+01:00" start="2013-04-28T15:02:42.9675460+01:00" finish="2013-04-28T15:02:43.1815582+01:00" />
  <ResultSummary outcome="Completed">
    <Counters total="11" executed="11" passed="11" error="0" failed="0" timeout="0" aborted="0" inconclusive="0" passedButRunAborted="0" notRunnable="0" notExecuted="0" disconnected="0" warning="0" completed="0" inProgress="0" pending="0" />
  </ResultSummary>
  <TestDefinitions>
    <UnitTest name="ResetMonadOc" storage="v:\safetyprogram\safetyprogram.base.unittests\bin\debug\safetyprogram.base.unittests.dll" id="007c1aa1-b761-2c4d-8605-4399e559290d">
      <Execution id="16f314e5-8103-4b3e-8c4e-8d731d84caba" />
      <TestMethod codeBase="V:/SafetyProgram/SafetyProgram.Base.UnitTests/bin/Debug/SafetyProgram.Base.UnitTests.DLL" adapterTypeName="Microsoft.VisualStudio.TestTools.TestTypes.Unit.UnitTestAdapter, Microsoft.VisualStudio.QualityTools.Tips.UnitTest.Adapter, Version=10.0.0.0, Culture=neutral, PublicKeyToken=b03f5f7f11d50a3a" className="SafetyProgram.Base.UnitTests.MonadOcTests, SafetyProgram.Base.UnitTests, Version=1.0.0.0, Culture=neutral, PublicKeyToken=null" name="ResetMonadOc" />
    </UnitTest>
    <UnitTest name="MoveElementInMonadOc" storage="v:\safetyprogram\safetyprogram.base.unittests\bin\debug\safetyprogram.base.unittests.dll" id="e8a9eb93-f989-312d-b315-2192089313b8">
      <Execution id="420b5656-c08b-4b53-9ee8-777ec1e85fec" />
      <TestMethod codeBase="V:/SafetyProgram/SafetyProgram.Base.UnitTests/bin/Debug/SafetyProgram.Base.UnitTests.DLL" adapterTypeName="Microsoft.VisualStudio.TestTools.TestTypes.Unit.UnitTestAdapter, Microsoft.VisualStudio.QualityTools.Tips.UnitTest.Adapter, Version=10.0.0.0, Culture=neutral, PublicKeyToken=b03f5f7f11d50a3a" className="SafetyProgram.Base.UnitTests.MonadOcTests, SafetyProgram.Base.UnitTests, Version=1.0.0.0, Culture=neutral, PublicKeyToken=null" name="MoveElementInMonadOc" />
    </UnitTest>
    <UnitTest name="MoveElementInRaw" storage="v:\safetyprogram\safetyprogram.base.unittests\bin\debug\safetyprogram.base.unittests.dll" id="2a657b60-71a6-30eb-f3bc-7cba2389242f">
      <Execution id="2b4d5071-0ef2-460d-aa6b-6d127b011ac5" />
      <TestMethod codeBase="V:/SafetyProgram/SafetyProgram.Base.UnitTests/bin/Debug/SafetyProgram.Base.UnitTests.DLL" adapterTypeName="Microsoft.VisualStudio.TestTools.TestTypes.Unit.UnitTestAdapter, Microsoft.VisualStudio.QualityTools.Tips.UnitTest.Adapter, Version=10.0.0.0, Culture=neutral, PublicKeyToken=b03f5f7f11d50a3a" className="SafetyProgram.Base.UnitTests.MonadOcTests, SafetyProgram.Base.UnitTests, Version=1.0.0.0, Culture=neutral, PublicKeyToken=null" name="MoveElementInRaw" />
    </UnitTest>
    <UnitTest name="ResetRaw" storage="v:\safetyprogram\safetyprogram.base.unittests\bin\debug\safetyprogram.base.unittests.dll" id="e59546c4-1239-9190-80a1-074e4f6b5753">
      <Execution id="38e3e4b9-e64f-4351-8a73-7af7118ae7d8" />
      <TestMethod codeBase="V:/SafetyProgram/SafetyProgram.Base.UnitTests/bin/Debug/SafetyProgram.Base.UnitTests.DLL" adapterTypeName="Microsoft.VisualStudio.TestTools.TestTypes.Unit.UnitTestAdapter, Microsoft.VisualStudio.QualityTools.Tips.UnitTest.Adapter, Version=10.0.0.0, Culture=neutral, PublicKeyToken=b03f5f7f11d50a3a" className="SafetyProgram.Base.UnitTests.MonadOcTests, SafetyProgram.Base.UnitTests, Version=1.0.0.0, Culture=neutral, PublicKeyToken=null" name="ResetRaw" />
    </UnitTest>
    <UnitTest name="ReplaceElementInRaw" storage="v:\safetyprogram\safetyprogram.base.unittests\bin\debug\safetyprogram.base.unittests.dll" id="b170f9ae-f729-e2c5-ecbe-7957fbf2b02d">
      <Execution id="655c98b9-9950-4e6b-971a-0c7ef69e4cd3" />
      <TestMethod codeBase="V:/SafetyProgram/SafetyProgram.Base.UnitTests/bin/Debug/SafetyProgram.Base.UnitTests.DLL" adapterTypeName="Microsoft.VisualStudio.TestTools.TestTypes.Unit.UnitTestAdapter, Microsoft.VisualStudio.QualityTools.Tips.UnitTest.Adapter, Version=10.0.0.0, Culture=neutral, PublicKeyToken=b03f5f7f11d50a3a" className="SafetyProgram.Base.UnitTests.MonadOcTests, SafetyProgram.Base.UnitTests, Version=1.0.0.0, Culture=neutral, PublicKeyToken=null" name="ReplaceElementInRaw" />
    </UnitTest>
    <UnitTest name="AddElementToMonadOc" storage="v:\safetyprogram\safetyprogram.base.unittests\bin\debug\safetyprogram.base.unittests.dll" id="dbaba95a-1acc-504e-ef52-7e8dfe085000">
      <Execution id="8d7d8a9d-75a9-46e3-b87d-a286a0a9fa73" />
      <TestMethod codeBase="V:/SafetyProgram/SafetyProgram.Base.UnitTests/bin/Debug/SafetyProgram.Base.UnitTests.DLL" adapterTypeName="Microsoft.VisualStudio.TestTools.TestTypes.Unit.UnitTestAdapter, Microsoft.VisualStudio.QualityTools.Tips.UnitTest.Adapter, Version=10.0.0.0, Culture=neutral, PublicKeyToken=b03f5f7f11d50a3a" className="SafetyProgram.Base.UnitTests.MonadOcTests, SafetyProgram.Base.UnitTests, Version=1.0.0.0, Culture=neutral, PublicKeyToken=null" name="AddElementToMonadOc" />
    </UnitTest>
    <UnitTest name="ConstructMonadOc" storage="v:\safetyprogram\safetyprogram.base.unittests\bin\debug\safetyprogram.base.unittests.dll" id="fddc7002-5216-7174-e3dc-a857f9c37231">
      <Execution id="123ea2b2-ba4d-4407-9266-81232c184ca8" />
      <TestMethod codeBase="V:/SafetyProgram/SafetyProgram.Base.UnitTests/bin/Debug/SafetyProgram.Base.UnitTests.DLL" adapterTypeName="Microsoft.VisualStudio.TestTools.TestTypes.Unit.UnitTestAdapter, Microsoft.VisualStudio.QualityTools.Tips.UnitTest.Adapter, Version=10.0.0.0, Culture=neutral, PublicKeyToken=b03f5f7f11d50a3a" className="SafetyProgram.Base.UnitTests.MonadOcTests, SafetyProgram.Base.UnitTests, Version=1.0.0.0, Culture=neutral, PublicKeyToken=null" name="ConstructMonadOc" />
    </UnitTest>
    <UnitTest name="RemoveElementFromRaw" storage="v:\safetyprogram\safetyprogram.base.unittests\bin\debug\safetyprogram.base.unittests.dll" id="79243f40-9064-2c12-a945-c712aa988c23">
      <Execution id="10c1a8bd-9b6b-41c3-a044-16abea3af34e" />
      <TestMethod codeBase="V:/SafetyProgram/SafetyProgram.Base.UnitTests/bin/Debug/SafetyProgram.Base.UnitTests.DLL" adapterTypeName="Microsoft.VisualStudio.TestTools.TestTypes.Unit.UnitTestAdapter, Microsoft.VisualStudio.QualityTools.Tips.UnitTest.Adapter, Version=10.0.0.0, Culture=neutral, PublicKeyToken=b03f5f7f11d50a3a" className="SafetyProgram.Base.UnitTests.MonadOcTests, SafetyProgram.Base.UnitTests, Version=1.0.0.0, Culture=neutral, PublicKeyToken=null" name="RemoveElementFromRaw" />
    </UnitTest>
    <UnitTest name="ReplaceElementInMonadOc" storage="v:\safetyprogram\safetyprogram.base.unittests\bin\debug\safetyprogram.base.unittests.dll" id="aafdef7b-6dfb-fef5-421a-a0ca5c7c5183">
      <Execution id="9e6b4ffb-847f-484a-9a05-2894ff8705e2" />
      <TestMethod codeBase="V:/SafetyProgram/SafetyProgram.Base.UnitTests/bin/Debug/SafetyProgram.Base.UnitTests.DLL" adapterTypeName="Microsoft.VisualStudio.TestTools.TestTypes.Unit.UnitTestAdapter, Microsoft.VisualStudio.QualityTools.Tips.UnitTest.Adapter, Version=10.0.0.0, Culture=neutral, PublicKeyToken=b03f5f7f11d50a3a" className="SafetyProgram.Base.UnitTests.MonadOcTests, SafetyProgram.Base.UnitTests, Version=1.0.0.0, Culture=neutral, PublicKeyToken=null" name="ReplaceElementInMonadOc" />
    </UnitTest>
    <UnitTest name="RemoveElementFromMonadOc" storage="v:\safetyprogram\safetyprogram.base.unittests\bin\debug\safetyprogram.base.unittests.dll" id="42949265-b5a7-e6ed-f1af-c24e0fecf1df">
      <Execution id="a9de9f6e-0f51-4f59-b2a8-5a8c54794b8d" />
      <TestMethod codeBase="V:/SafetyProgram/SafetyProgram.Base.UnitTests/bin/Debug/SafetyProgram.Base.UnitTests.DLL" adapterTypeName="Microsoft.VisualStudio.TestTools.TestTypes.Unit.UnitTestAdapter, Microsoft.VisualStudio.QualityTools.Tips.UnitTest.Adapter, Version=10.0.0.0, Culture=neutral, PublicKeyToken=b03f5f7f11d50a3a" className="SafetyProgram.Base.UnitTests.MonadOcTests, SafetyProgram.Base.UnitTests, Version=1.0.0.0, Culture=neutral, PublicKeyToken=null" name="RemoveElementFromMonadOc" />
    </UnitTest>
    <UnitTest name="AddElementToRaw" storage="v:\safetyprogram\safetyprogram.base.unittests\bin\debug\safetyprogram.base.unittests.dll" id="e9c01972-9bfd-b152-bff3-a1975c7ff12b">
      <Execution id="99cd25d8-6acc-44a8-804f-3ce0ab7b97f1" />
      <TestMethod codeBase="V:/SafetyProgram/SafetyProgram.Base.UnitTests/bin/Debug/SafetyProgram.Base.UnitTests.DLL" adapterTypeName="Microsoft.VisualStudio.TestTools.TestTypes.Unit.UnitTestAdapter, Microsoft.VisualStudio.QualityTools.Tips.UnitTest.Adapter, Version=10.0.0.0, Culture=neutral, PublicKeyToken=b03f5f7f11d50a3a" className="SafetyProgram.Base.UnitTests.MonadOcTests, SafetyProgram.Base.UnitTests, Version=1.0.0.0, Culture=neutral, PublicKeyToken=null" name="AddElementToRaw" />
    </UnitTest>
  </TestDefinitions>
  <TestLists>
    <TestList name="Results Not in a List" id="8c84fa94-04c1-424b-9868-57a2d4851a1d" />
    <TestList name="All Loaded Results" id="19431567-8539-422a-85d7-44ee4e166bda" />
  </TestLists>
  <TestEntries>
    <TestEntry testId="007c1aa1-b761-2c4d-8605-4399e559290d" executionId="16f314e5-8103-4b3e-8c4e-8d731d84caba" testListId="8c84fa94-04c1-424b-9868-57a2d4851a1d" />
    <TestEntry testId="2a657b60-71a6-30eb-f3bc-7cba2389242f" executionId="2b4d5071-0ef2-460d-aa6b-6d127b011ac5" testListId="8c84fa94-04c1-424b-9868-57a2d4851a1d" />
    <TestEntry testId="42949265-b5a7-e6ed-f1af-c24e0fecf1df" executionId="a9de9f6e-0f51-4f59-b2a8-5a8c54794b8d" testListId="8c84fa94-04c1-424b-9868-57a2d4851a1d" />
    <TestEntry testId="79243f40-9064-2c12-a945-c712aa988c23" executionId="10c1a8bd-9b6b-41c3-a044-16abea3af34e" testListId="8c84fa94-04c1-424b-9868-57a2d4851a1d" />
    <TestEntry testId="aafdef7b-6dfb-fef5-421a-a0ca5c7c5183" executionId="9e6b4ffb-847f-484a-9a05-2894ff8705e2" testListId="8c84fa94-04c1-424b-9868-57a2d4851a1d" />
    <TestEntry testId="b170f9ae-f729-e2c5-ecbe-7957fbf2b02d" executionId="655c98b9-9950-4e6b-971a-0c7ef69e4cd3" testListId="8c84fa94-04c1-424b-9868-57a2d4851a1d" />
    <TestEntry testId="dbaba95a-1acc-504e-ef52-7e8dfe085000" executionId="8d7d8a9d-75a9-46e3-b87d-a286a0a9fa73" testListId="8c84fa94-04c1-424b-9868-57a2d4851a1d" />
    <TestEntry testId="e59546c4-1239-9190-80a1-074e4f6b5753" executionId="38e3e4b9-e64f-4351-8a73-7af7118ae7d8" testListId="8c84fa94-04c1-424b-9868-57a2d4851a1d" />
    <TestEntry testId="e8a9eb93-f989-312d-b315-2192089313b8" executionId="420b5656-c08b-4b53-9ee8-777ec1e85fec" testListId="8c84fa94-04c1-424b-9868-57a2d4851a1d" />
    <TestEntry testId="e9c01972-9bfd-b152-bff3-a1975c7ff12b" executionId="99cd25d8-6acc-44a8-804f-3ce0ab7b97f1" testListId="8c84fa94-04c1-424b-9868-57a2d4851a1d" />
    <TestEntry testId="fddc7002-5216-7174-e3dc-a857f9c37231" executionId="123ea2b2-ba4d-4407-9266-81232c184ca8" testListId="8c84fa94-04c1-424b-9868-57a2d4851a1d" />
  </TestEntries>
  <Results>
    <UnitTestResult executionId="16f314e5-8103-4b3e-8c4e-8d731d84caba" testId="007c1aa1-b761-2c4d-8605-4399e559290d" testName="ResetMonadOc" computerName="ADAMK117-PC" duration="00:00:00.0124711" startTime="2013-04-28T15:02:42.9695461+01:00" endTime="2013-04-28T15:02:43.1045538+01:00" testType="13cdc9d9-ddb5-4fa4-a97d-d965ccfc6d4b" outcome="Passed" testListId="8c84fa94-04c1-424b-9868-57a2d4851a1d" relativeResultsDirectory="16f314e5-8103-4b3e-8c4e-8d731d84caba">
    </UnitTestResult>
    <UnitTestResult executionId="2b4d5071-0ef2-460d-aa6b-6d127b011ac5" testId="2a657b60-71a6-30eb-f3bc-7cba2389242f" testName="MoveElementInRaw" computerName="ADAMK117-PC" duration="00:00:00.0005230" startTime="2013-04-28T15:02:43.1065540+01:00" endTime="2013-04-28T15:02:43.1105542+01:00" testType="13cdc9d9-ddb5-4fa4-a97d-d965ccfc6d4b" outcome="Passed" testListId="8c84fa94-04c1-424b-9868-57a2d4851a1d" relativeResultsDirectory="2b4d5071-0ef2-460d-aa6b-6d127b011ac5">
    </UnitTestResult>
    <UnitTestResult executionId="a9de9f6e-0f51-4f59-b2a8-5a8c54794b8d" testId="42949265-b5a7-e6ed-f1af-c24e0fecf1df" testName="RemoveElementFromMonadOc" computerName="ADAMK117-PC" duration="00:00:00.0007244" startTime="2013-04-28T15:02:43.1115542+01:00" endTime="2013-04-28T15:02:43.1155545+01:00" testType="13cdc9d9-ddb5-4fa4-a97d-d965ccfc6d4b" outcome="Passed" testListId="8c84fa94-04c1-424b-9868-57a2d4851a1d" relativeResultsDirectory="a9de9f6e-0f51-4f59-b2a8-5a8c54794b8d">
    </UnitTestResult>
    <UnitTestResult executionId="10c1a8bd-9b6b-41c3-a044-16abea3af34e" testId="79243f40-9064-2c12-a945-c712aa988c23" testName="RemoveElementFromRaw" computerName="ADAMK117-PC" duration="00:00:00.0005923" startTime="2013-04-28T15:02:43.1175546+01:00" endTime="2013-04-28T15:02:43.1205548+01:00" testType="13cdc9d9-ddb5-4fa4-a97d-d965ccfc6d4b" outcome="Passed" testListId="8c84fa94-04c1-424b-9868-57a2d4851a1d" relativeResultsDirectory="10c1a8bd-9b6b-41c3-a044-16abea3af34e">
    </UnitTestResult>
    <UnitTestResult executionId="9e6b4ffb-847f-484a-9a05-2894ff8705e2" testId="aafdef7b-6dfb-fef5-421a-a0ca5c7c5183" testName="ReplaceElementInMonadOc" computerName="ADAMK117-PC" duration="00:00:00.0004945" startTime="2013-04-28T15:02:43.1225549+01:00" endTime="2013-04-28T15:02:43.1255550+01:00" testType="13cdc9d9-ddb5-4fa4-a97d-d965ccfc6d4b" outcome="Passed" testListId="8c84fa94-04c1-424b-9868-57a2d4851a1d" relativeResultsDirectory="9e6b4ffb-847f-484a-9a05-2894ff8705e2">
    </UnitTestResult>
    <UnitTestResult executionId="655c98b9-9950-4e6b-971a-0c7ef69e4cd3" testId="b170f9ae-f729-e2c5-ecbe-7957fbf2b02d" testName="ReplaceElementInRaw" computerName="ADAMK117-PC" duration="00:00:00.0002430" startTime="2013-04-28T15:02:43.1265551+01:00" endTime="2013-04-28T15:02:43.1295553+01:00" testType="13cdc9d9-ddb5-4fa4-a97d-d965ccfc6d4b" outcome="Passed" testListId="8c84fa94-04c1-424b-9868-57a2d4851a1d" relativeResultsDirectory="655c98b9-9950-4e6b-971a-0c7ef69e4cd3">
    </UnitTestResult>
    <UnitTestResult executionId="8d7d8a9d-75a9-46e3-b87d-a286a0a9fa73" testId="dbaba95a-1acc-504e-ef52-7e8dfe085000" testName="AddElementToMonadOc" computerName="ADAMK117-PC" duration="00:00:00.0004948" startTime="2013-04-28T15:02:43.1305553+01:00" endTime="2013-04-28T15:02:43.1345556+01:00" testType="13cdc9d9-ddb5-4fa4-a97d-d965ccfc6d4b" outcome="Passed" testListId="8c84fa94-04c1-424b-9868-57a2d4851a1d" relativeResultsDirectory="8d7d8a9d-75a9-46e3-b87d-a286a0a9fa73">
    </UnitTestResult>
    <UnitTestResult executionId="38e3e4b9-e64f-4351-8a73-7af7118ae7d8" testId="e59546c4-1239-9190-80a1-074e4f6b5753" testName="ResetRaw" computerName="ADAMK117-PC" duration="00:00:00.0002411" startTime="2013-04-28T15:02:43.1355556+01:00" endTime="2013-04-28T15:02:43.1385558+01:00" testType="13cdc9d9-ddb5-4fa4-a97d-d965ccfc6d4b" outcome="Passed" testListId="8c84fa94-04c1-424b-9868-57a2d4851a1d" relativeResultsDirectory="38e3e4b9-e64f-4351-8a73-7af7118ae7d8">
    </UnitTestResult>
    <UnitTestResult executionId="420b5656-c08b-4b53-9ee8-777ec1e85fec" testId="e8a9eb93-f989-312d-b315-2192089313b8" testName="MoveElementInMonadOc" computerName="ADAMK117-PC" duration="00:00:00.0002600" startTime="2013-04-28T15:02:43.1405559+01:00" endTime="2013-04-28T15:02:43.1435561+01:00" testType="13cdc9d9-ddb5-4fa4-a97d-d965ccfc6d4b" outcome="Passed" testListId="8c84fa94-04c1-424b-9868-57a2d4851a1d" relativeResultsDirectory="420b5656-c08b-4b53-9ee8-777ec1e85fec">
    </UnitTestResult>
    <UnitTestResult executionId="99cd25d8-6acc-44a8-804f-3ce0ab7b97f1" testId="e9c01972-9bfd-b152-bff3-a1975c7ff12b" testName="AddElementToRaw" computerName="ADAMK117-PC" duration="00:00:00.0005272" startTime="2013-04-28T15:02:43.1445561+01:00" endTime="2013-04-28T15:02:43.1475563+01:00" testType="13cdc9d9-ddb5-4fa4-a97d-d965ccfc6d4b" outcome="Passed" testListId="8c84fa94-04c1-424b-9868-57a2d4851a1d" relativeResultsDirectory="99cd25d8-6acc-44a8-804f-3ce0ab7b97f1">
    </UnitTestResult>
    <UnitTestResult executionId="123ea2b2-ba4d-4407-9266-81232c184ca8" testId="fddc7002-5216-7174-e3dc-a857f9c37231" testName="ConstructMonadOc" computerName="ADAMK117-PC" duration="00:00:00.0003033" startTime="2013-04-28T15:02:43.1495564+01:00" endTime="2013-04-28T15:02:43.1515565+01:00" testType="13cdc9d9-ddb5-4fa4-a97d-d965ccfc6d4b" outcome="Passed" testListId="8c84fa94-04c1-424b-9868-57a2d4851a1d" relativeResultsDirectory="123ea2b2-ba4d-4407-9266-81232c184ca8">
    </UnitTestResult>
  </Results>
</TestRun>