<?xml version="1.0" encoding="UTF-8"?>
<TestRun id="26897765-63c0-4148-b680-35a21bc135f4" name="AdamK117@ADAMK117-PC 2013-04-28 14:46:37" runUser="AdamK117-PC\AdamK117" xmlns="http://microsoft.com/schemas/VisualStudio/TeamTest/2010">
  <TestSettings name="Local" id="003826a5-a045-4c04-9e0a-eb37b7bf6aff">
    <Description>These are default test settings for a local test run.</Description>
    <Deployment enabled="false" runDeploymentRoot="AdamK117_ADAMK117-PC 2013-04-28 14_46_37">
      <DeploymentItem filename="V:\SafetyProgram\SafetyProgram.ModelObjects\bin\Debug\SafetyProgram.ModelObjects.dll" />
      <DeploymentItem filename="V:\SafetyProgram\SafetyProgram.Base\bin\Debug\SafetyProgram.Base.dll" />
    </Deployment>
    <Execution>
      <TestTypeSpecific />
      <AgentRule name="Execution Agents">
      </AgentRule>
    </Execution>
  </TestSettings>
  <Times creation="2013-04-28T14:46:37.8093421+01:00" queuing="2013-04-28T14:46:37.8273431+01:00" start="2013-04-28T14:46:37.8323434+01:00" finish="2013-04-28T14:46:38.0283546+01:00" />
  <ResultSummary outcome="Completed">
    <Counters total="10" executed="10" passed="10" error="0" failed="0" timeout="0" aborted="0" inconclusive="0" passedButRunAborted="0" notRunnable="0" notExecuted="0" disconnected="0" warning="0" completed="0" inProgress="0" pending="0" />
  </ResultSummary>
  <TestDefinitions>
    <UnitTest name="ResetMonadOc" storage="v:\safetyprogram\safetyprogram.base.unittests\bin\debug\safetyprogram.base.unittests.dll" id="007c1aa1-b761-2c4d-8605-4399e559290d">
      <Execution id="e6d2b7a6-ff6a-48e8-ae32-1e474885791b" />
      <TestMethod codeBase="V:/SafetyProgram/SafetyProgram.Base.UnitTests/bin/Debug/SafetyProgram.Base.UnitTests.DLL" adapterTypeName="Microsoft.VisualStudio.TestTools.TestTypes.Unit.UnitTestAdapter, Microsoft.VisualStudio.QualityTools.Tips.UnitTest.Adapter, Version=10.0.0.0, Culture=neutral, PublicKeyToken=b03f5f7f11d50a3a" className="SafetyProgram.Base.UnitTests.MonadOcTests, SafetyProgram.Base.UnitTests, Version=1.0.0.0, Culture=neutral, PublicKeyToken=null" name="ResetMonadOc" />
    </UnitTest>
    <UnitTest name="MoveElementInMonadOc" storage="v:\safetyprogram\safetyprogram.base.unittests\bin\debug\safetyprogram.base.unittests.dll" id="e8a9eb93-f989-312d-b315-2192089313b8">
      <Execution id="cf123ddb-6f2c-45f8-86d7-33295708ed74" />
      <TestMethod codeBase="V:/SafetyProgram/SafetyProgram.Base.UnitTests/bin/Debug/SafetyProgram.Base.UnitTests.DLL" adapterTypeName="Microsoft.VisualStudio.TestTools.TestTypes.Unit.UnitTestAdapter, Microsoft.VisualStudio.QualityTools.Tips.UnitTest.Adapter, Version=10.0.0.0, Culture=neutral, PublicKeyToken=b03f5f7f11d50a3a" className="SafetyProgram.Base.UnitTests.MonadOcTests, SafetyProgram.Base.UnitTests, Version=1.0.0.0, Culture=neutral, PublicKeyToken=null" name="MoveElementInMonadOc" />
    </UnitTest>
    <UnitTest name="MoveElementInRaw" storage="v:\safetyprogram\safetyprogram.base.unittests\bin\debug\safetyprogram.base.unittests.dll" id="2a657b60-71a6-30eb-f3bc-7cba2389242f">
      <Execution id="9d8fd7b8-3273-4dde-88f6-c4709d4eaa3a" />
      <TestMethod codeBase="V:/SafetyProgram/SafetyProgram.Base.UnitTests/bin/Debug/SafetyProgram.Base.UnitTests.DLL" adapterTypeName="Microsoft.VisualStudio.TestTools.TestTypes.Unit.UnitTestAdapter, Microsoft.VisualStudio.QualityTools.Tips.UnitTest.Adapter, Version=10.0.0.0, Culture=neutral, PublicKeyToken=b03f5f7f11d50a3a" className="SafetyProgram.Base.UnitTests.MonadOcTests, SafetyProgram.Base.UnitTests, Version=1.0.0.0, Culture=neutral, PublicKeyToken=null" name="MoveElementInRaw" />
    </UnitTest>
    <UnitTest name="ResetRaw" storage="v:\safetyprogram\safetyprogram.base.unittests\bin\debug\safetyprogram.base.unittests.dll" id="e59546c4-1239-9190-80a1-074e4f6b5753">
      <Execution id="4dd551d9-ddac-46ba-ae16-a4a2c6eab2d2" />
      <TestMethod codeBase="V:/SafetyProgram/SafetyProgram.Base.UnitTests/bin/Debug/SafetyProgram.Base.UnitTests.DLL" adapterTypeName="Microsoft.VisualStudio.TestTools.TestTypes.Unit.UnitTestAdapter, Microsoft.VisualStudio.QualityTools.Tips.UnitTest.Adapter, Version=10.0.0.0, Culture=neutral, PublicKeyToken=b03f5f7f11d50a3a" className="SafetyProgram.Base.UnitTests.MonadOcTests, SafetyProgram.Base.UnitTests, Version=1.0.0.0, Culture=neutral, PublicKeyToken=null" name="ResetRaw" />
    </UnitTest>
    <UnitTest name="AddElementToMonadOc" storage="v:\safetyprogram\safetyprogram.base.unittests\bin\debug\safetyprogram.base.unittests.dll" id="dbaba95a-1acc-504e-ef52-7e8dfe085000">
      <Execution id="96a41706-dde6-4e98-894a-eaf6563f50cd" />
      <TestMethod codeBase="V:/SafetyProgram/SafetyProgram.Base.UnitTests/bin/Debug/SafetyProgram.Base.UnitTests.DLL" adapterTypeName="Microsoft.VisualStudio.TestTools.TestTypes.Unit.UnitTestAdapter, Microsoft.VisualStudio.QualityTools.Tips.UnitTest.Adapter, Version=10.0.0.0, Culture=neutral, PublicKeyToken=b03f5f7f11d50a3a" className="SafetyProgram.Base.UnitTests.MonadOcTests, SafetyProgram.Base.UnitTests, Version=1.0.0.0, Culture=neutral, PublicKeyToken=null" name="AddElementToMonadOc" />
    </UnitTest>
    <UnitTest name="ConstructMonadOc" storage="v:\safetyprogram\safetyprogram.base.unittests\bin\debug\safetyprogram.base.unittests.dll" id="fddc7002-5216-7174-e3dc-a857f9c37231">
      <Execution id="59e84365-ca5b-42bc-95ef-061981a36f5d" />
      <TestMethod codeBase="V:/SafetyProgram/SafetyProgram.Base.UnitTests/bin/Debug/SafetyProgram.Base.UnitTests.DLL" adapterTypeName="Microsoft.VisualStudio.TestTools.TestTypes.Unit.UnitTestAdapter, Microsoft.VisualStudio.QualityTools.Tips.UnitTest.Adapter, Version=10.0.0.0, Culture=neutral, PublicKeyToken=b03f5f7f11d50a3a" className="SafetyProgram.Base.UnitTests.MonadOcTests, SafetyProgram.Base.UnitTests, Version=1.0.0.0, Culture=neutral, PublicKeyToken=null" name="ConstructMonadOc" />
    </UnitTest>
    <UnitTest name="RemoveElementFromRaw" storage="v:\safetyprogram\safetyprogram.base.unittests\bin\debug\safetyprogram.base.unittests.dll" id="79243f40-9064-2c12-a945-c712aa988c23">
      <Execution id="f46779a8-4e94-4766-9f9d-b1d72c8b5aa3" />
      <TestMethod codeBase="V:/SafetyProgram/SafetyProgram.Base.UnitTests/bin/Debug/SafetyProgram.Base.UnitTests.DLL" adapterTypeName="Microsoft.VisualStudio.TestTools.TestTypes.Unit.UnitTestAdapter, Microsoft.VisualStudio.QualityTools.Tips.UnitTest.Adapter, Version=10.0.0.0, Culture=neutral, PublicKeyToken=b03f5f7f11d50a3a" className="SafetyProgram.Base.UnitTests.MonadOcTests, SafetyProgram.Base.UnitTests, Version=1.0.0.0, Culture=neutral, PublicKeyToken=null" name="RemoveElementFromRaw" />
    </UnitTest>
    <UnitTest name="ReplaceElementInMonadOc" storage="v:\safetyprogram\safetyprogram.base.unittests\bin\debug\safetyprogram.base.unittests.dll" id="aafdef7b-6dfb-fef5-421a-a0ca5c7c5183">
      <Execution id="c23549d6-09ed-4815-b379-699397565856" />
      <TestMethod codeBase="V:/SafetyProgram/SafetyProgram.Base.UnitTests/bin/Debug/SafetyProgram.Base.UnitTests.DLL" adapterTypeName="Microsoft.VisualStudio.TestTools.TestTypes.Unit.UnitTestAdapter, Microsoft.VisualStudio.QualityTools.Tips.UnitTest.Adapter, Version=10.0.0.0, Culture=neutral, PublicKeyToken=b03f5f7f11d50a3a" className="SafetyProgram.Base.UnitTests.MonadOcTests, SafetyProgram.Base.UnitTests, Version=1.0.0.0, Culture=neutral, PublicKeyToken=null" name="ReplaceElementInMonadOc" />
    </UnitTest>
    <UnitTest name="RemoveElementFromMonadOc" storage="v:\safetyprogram\safetyprogram.base.unittests\bin\debug\safetyprogram.base.unittests.dll" id="42949265-b5a7-e6ed-f1af-c24e0fecf1df">
      <Execution id="a61fc2b8-1299-401c-865f-a14f7edd60e5" />
      <TestMethod codeBase="V:/SafetyProgram/SafetyProgram.Base.UnitTests/bin/Debug/SafetyProgram.Base.UnitTests.DLL" adapterTypeName="Microsoft.VisualStudio.TestTools.TestTypes.Unit.UnitTestAdapter, Microsoft.VisualStudio.QualityTools.Tips.UnitTest.Adapter, Version=10.0.0.0, Culture=neutral, PublicKeyToken=b03f5f7f11d50a3a" className="SafetyProgram.Base.UnitTests.MonadOcTests, SafetyProgram.Base.UnitTests, Version=1.0.0.0, Culture=neutral, PublicKeyToken=null" name="RemoveElementFromMonadOc" />
    </UnitTest>
    <UnitTest name="AddElementToRaw" storage="v:\safetyprogram\safetyprogram.base.unittests\bin\debug\safetyprogram.base.unittests.dll" id="e9c01972-9bfd-b152-bff3-a1975c7ff12b">
      <Execution id="c86cb579-2f17-4497-9deb-b0672cdb964e" />
      <TestMethod codeBase="V:/SafetyProgram/SafetyProgram.Base.UnitTests/bin/Debug/SafetyProgram.Base.UnitTests.DLL" adapterTypeName="Microsoft.VisualStudio.TestTools.TestTypes.Unit.UnitTestAdapter, Microsoft.VisualStudio.QualityTools.Tips.UnitTest.Adapter, Version=10.0.0.0, Culture=neutral, PublicKeyToken=b03f5f7f11d50a3a" className="SafetyProgram.Base.UnitTests.MonadOcTests, SafetyProgram.Base.UnitTests, Version=1.0.0.0, Culture=neutral, PublicKeyToken=null" name="AddElementToRaw" />
    </UnitTest>
  </TestDefinitions>
  <TestLists>
    <TestList name="Results Not in a List" id="8c84fa94-04c1-424b-9868-57a2d4851a1d" />
    <TestList name="All Loaded Results" id="19431567-8539-422a-85d7-44ee4e166bda" />
  </TestLists>
  <TestEntries>
    <TestEntry testId="007c1aa1-b761-2c4d-8605-4399e559290d" executionId="e6d2b7a6-ff6a-48e8-ae32-1e474885791b" testListId="8c84fa94-04c1-424b-9868-57a2d4851a1d" />
    <TestEntry testId="2a657b60-71a6-30eb-f3bc-7cba2389242f" executionId="9d8fd7b8-3273-4dde-88f6-c4709d4eaa3a" testListId="8c84fa94-04c1-424b-9868-57a2d4851a1d" />
    <TestEntry testId="42949265-b5a7-e6ed-f1af-c24e0fecf1df" executionId="a61fc2b8-1299-401c-865f-a14f7edd60e5" testListId="8c84fa94-04c1-424b-9868-57a2d4851a1d" />
    <TestEntry testId="79243f40-9064-2c12-a945-c712aa988c23" executionId="f46779a8-4e94-4766-9f9d-b1d72c8b5aa3" testListId="8c84fa94-04c1-424b-9868-57a2d4851a1d" />
    <TestEntry testId="aafdef7b-6dfb-fef5-421a-a0ca5c7c5183" executionId="c23549d6-09ed-4815-b379-699397565856" testListId="8c84fa94-04c1-424b-9868-57a2d4851a1d" />
    <TestEntry testId="dbaba95a-1acc-504e-ef52-7e8dfe085000" executionId="96a41706-dde6-4e98-894a-eaf6563f50cd" testListId="8c84fa94-04c1-424b-9868-57a2d4851a1d" />
    <TestEntry testId="e59546c4-1239-9190-80a1-074e4f6b5753" executionId="4dd551d9-ddac-46ba-ae16-a4a2c6eab2d2" testListId="8c84fa94-04c1-424b-9868-57a2d4851a1d" />
    <TestEntry testId="e8a9eb93-f989-312d-b315-2192089313b8" executionId="cf123ddb-6f2c-45f8-86d7-33295708ed74" testListId="8c84fa94-04c1-424b-9868-57a2d4851a1d" />
    <TestEntry testId="e9c01972-9bfd-b152-bff3-a1975c7ff12b" executionId="c86cb579-2f17-4497-9deb-b0672cdb964e" testListId="8c84fa94-04c1-424b-9868-57a2d4851a1d" />
    <TestEntry testId="fddc7002-5216-7174-e3dc-a857f9c37231" executionId="59e84365-ca5b-42bc-95ef-061981a36f5d" testListId="8c84fa94-04c1-424b-9868-57a2d4851a1d" />
  </TestEntries>
  <Results>
    <UnitTestResult executionId="e6d2b7a6-ff6a-48e8-ae32-1e474885791b" testId="007c1aa1-b761-2c4d-8605-4399e559290d" testName="ResetMonadOc" computerName="ADAMK117-PC" duration="00:00:00.0130644" startTime="2013-04-28T14:46:37.8343435+01:00" endTime="2013-04-28T14:46:37.9733515+01:00" testType="13cdc9d9-ddb5-4fa4-a97d-d965ccfc6d4b" outcome="Passed" testListId="8c84fa94-04c1-424b-9868-57a2d4851a1d" relativeResultsDirectory="e6d2b7a6-ff6a-48e8-ae32-1e474885791b">
    </UnitTestResult>
    <UnitTestResult executionId="9d8fd7b8-3273-4dde-88f6-c4709d4eaa3a" testId="2a657b60-71a6-30eb-f3bc-7cba2389242f" testName="MoveElementInRaw" computerName="ADAMK117-PC" duration="00:00:00.0005204" startTime="2013-04-28T14:46:37.9743516+01:00" endTime="2013-04-28T14:46:37.9783518+01:00" testType="13cdc9d9-ddb5-4fa4-a97d-d965ccfc6d4b" outcome="Passed" testListId="8c84fa94-04c1-424b-9868-57a2d4851a1d" relativeResultsDirectory="9d8fd7b8-3273-4dde-88f6-c4709d4eaa3a">
    </UnitTestResult>
    <UnitTestResult executionId="a61fc2b8-1299-401c-865f-a14f7edd60e5" testId="42949265-b5a7-e6ed-f1af-c24e0fecf1df" testName="RemoveElementFromMonadOc" computerName="ADAMK117-PC" duration="00:00:00.0005984" startTime="2013-04-28T14:46:37.9793518+01:00" endTime="2013-04-28T14:46:37.9833521+01:00" testType="13cdc9d9-ddb5-4fa4-a97d-d965ccfc6d4b" outcome="Passed" testListId="8c84fa94-04c1-424b-9868-57a2d4851a1d" relativeResultsDirectory="a61fc2b8-1299-401c-865f-a14f7edd60e5">
    </UnitTestResult>
    <UnitTestResult executionId="f46779a8-4e94-4766-9f9d-b1d72c8b5aa3" testId="79243f40-9064-2c12-a945-c712aa988c23" testName="RemoveElementFromRaw" computerName="ADAMK117-PC" duration="00:00:00.0005836" startTime="2013-04-28T14:46:37.9843521+01:00" endTime="2013-04-28T14:46:37.9883524+01:00" testType="13cdc9d9-ddb5-4fa4-a97d-d965ccfc6d4b" outcome="Passed" testListId="8c84fa94-04c1-424b-9868-57a2d4851a1d" relativeResultsDirectory="f46779a8-4e94-4766-9f9d-b1d72c8b5aa3">
    </UnitTestResult>
    <UnitTestResult executionId="c23549d6-09ed-4815-b379-699397565856" testId="aafdef7b-6dfb-fef5-421a-a0ca5c7c5183" testName="ReplaceElementInMonadOc" computerName="ADAMK117-PC" duration="00:00:00.0005195" startTime="2013-04-28T14:46:37.9893524+01:00" endTime="2013-04-28T14:46:37.9933526+01:00" testType="13cdc9d9-ddb5-4fa4-a97d-d965ccfc6d4b" outcome="Passed" testListId="8c84fa94-04c1-424b-9868-57a2d4851a1d" relativeResultsDirectory="c23549d6-09ed-4815-b379-699397565856">
    </UnitTestResult>
    <UnitTestResult executionId="96a41706-dde6-4e98-894a-eaf6563f50cd" testId="dbaba95a-1acc-504e-ef52-7e8dfe085000" testName="AddElementToMonadOc" computerName="ADAMK117-PC" duration="00:00:00.0004371" startTime="2013-04-28T14:46:37.9943527+01:00" endTime="2013-04-28T14:46:37.9973529+01:00" testType="13cdc9d9-ddb5-4fa4-a97d-d965ccfc6d4b" outcome="Passed" testListId="8c84fa94-04c1-424b-9868-57a2d4851a1d" relativeResultsDirectory="96a41706-dde6-4e98-894a-eaf6563f50cd">
    </UnitTestResult>
    <UnitTestResult executionId="4dd551d9-ddac-46ba-ae16-a4a2c6eab2d2" testId="e59546c4-1239-9190-80a1-074e4f6b5753" testName="ResetRaw" computerName="ADAMK117-PC" duration="00:00:00.0001969" startTime="2013-04-28T14:46:37.9983529+01:00" endTime="2013-04-28T14:46:38.0023532+01:00" testType="13cdc9d9-ddb5-4fa4-a97d-d965ccfc6d4b" outcome="Passed" testListId="8c84fa94-04c1-424b-9868-57a2d4851a1d" relativeResultsDirectory="4dd551d9-ddac-46ba-ae16-a4a2c6eab2d2">
    </UnitTestResult>
    <UnitTestResult executionId="cf123ddb-6f2c-45f8-86d7-33295708ed74" testId="e8a9eb93-f989-312d-b315-2192089313b8" testName="MoveElementInMonadOc" computerName="ADAMK117-PC" duration="00:00:00.0002626" startTime="2013-04-28T14:46:38.0033532+01:00" endTime="2013-04-28T14:46:38.0063534+01:00" testType="13cdc9d9-ddb5-4fa4-a97d-d965ccfc6d4b" outcome="Passed" testListId="8c84fa94-04c1-424b-9868-57a2d4851a1d" relativeResultsDirectory="cf123ddb-6f2c-45f8-86d7-33295708ed74">
    </UnitTestResult>
    <UnitTestResult executionId="c86cb579-2f17-4497-9deb-b0672cdb964e" testId="e9c01972-9bfd-b152-bff3-a1975c7ff12b" testName="AddElementToRaw" computerName="ADAMK117-PC" duration="00:00:00.0005176" startTime="2013-04-28T14:46:38.0073534+01:00" endTime="2013-04-28T14:46:38.0103536+01:00" testType="13cdc9d9-ddb5-4fa4-a97d-d965ccfc6d4b" outcome="Passed" testListId="8c84fa94-04c1-424b-9868-57a2d4851a1d" relativeResultsDirectory="c86cb579-2f17-4497-9deb-b0672cdb964e">
    </UnitTestResult>
    <UnitTestResult executionId="59e84365-ca5b-42bc-95ef-061981a36f5d" testId="fddc7002-5216-7174-e3dc-a857f9c37231" testName="ConstructMonadOc" computerName="ADAMK117-PC" duration="00:00:00.0002998" startTime="2013-04-28T14:46:38.0113537+01:00" endTime="2013-04-28T14:46:38.0143538+01:00" testType="13cdc9d9-ddb5-4fa4-a97d-d965ccfc6d4b" outcome="Passed" testListId="8c84fa94-04c1-424b-9868-57a2d4851a1d" relativeResultsDirectory="59e84365-ca5b-42bc-95ef-061981a36f5d">
    </UnitTestResult>
  </Results>
</TestRun>