<?xml version="1.0" encoding="UTF-8"?>
<TestRun id="dc99cfc6-7dc6-483b-b87d-d9a790df0181" name="AdamK117@ADAMK117-PC 2013-04-18 18:36:33" runUser="AdamK117-PC\AdamK117" xmlns="http://microsoft.com/schemas/VisualStudio/TeamTest/2010">
  <TestSettings name="Local" id="003826a5-a045-4c04-9e0a-eb37b7bf6aff">
    <Description>These are default test settings for a local test run.</Description>
    <Deployment enabled="false" runDeploymentRoot="AdamK117_ADAMK117-PC 2013-04-18 18_36_33">
      <DeploymentItem filename="V:\SafetyProgram\SafetyProgram\bin\Debug\SafetyProgram.exe" />
      <DeploymentItem filename="V:\SafetyProgram\SafetyProgram.Document\bin\Debug\SafetyProgram.Document.dll" />
      <DeploymentItem filename="V:\SafetyProgram\SafetyProgram.BaseClasses\bin\Debug\SafetyProgram.BaseClasses.dll" />
      <DeploymentItem filename="V:\SafetyProgram\Moq.4.0.10827\NET40\Moq.dll" />
    </Deployment>
    <Execution>
      <TestTypeSpecific />
      <AgentRule name="Execution Agents">
      </AgentRule>
    </Execution>
  </TestSettings>
  <Times creation="2013-04-18T18:36:33.5944321+01:00" queuing="2013-04-18T18:36:33.6094323+01:00" start="2013-04-18T18:36:33.6144324+01:00" finish="2013-04-18T18:36:34.0644393+01:00" />
  <ResultSummary outcome="Failed">
    <Counters total="3" executed="3" passed="2" error="0" failed="1" timeout="0" aborted="0" inconclusive="0" passedButRunAborted="0" notRunnable="0" notExecuted="0" disconnected="0" warning="0" completed="0" inProgress="0" pending="0" />
  </ResultSummary>
  <TestDefinitions>
    <UnitTest name="Test_Document_Api" storage="v:\safetyprogram\safetyprogram.unittests\bin\debug\safetyprogram.unittests.dll" id="9d16889e-8ea5-6982-051d-0c6ff4ee318b">
      <Execution id="a751120f-28e9-42c6-a56d-02ff123399e4" />
      <TestMethod codeBase="V:/SafetyProgram/SafetyProgram.UnitTests/bin/Debug/SafetyProgram.UnitTests.DLL" adapterTypeName="Microsoft.VisualStudio.TestTools.TestTypes.Unit.UnitTestAdapter, Microsoft.VisualStudio.QualityTools.Tips.UnitTest.Adapter, Version=10.0.0.0, Culture=neutral, PublicKeyToken=b03f5f7f11d50a3a" className="SafetyProgram.UnitTests.UnitTest1, SafetyProgram.UnitTests, Version=1.0.0.0, Culture=neutral, PublicKeyToken=null" name="Test_Document_Api" />
    </UnitTest>
    <UnitTest name="CoshhWindow_ChangeDocument" storage="v:\safetyprogram\safetyprogram.unittests\bin\debug\safetyprogram.unittests.dll" id="df889819-eb8d-5692-fb30-5757c6f0bc18">
      <Execution id="65c69d26-5dc5-4b4e-8d81-f20ee87a4982" />
      <TestMethod codeBase="V:/SafetyProgram/SafetyProgram.UnitTests/bin/Debug/SafetyProgram.UnitTests.DLL" adapterTypeName="Microsoft.VisualStudio.TestTools.TestTypes.Unit.UnitTestAdapter, Microsoft.VisualStudio.QualityTools.Tips.UnitTest.Adapter, Version=10.0.0.0, Culture=neutral, PublicKeyToken=b03f5f7f11d50a3a" className="SafetyProgram.UnitTests.UnitTest1, SafetyProgram.UnitTests, Version=1.0.0.0, Culture=neutral, PublicKeyToken=null" name="CoshhWindow_ChangeDocument" />
    </UnitTest>
    <UnitTest name="CoshhWindow_ChangeService" storage="v:\safetyprogram\safetyprogram.unittests\bin\debug\safetyprogram.unittests.dll" id="bdd91995-8006-0fd6-0e1e-419106fc07b3">
      <Execution id="1aa00c50-18c8-43bd-ad07-7a6cf9c585c3" />
      <TestMethod codeBase="V:/SafetyProgram/SafetyProgram.UnitTests/bin/Debug/SafetyProgram.UnitTests.DLL" adapterTypeName="Microsoft.VisualStudio.TestTools.TestTypes.Unit.UnitTestAdapter, Microsoft.VisualStudio.QualityTools.Tips.UnitTest.Adapter, Version=10.0.0.0, Culture=neutral, PublicKeyToken=b03f5f7f11d50a3a" className="SafetyProgram.UnitTests.UnitTest1, SafetyProgram.UnitTests, Version=1.0.0.0, Culture=neutral, PublicKeyToken=null" name="CoshhWindow_ChangeService" />
    </UnitTest>
  </TestDefinitions>
  <TestLists>
    <TestList name="Results Not in a List" id="8c84fa94-04c1-424b-9868-57a2d4851a1d" />
    <TestList name="All Loaded Results" id="19431567-8539-422a-85d7-44ee4e166bda" />
  </TestLists>
  <TestEntries>
    <TestEntry testId="9d16889e-8ea5-6982-051d-0c6ff4ee318b" executionId="a751120f-28e9-42c6-a56d-02ff123399e4" testListId="8c84fa94-04c1-424b-9868-57a2d4851a1d" />
    <TestEntry testId="bdd91995-8006-0fd6-0e1e-419106fc07b3" executionId="1aa00c50-18c8-43bd-ad07-7a6cf9c585c3" testListId="8c84fa94-04c1-424b-9868-57a2d4851a1d" />
    <TestEntry testId="df889819-eb8d-5692-fb30-5757c6f0bc18" executionId="65c69d26-5dc5-4b4e-8d81-f20ee87a4982" testListId="8c84fa94-04c1-424b-9868-57a2d4851a1d" />
  </TestEntries>
  <Results>
    <UnitTestResult executionId="a751120f-28e9-42c6-a56d-02ff123399e4" testId="9d16889e-8ea5-6982-051d-0c6ff4ee318b" testName="Test_Document_Api" computerName="ADAMK117-PC" duration="00:00:00.2567030" startTime="2013-04-18T18:36:33.6156824+01:00" endTime="2013-04-18T18:36:33.9956883+01:00" testType="13cdc9d9-ddb5-4fa4-a97d-d965ccfc6d4b" outcome="Passed" testListId="8c84fa94-04c1-424b-9868-57a2d4851a1d" relativeResultsDirectory="a751120f-28e9-42c6-a56d-02ff123399e4">
    </UnitTestResult>
    <UnitTestResult executionId="1aa00c50-18c8-43bd-ad07-7a6cf9c585c3" testId="bdd91995-8006-0fd6-0e1e-419106fc07b3" testName="CoshhWindow_ChangeService" computerName="ADAMK117-PC" duration="00:00:00.0101586" startTime="2013-04-18T18:36:33.9969383+01:00" endTime="2013-04-18T18:36:34.0106885+01:00" testType="13cdc9d9-ddb5-4fa4-a97d-d965ccfc6d4b" outcome="Passed" testListId="8c84fa94-04c1-424b-9868-57a2d4851a1d" relativeResultsDirectory="1aa00c50-18c8-43bd-ad07-7a6cf9c585c3">
    </UnitTestResult>
    <UnitTestResult executionId="65c69d26-5dc5-4b4e-8d81-f20ee87a4982" testId="df889819-eb8d-5692-fb30-5757c6f0bc18" testName="CoshhWindow_ChangeDocument" computerName="ADAMK117-PC" duration="00:00:00.0180060" startTime="2013-04-18T18:36:34.0119385+01:00" endTime="2013-04-18T18:36:34.0331888+01:00" testType="13cdc9d9-ddb5-4fa4-a97d-d965ccfc6d4b" outcome="Failed" testListId="8c84fa94-04c1-424b-9868-57a2d4851a1d" relativeResultsDirectory="65c69d26-5dc5-4b4e-8d81-f20ee87a4982">
      <Output>
        <ErrorInfo>
          <Message>Assert.AreEqual failed. Expected:&lt;1&gt;. Actual:&lt;0&gt;. The CoshhDocument.DocumentChanged event didn't trigger or triggered more than once!</Message>
          <StackTrace>   at SafetyProgram.UnitTests.UnitTest1.CoshhWindow_ChangeDocument() in V:\SafetyProgram\SafetyProgram.UnitTests\UnitTest1.cs:line 54
</StackTrace>
        </ErrorInfo>
      </Output>
    </UnitTestResult>
  </Results>
</TestRun>