<?xml version="1.0" encoding="UTF-8"?>
<TestRun id="d159908f-b45b-4b85-a5ee-05bcba22f675" name="AdamK117@ADAMK117-PC 2013-04-18 18:14:15" runUser="AdamK117-PC\AdamK117" xmlns="http://microsoft.com/schemas/VisualStudio/TeamTest/2010">
  <TestSettings name="Local" id="003826a5-a045-4c04-9e0a-eb37b7bf6aff">
    <Description>These are default test settings for a local test run.</Description>
    <Deployment enabled="false" runDeploymentRoot="AdamK117_ADAMK117-PC 2013-04-18 18_14_15">
      <DeploymentItem filename="V:\SafetyProgram\SafetyProgram\bin\Debug\SafetyProgram.exe" />
      <DeploymentItem filename="V:\SafetyProgram\SafetyProgram.Document\bin\Debug\SafetyProgram.Document.dll" />
      <DeploymentItem filename="V:\SafetyProgram\SafetyProgram.BaseClasses\bin\Debug\SafetyProgram.BaseClasses.dll" />
      <DeploymentItem filename="V:\SafetyProgram\Moq.4.0.10827\NET40\Moq.dll" />
    </Deployment>
    <Execution>
      <TestTypeSpecific />
      <AgentRule name="Execution Agents">
      </AgentRule>
    </Execution>
  </TestSettings>
  <Times creation="2013-04-18T18:14:15.9806743+01:00" queuing="2013-04-18T18:14:15.9919245+01:00" start="2013-04-18T18:14:15.9956745+01:00" finish="2013-04-18T18:14:16.4194310+01:00" />
  <ResultSummary outcome="Failed">
    <Counters total="1" executed="1" error="0" failed="1" timeout="0" aborted="0" inconclusive="0" passedButRunAborted="0" notRunnable="0" notExecuted="0" disconnected="0" warning="0" passed="0" completed="0" inProgress="0" pending="0" />
  </ResultSummary>
  <TestDefinitions>
    <UnitTest name="Test_Document_Changed" storage="v:\safetyprogram\safetyprogram.unittests\bin\debug\safetyprogram.unittests.dll" id="58d78e35-ed53-35f1-aa5c-7e730d7bdaf6">
      <Execution id="48ddd150-7a95-4f3b-8b5e-4870080f71d9" />
      <TestMethod codeBase="V:/SafetyProgram/SafetyProgram.UnitTests/bin/Debug/SafetyProgram.UnitTests.DLL" adapterTypeName="Microsoft.VisualStudio.TestTools.TestTypes.Unit.UnitTestAdapter, Microsoft.VisualStudio.QualityTools.Tips.UnitTest.Adapter, Version=10.0.0.0, Culture=neutral, PublicKeyToken=b03f5f7f11d50a3a" className="SafetyProgram.UnitTests.UnitTest1, SafetyProgram.UnitTests, Version=1.0.0.0, Culture=neutral, PublicKeyToken=null" name="Test_Document_Changed" />
    </UnitTest>
  </TestDefinitions>
  <TestLists>
    <TestList name="Results Not in a List" id="8c84fa94-04c1-424b-9868-57a2d4851a1d" />
    <TestList name="All Loaded Results" id="19431567-8539-422a-85d7-44ee4e166bda" />
  </TestLists>
  <TestEntries>
    <TestEntry testId="58d78e35-ed53-35f1-aa5c-7e730d7bdaf6" executionId="48ddd150-7a95-4f3b-8b5e-4870080f71d9" testListId="8c84fa94-04c1-424b-9868-57a2d4851a1d" />
  </TestEntries>
  <Results>
    <UnitTestResult executionId="48ddd150-7a95-4f3b-8b5e-4870080f71d9" testId="58d78e35-ed53-35f1-aa5c-7e730d7bdaf6" testName="Test_Document_Changed" computerName="ADAMK117-PC" duration="00:00:00.2854174" startTime="2013-04-18T18:14:15.9969245+01:00" endTime="2013-04-18T18:14:16.4056808+01:00" testType="13cdc9d9-ddb5-4fa4-a97d-d965ccfc6d4b" outcome="Failed" testListId="8c84fa94-04c1-424b-9868-57a2d4851a1d" relativeResultsDirectory="48ddd150-7a95-4f3b-8b5e-4870080f71d9">
      <Output>
        <ErrorInfo>
          <Message>Commands for the CoshhWindow could not be got via CoshhWindow.Commands</Message>
          <StackTrace>   at SafetyProgram.UnitTests.UnitTest1.Test_Document_Changed() in V:\SafetyProgram\SafetyProgram.UnitTests\UnitTest1.cs:line 32
</StackTrace>
        </ErrorInfo>
      </Output>
    </UnitTestResult>
  </Results>
</TestRun>