<?xml version="1.0" encoding="UTF-8"?>
<TestRun id="2a3500f4-5324-43bb-8d11-5e63fbbf5385" name="AdamK117@ADAMK117-PC 2013-04-28 13:53:06" runUser="AdamK117-PC\AdamK117" xmlns="http://microsoft.com/schemas/VisualStudio/TeamTest/2010">
  <TestSettings name="Local" id="003826a5-a045-4c04-9e0a-eb37b7bf6aff">
    <Description>These are default test settings for a local test run.</Description>
    <Deployment enabled="false" runDeploymentRoot="AdamK117_ADAMK117-PC 2013-04-28 13_53_06">
      <DeploymentItem filename="V:\SafetyProgram\SafetyProgram.ModelObjects\bin\Debug\SafetyProgram.ModelObjects.dll" />
      <DeploymentItem filename="V:\SafetyProgram\SafetyProgram.Base\bin\Debug\SafetyProgram.Base.dll" />
    </Deployment>
    <Execution>
      <TestTypeSpecific />
      <AgentRule name="Execution Agents">
      </AgentRule>
    </Execution>
  </TestSettings>
  <Times creation="2013-04-28T13:53:06.5936711+01:00" queuing="2013-04-28T13:53:07.3117122+01:00" start="2013-04-28T13:53:07.4207184+01:00" finish="2013-04-28T13:53:10.9559206+01:00" />
  <ResultSummary outcome="Completed">
    <Counters total="6" executed="6" passed="6" error="0" failed="0" timeout="0" aborted="0" inconclusive="0" passedButRunAborted="0" notRunnable="0" notExecuted="0" disconnected="0" warning="0" completed="0" inProgress="0" pending="0" />
  </ResultSummary>
  <TestDefinitions>
    <UnitTest name="ConstructionTest" storage="v:\safetyprogram\safetyprogram.base.unittests\bin\debug\safetyprogram.base.unittests.dll" id="987ae5e8-1b8b-154f-a4f8-72be9a63e5f5">
      <Execution id="aac959e6-1e3c-4841-b093-14981542789d" />
      <TestMethod codeBase="V:/SafetyProgram/SafetyProgram.Base.UnitTests/bin/Debug/SafetyProgram.Base.UnitTests.DLL" adapterTypeName="Microsoft.VisualStudio.TestTools.TestTypes.Unit.UnitTestAdapter, Microsoft.VisualStudio.QualityTools.Tips.UnitTest.Adapter, Version=10.0.0.0, Culture=neutral, PublicKeyToken=b03f5f7f11d50a3a" className="SafetyProgram.Base.UnitTests.MonadOcTests, SafetyProgram.Base.UnitTests, Version=1.0.0.0, Culture=neutral, PublicKeyToken=null" name="ConstructionTest" />
    </UnitTest>
    <UnitTest name="ReplaceElementInMonadOcTest" storage="v:\safetyprogram\safetyprogram.base.unittests\bin\debug\safetyprogram.base.unittests.dll" id="cc45594a-2ebb-24a8-d67c-b12bfb09b2c3">
      <Execution id="d64358f1-78fb-4f6a-b54b-48e8e3c778c1" />
      <TestMethod codeBase="V:/SafetyProgram/SafetyProgram.Base.UnitTests/bin/Debug/SafetyProgram.Base.UnitTests.DLL" adapterTypeName="Microsoft.VisualStudio.TestTools.TestTypes.Unit.UnitTestAdapter, Microsoft.VisualStudio.QualityTools.Tips.UnitTest.Adapter, Version=10.0.0.0, Culture=neutral, PublicKeyToken=b03f5f7f11d50a3a" className="SafetyProgram.Base.UnitTests.MonadOcTests, SafetyProgram.Base.UnitTests, Version=1.0.0.0, Culture=neutral, PublicKeyToken=null" name="ReplaceElementInMonadOcTest" />
    </UnitTest>
    <UnitTest name="ResetMonadOcTest" storage="v:\safetyprogram\safetyprogram.base.unittests\bin\debug\safetyprogram.base.unittests.dll" id="038a2ddd-cb36-b532-cd59-36828a72ef66">
      <Execution id="83e0d722-f405-4b44-a1fb-29e05d1d821c" />
      <TestMethod codeBase="V:/SafetyProgram/SafetyProgram.Base.UnitTests/bin/Debug/SafetyProgram.Base.UnitTests.DLL" adapterTypeName="Microsoft.VisualStudio.TestTools.TestTypes.Unit.UnitTestAdapter, Microsoft.VisualStudio.QualityTools.Tips.UnitTest.Adapter, Version=10.0.0.0, Culture=neutral, PublicKeyToken=b03f5f7f11d50a3a" className="SafetyProgram.Base.UnitTests.MonadOcTests, SafetyProgram.Base.UnitTests, Version=1.0.0.0, Culture=neutral, PublicKeyToken=null" name="ResetMonadOcTest" />
    </UnitTest>
    <UnitTest name="RemoveElementFromMonadOcTest" storage="v:\safetyprogram\safetyprogram.base.unittests\bin\debug\safetyprogram.base.unittests.dll" id="04e13b13-d706-4ecc-42cb-dbfa0b2bd00a">
      <Execution id="96943faa-331d-4ee8-8222-f6ee2c52da32" />
      <TestMethod codeBase="V:/SafetyProgram/SafetyProgram.Base.UnitTests/bin/Debug/SafetyProgram.Base.UnitTests.DLL" adapterTypeName="Microsoft.VisualStudio.TestTools.TestTypes.Unit.UnitTestAdapter, Microsoft.VisualStudio.QualityTools.Tips.UnitTest.Adapter, Version=10.0.0.0, Culture=neutral, PublicKeyToken=b03f5f7f11d50a3a" className="SafetyProgram.Base.UnitTests.MonadOcTests, SafetyProgram.Base.UnitTests, Version=1.0.0.0, Culture=neutral, PublicKeyToken=null" name="RemoveElementFromMonadOcTest" />
    </UnitTest>
    <UnitTest name="MoveElementInMonadOcTest" storage="v:\safetyprogram\safetyprogram.base.unittests\bin\debug\safetyprogram.base.unittests.dll" id="c43bc67d-1379-038f-a2ae-bb3f482c6123">
      <Execution id="a7a75454-59c7-43a4-afb2-30d808aeff01" />
      <TestMethod codeBase="V:/SafetyProgram/SafetyProgram.Base.UnitTests/bin/Debug/SafetyProgram.Base.UnitTests.DLL" adapterTypeName="Microsoft.VisualStudio.TestTools.TestTypes.Unit.UnitTestAdapter, Microsoft.VisualStudio.QualityTools.Tips.UnitTest.Adapter, Version=10.0.0.0, Culture=neutral, PublicKeyToken=b03f5f7f11d50a3a" className="SafetyProgram.Base.UnitTests.MonadOcTests, SafetyProgram.Base.UnitTests, Version=1.0.0.0, Culture=neutral, PublicKeyToken=null" name="MoveElementInMonadOcTest" />
    </UnitTest>
    <UnitTest name="AddElementToMonadOcTest" storage="v:\safetyprogram\safetyprogram.base.unittests\bin\debug\safetyprogram.base.unittests.dll" id="b1d9c677-ce1f-eecc-fae8-f226acbb1ed0">
      <Execution id="798117fc-d92c-4e1e-a3d1-961369ba77d5" />
      <TestMethod codeBase="V:/SafetyProgram/SafetyProgram.Base.UnitTests/bin/Debug/SafetyProgram.Base.UnitTests.DLL" adapterTypeName="Microsoft.VisualStudio.TestTools.TestTypes.Unit.UnitTestAdapter, Microsoft.VisualStudio.QualityTools.Tips.UnitTest.Adapter, Version=10.0.0.0, Culture=neutral, PublicKeyToken=b03f5f7f11d50a3a" className="SafetyProgram.Base.UnitTests.MonadOcTests, SafetyProgram.Base.UnitTests, Version=1.0.0.0, Culture=neutral, PublicKeyToken=null" name="AddElementToMonadOcTest" />
    </UnitTest>
  </TestDefinitions>
  <TestLists>
    <TestList name="Results Not in a List" id="8c84fa94-04c1-424b-9868-57a2d4851a1d" />
    <TestList name="All Loaded Results" id="19431567-8539-422a-85d7-44ee4e166bda" />
  </TestLists>
  <TestEntries>
    <TestEntry testId="038a2ddd-cb36-b532-cd59-36828a72ef66" executionId="83e0d722-f405-4b44-a1fb-29e05d1d821c" testListId="8c84fa94-04c1-424b-9868-57a2d4851a1d" />
    <TestEntry testId="04e13b13-d706-4ecc-42cb-dbfa0b2bd00a" executionId="96943faa-331d-4ee8-8222-f6ee2c52da32" testListId="8c84fa94-04c1-424b-9868-57a2d4851a1d" />
    <TestEntry testId="987ae5e8-1b8b-154f-a4f8-72be9a63e5f5" executionId="aac959e6-1e3c-4841-b093-14981542789d" testListId="8c84fa94-04c1-424b-9868-57a2d4851a1d" />
    <TestEntry testId="b1d9c677-ce1f-eecc-fae8-f226acbb1ed0" executionId="798117fc-d92c-4e1e-a3d1-961369ba77d5" testListId="8c84fa94-04c1-424b-9868-57a2d4851a1d" />
    <TestEntry testId="c43bc67d-1379-038f-a2ae-bb3f482c6123" executionId="a7a75454-59c7-43a4-afb2-30d808aeff01" testListId="8c84fa94-04c1-424b-9868-57a2d4851a1d" />
    <TestEntry testId="cc45594a-2ebb-24a8-d67c-b12bfb09b2c3" executionId="d64358f1-78fb-4f6a-b54b-48e8e3c778c1" testListId="8c84fa94-04c1-424b-9868-57a2d4851a1d" />
  </TestEntries>
  <Results>
    <UnitTestResult executionId="83e0d722-f405-4b44-a1fb-29e05d1d821c" testId="038a2ddd-cb36-b532-cd59-36828a72ef66" testName="ResetMonadOcTest" computerName="ADAMK117-PC" duration="00:00:00.0120138" startTime="2013-04-28T13:53:07.5207241+01:00" endTime="2013-04-28T13:53:08.0287532+01:00" testType="13cdc9d9-ddb5-4fa4-a97d-d965ccfc6d4b" outcome="Passed" testListId="8c84fa94-04c1-424b-9868-57a2d4851a1d" relativeResultsDirectory="83e0d722-f405-4b44-a1fb-29e05d1d821c">
    </UnitTestResult>
    <UnitTestResult executionId="96943faa-331d-4ee8-8222-f6ee2c52da32" testId="04e13b13-d706-4ecc-42cb-dbfa0b2bd00a" testName="RemoveElementFromMonadOcTest" computerName="ADAMK117-PC" duration="00:00:00.0009245" startTime="2013-04-28T13:53:08.0347535+01:00" endTime="2013-04-28T13:53:08.0407539+01:00" testType="13cdc9d9-ddb5-4fa4-a97d-d965ccfc6d4b" outcome="Passed" testListId="8c84fa94-04c1-424b-9868-57a2d4851a1d" relativeResultsDirectory="96943faa-331d-4ee8-8222-f6ee2c52da32">
    </UnitTestResult>
    <UnitTestResult executionId="aac959e6-1e3c-4841-b093-14981542789d" testId="987ae5e8-1b8b-154f-a4f8-72be9a63e5f5" testName="ConstructionTest" computerName="ADAMK117-PC" duration="00:00:00.0004268" startTime="2013-04-28T13:53:08.0437540+01:00" endTime="2013-04-28T13:53:08.0497544+01:00" testType="13cdc9d9-ddb5-4fa4-a97d-d965ccfc6d4b" outcome="Passed" testListId="8c84fa94-04c1-424b-9868-57a2d4851a1d" relativeResultsDirectory="aac959e6-1e3c-4841-b093-14981542789d">
    </UnitTestResult>
    <UnitTestResult executionId="798117fc-d92c-4e1e-a3d1-961369ba77d5" testId="b1d9c677-ce1f-eecc-fae8-f226acbb1ed0" testName="AddElementToMonadOcTest" computerName="ADAMK117-PC" duration="00:00:00.0005400" startTime="2013-04-28T13:53:08.0527545+01:00" endTime="2013-04-28T13:53:08.0587549+01:00" testType="13cdc9d9-ddb5-4fa4-a97d-d965ccfc6d4b" outcome="Passed" testListId="8c84fa94-04c1-424b-9868-57a2d4851a1d" relativeResultsDirectory="798117fc-d92c-4e1e-a3d1-961369ba77d5">
    </UnitTestResult>
    <UnitTestResult executionId="a7a75454-59c7-43a4-afb2-30d808aeff01" testId="c43bc67d-1379-038f-a2ae-bb3f482c6123" testName="MoveElementInMonadOcTest" computerName="ADAMK117-PC" duration="00:00:00.0003184" startTime="2013-04-28T13:53:08.0617551+01:00" endTime="2013-04-28T13:53:08.0677554+01:00" testType="13cdc9d9-ddb5-4fa4-a97d-d965ccfc6d4b" outcome="Passed" testListId="8c84fa94-04c1-424b-9868-57a2d4851a1d" relativeResultsDirectory="a7a75454-59c7-43a4-afb2-30d808aeff01">
    </UnitTestResult>
    <UnitTestResult executionId="d64358f1-78fb-4f6a-b54b-48e8e3c778c1" testId="cc45594a-2ebb-24a8-d67c-b12bfb09b2c3" testName="ReplaceElementInMonadOcTest" computerName="ADAMK117-PC" duration="00:00:02.8470809" startTime="2013-04-28T13:53:08.0707556+01:00" endTime="2013-04-28T13:53:10.9229187+01:00" testType="13cdc9d9-ddb5-4fa4-a97d-d965ccfc6d4b" outcome="Passed" testListId="8c84fa94-04c1-424b-9868-57a2d4851a1d" relativeResultsDirectory="d64358f1-78fb-4f6a-b54b-48e8e3c778c1">
    </UnitTestResult>
  </Results>
</TestRun>