<?xml version="1.0" encoding="UTF-8"?>
<TestRun id="bae3cfe7-5c95-4fa7-bda9-3f7fad66a39f" name="AdamK117@ADAMK117-PC 2013-05-02 22:24:14" runUser="AdamK117-PC\AdamK117" xmlns="http://microsoft.com/schemas/VisualStudio/TeamTest/2010">
  <TestSettings name="Local" id="003826a5-a045-4c04-9e0a-eb37b7bf6aff">
    <Description>These are default test settings for a local test run.</Description>
    <Deployment enabled="false" runDeploymentRoot="AdamK117_ADAMK117-PC 2013-05-02 22_24_14">
      <DeploymentItem filename="V:\SafetyProgram\SafetyProgram.Static\bin\Debug\SafetyProgram.Static.dll" />
      <DeploymentItem filename="V:\SafetyProgram\SafetyProgram.ModelObjects\bin\Debug\SafetyProgram.ModelObjects.dll" />
      <DeploymentItem filename="V:\SafetyProgram\SafetyProgram.Configuration\bin\Debug\SafetyProgram.Configuration.dll" />
      <DeploymentItem filename="V:\SafetyProgram\SafetyProgram.Base\bin\Debug\SafetyProgram.Base.dll" />
    </Deployment>
    <Execution>
      <TestTypeSpecific />
      <AgentRule name="Execution Agents">
      </AgentRule>
    </Execution>
  </TestSettings>
  <Times creation="2013-05-02T22:24:14.3707117+01:00" queuing="2013-05-02T22:24:15.5827810+01:00" start="2013-05-02T22:24:15.7057881+01:00" finish="2013-05-02T22:24:27.8184809+01:00" />
  <ResultSummary outcome="Error">
    <Counters total="12" executed="5" passed="4" error="0" failed="0" timeout="0" aborted="1" inconclusive="0" passedButRunAborted="0" notRunnable="0" notExecuted="7" disconnected="0" warning="0" completed="0" inProgress="0" pending="0" />
    <RunInfos>
      <RunInfo computerName="ADAMK117-PC" outcome="Error" timestamp="2013-05-02T22:24:27.8174808+01:00">
        <Text>Test host process exited unexpectedly.</Text>
      </RunInfo>
    </RunInfos>
  </ResultSummary>
  <TestDefinitions>
    <UnitTest name="ResetMonadOc" storage="v:\safetyprogram\safetyprogram.base.unittests\bin\debug\safetyprogram.base.unittests.dll" id="007c1aa1-b761-2c4d-8605-4399e559290d">
      <Execution id="f04967b1-3a2a-447f-8924-ef6b58d29e8a" />
      <TestMethod codeBase="V:/SafetyProgram/SafetyProgram.Base.UnitTests/bin/Debug/SafetyProgram.Base.UnitTests.DLL" adapterTypeName="Microsoft.VisualStudio.TestTools.TestTypes.Unit.UnitTestAdapter, Microsoft.VisualStudio.QualityTools.Tips.UnitTest.Adapter, Version=10.0.0.0, Culture=neutral, PublicKeyToken=b03f5f7f11d50a3a" className="SafetyProgram.Base.UnitTests.MonadOcTests, SafetyProgram.Base.UnitTests, Version=1.0.0.0, Culture=neutral, PublicKeyToken=null" name="ResetMonadOc" />
    </UnitTest>
    <UnitTest name="MoveElementInMonadOc" storage="v:\safetyprogram\safetyprogram.base.unittests\bin\debug\safetyprogram.base.unittests.dll" id="e8a9eb93-f989-312d-b315-2192089313b8">
      <Execution id="045a5344-1675-4b14-8ae2-043fa86d2d9e" />
      <TestMethod codeBase="V:/SafetyProgram/SafetyProgram.Base.UnitTests/bin/Debug/SafetyProgram.Base.UnitTests.DLL" adapterTypeName="Microsoft.VisualStudio.TestTools.TestTypes.Unit.UnitTestAdapter, Microsoft.VisualStudio.QualityTools.Tips.UnitTest.Adapter, Version=10.0.0.0, Culture=neutral, PublicKeyToken=b03f5f7f11d50a3a" className="SafetyProgram.Base.UnitTests.MonadOcTests, SafetyProgram.Base.UnitTests, Version=1.0.0.0, Culture=neutral, PublicKeyToken=null" name="MoveElementInMonadOc" />
    </UnitTest>
    <UnitTest name="MoveElementInRaw" storage="v:\safetyprogram\safetyprogram.base.unittests\bin\debug\safetyprogram.base.unittests.dll" id="2a657b60-71a6-30eb-f3bc-7cba2389242f">
      <Execution id="304933f2-103e-41a9-b25d-04a91b555d69" />
      <TestMethod codeBase="V:/SafetyProgram/SafetyProgram.Base.UnitTests/bin/Debug/SafetyProgram.Base.UnitTests.DLL" adapterTypeName="Microsoft.VisualStudio.TestTools.TestTypes.Unit.UnitTestAdapter, Microsoft.VisualStudio.QualityTools.Tips.UnitTest.Adapter, Version=10.0.0.0, Culture=neutral, PublicKeyToken=b03f5f7f11d50a3a" className="SafetyProgram.Base.UnitTests.MonadOcTests, SafetyProgram.Base.UnitTests, Version=1.0.0.0, Culture=neutral, PublicKeyToken=null" name="MoveElementInRaw" />
    </UnitTest>
    <UnitTest name="ReplaceElementInMonadOc" storage="v:\safetyprogram\safetyprogram.base.unittests\bin\debug\safetyprogram.base.unittests.dll" id="aafdef7b-6dfb-fef5-421a-a0ca5c7c5183">
      <Execution id="2037b335-216a-4c66-9aad-619ce36eda1e" />
      <TestMethod codeBase="V:/SafetyProgram/SafetyProgram.Base.UnitTests/bin/Debug/SafetyProgram.Base.UnitTests.DLL" adapterTypeName="Microsoft.VisualStudio.TestTools.TestTypes.Unit.UnitTestAdapter, Microsoft.VisualStudio.QualityTools.Tips.UnitTest.Adapter, Version=10.0.0.0, Culture=neutral, PublicKeyToken=b03f5f7f11d50a3a" className="SafetyProgram.Base.UnitTests.MonadOcTests, SafetyProgram.Base.UnitTests, Version=1.0.0.0, Culture=neutral, PublicKeyToken=null" name="ReplaceElementInMonadOc" />
    </UnitTest>
    <UnitTest name="ReplaceElementInRaw" storage="v:\safetyprogram\safetyprogram.base.unittests\bin\debug\safetyprogram.base.unittests.dll" id="b170f9ae-f729-e2c5-ecbe-7957fbf2b02d">
      <Execution id="fd520f6e-f7fa-42f0-b482-c0bccb751e03" />
      <TestMethod codeBase="V:/SafetyProgram/SafetyProgram.Base.UnitTests/bin/Debug/SafetyProgram.Base.UnitTests.DLL" adapterTypeName="Microsoft.VisualStudio.TestTools.TestTypes.Unit.UnitTestAdapter, Microsoft.VisualStudio.QualityTools.Tips.UnitTest.Adapter, Version=10.0.0.0, Culture=neutral, PublicKeyToken=b03f5f7f11d50a3a" className="SafetyProgram.Base.UnitTests.MonadOcTests, SafetyProgram.Base.UnitTests, Version=1.0.0.0, Culture=neutral, PublicKeyToken=null" name="ReplaceElementInRaw" />
    </UnitTest>
    <UnitTest name="AddElementToMonadOc" storage="v:\safetyprogram\safetyprogram.base.unittests\bin\debug\safetyprogram.base.unittests.dll" id="dbaba95a-1acc-504e-ef52-7e8dfe085000">
      <Execution id="bd03b157-df39-411e-9867-a38172c53a44" />
      <TestMethod codeBase="V:/SafetyProgram/SafetyProgram.Base.UnitTests/bin/Debug/SafetyProgram.Base.UnitTests.DLL" adapterTypeName="Microsoft.VisualStudio.TestTools.TestTypes.Unit.UnitTestAdapter, Microsoft.VisualStudio.QualityTools.Tips.UnitTest.Adapter, Version=10.0.0.0, Culture=neutral, PublicKeyToken=b03f5f7f11d50a3a" className="SafetyProgram.Base.UnitTests.MonadOcTests, SafetyProgram.Base.UnitTests, Version=1.0.0.0, Culture=neutral, PublicKeyToken=null" name="AddElementToMonadOc" />
    </UnitTest>
    <UnitTest name="ConstructMonadOc" storage="v:\safetyprogram\safetyprogram.base.unittests\bin\debug\safetyprogram.base.unittests.dll" id="fddc7002-5216-7174-e3dc-a857f9c37231">
      <Execution id="aad64b1f-5416-44e9-b1c0-178501c28f5c" />
      <TestMethod codeBase="V:/SafetyProgram/SafetyProgram.Base.UnitTests/bin/Debug/SafetyProgram.Base.UnitTests.DLL" adapterTypeName="Microsoft.VisualStudio.TestTools.TestTypes.Unit.UnitTestAdapter, Microsoft.VisualStudio.QualityTools.Tips.UnitTest.Adapter, Version=10.0.0.0, Culture=neutral, PublicKeyToken=b03f5f7f11d50a3a" className="SafetyProgram.Base.UnitTests.MonadOcTests, SafetyProgram.Base.UnitTests, Version=1.0.0.0, Culture=neutral, PublicKeyToken=null" name="ConstructMonadOc" />
    </UnitTest>
    <UnitTest name="ResetRaw" storage="v:\safetyprogram\safetyprogram.base.unittests\bin\debug\safetyprogram.base.unittests.dll" id="e59546c4-1239-9190-80a1-074e4f6b5753">
      <Execution id="757de9cf-dc48-4b2c-9250-b9cf8d1e3a6e" />
      <TestMethod codeBase="V:/SafetyProgram/SafetyProgram.Base.UnitTests/bin/Debug/SafetyProgram.Base.UnitTests.DLL" adapterTypeName="Microsoft.VisualStudio.TestTools.TestTypes.Unit.UnitTestAdapter, Microsoft.VisualStudio.QualityTools.Tips.UnitTest.Adapter, Version=10.0.0.0, Culture=neutral, PublicKeyToken=b03f5f7f11d50a3a" className="SafetyProgram.Base.UnitTests.MonadOcTests, SafetyProgram.Base.UnitTests, Version=1.0.0.0, Culture=neutral, PublicKeyToken=null" name="ResetRaw" />
    </UnitTest>
    <UnitTest name="RemoveElementFromRaw" storage="v:\safetyprogram\safetyprogram.base.unittests\bin\debug\safetyprogram.base.unittests.dll" id="79243f40-9064-2c12-a945-c712aa988c23">
      <Execution id="3121d043-2753-4e12-8d57-0125cb886904" />
      <TestMethod codeBase="V:/SafetyProgram/SafetyProgram.Base.UnitTests/bin/Debug/SafetyProgram.Base.UnitTests.DLL" adapterTypeName="Microsoft.VisualStudio.TestTools.TestTypes.Unit.UnitTestAdapter, Microsoft.VisualStudio.QualityTools.Tips.UnitTest.Adapter, Version=10.0.0.0, Culture=neutral, PublicKeyToken=b03f5f7f11d50a3a" className="SafetyProgram.Base.UnitTests.MonadOcTests, SafetyProgram.Base.UnitTests, Version=1.0.0.0, Culture=neutral, PublicKeyToken=null" name="RemoveElementFromRaw" />
    </UnitTest>
    <UnitTest name="LoadFileTest" storage="v:\safetyprogram\safetyprogram.configuration.unittests\bin\debug\safetyprogram.configuration.unittests.dll" id="9754d8b9-de29-f3a6-5002-083b34607f53">
      <Execution id="7315182e-eaa9-4c1d-82b9-e5eb1b278da4" />
      <TestMethod codeBase="V:/SafetyProgram/SafetyProgram.Configuration.UnitTests/bin/Debug/SafetyProgram.Configuration.UnitTests.DLL" adapterTypeName="Microsoft.VisualStudio.TestTools.TestTypes.Unit.UnitTestAdapter, Microsoft.VisualStudio.QualityTools.Tips.UnitTest.Adapter, Version=10.0.0.0, Culture=neutral, PublicKeyToken=b03f5f7f11d50a3a" className="SafetyProgram.Configuration.UnitTests.LocalConfigurationFileTest, SafetyProgram.Configuration.UnitTests, Version=1.0.0.0, Culture=neutral, PublicKeyToken=null" name="LoadFileTest" />
    </UnitTest>
    <UnitTest name="RemoveElementFromMonadOc" storage="v:\safetyprogram\safetyprogram.base.unittests\bin\debug\safetyprogram.base.unittests.dll" id="42949265-b5a7-e6ed-f1af-c24e0fecf1df">
      <Execution id="15e8a4a9-43d3-49b6-888d-532bf9af13b7" />
      <TestMethod codeBase="V:/SafetyProgram/SafetyProgram.Base.UnitTests/bin/Debug/SafetyProgram.Base.UnitTests.DLL" adapterTypeName="Microsoft.VisualStudio.TestTools.TestTypes.Unit.UnitTestAdapter, Microsoft.VisualStudio.QualityTools.Tips.UnitTest.Adapter, Version=10.0.0.0, Culture=neutral, PublicKeyToken=b03f5f7f11d50a3a" className="SafetyProgram.Base.UnitTests.MonadOcTests, SafetyProgram.Base.UnitTests, Version=1.0.0.0, Culture=neutral, PublicKeyToken=null" name="RemoveElementFromMonadOc" />
    </UnitTest>
    <UnitTest name="AddElementToRaw" storage="v:\safetyprogram\safetyprogram.base.unittests\bin\debug\safetyprogram.base.unittests.dll" id="e9c01972-9bfd-b152-bff3-a1975c7ff12b">
      <Execution id="5e9040a3-86b7-4051-ad28-3b463aac296f" />
      <TestMethod codeBase="V:/SafetyProgram/SafetyProgram.Base.UnitTests/bin/Debug/SafetyProgram.Base.UnitTests.DLL" adapterTypeName="Microsoft.VisualStudio.TestTools.TestTypes.Unit.UnitTestAdapter, Microsoft.VisualStudio.QualityTools.Tips.UnitTest.Adapter, Version=10.0.0.0, Culture=neutral, PublicKeyToken=b03f5f7f11d50a3a" className="SafetyProgram.Base.UnitTests.MonadOcTests, SafetyProgram.Base.UnitTests, Version=1.0.0.0, Culture=neutral, PublicKeyToken=null" name="AddElementToRaw" />
    </UnitTest>
  </TestDefinitions>
  <TestLists>
    <TestList name="Results Not in a List" id="8c84fa94-04c1-424b-9868-57a2d4851a1d" />
    <TestList name="All Loaded Results" id="19431567-8539-422a-85d7-44ee4e166bda" />
  </TestLists>
  <TestEntries>
    <TestEntry testId="007c1aa1-b761-2c4d-8605-4399e559290d" executionId="f04967b1-3a2a-447f-8924-ef6b58d29e8a" testListId="8c84fa94-04c1-424b-9868-57a2d4851a1d" />
    <TestEntry testId="2a657b60-71a6-30eb-f3bc-7cba2389242f" executionId="304933f2-103e-41a9-b25d-04a91b555d69" testListId="8c84fa94-04c1-424b-9868-57a2d4851a1d" />
    <TestEntry testId="42949265-b5a7-e6ed-f1af-c24e0fecf1df" executionId="15e8a4a9-43d3-49b6-888d-532bf9af13b7" testListId="8c84fa94-04c1-424b-9868-57a2d4851a1d" />
    <TestEntry testId="79243f40-9064-2c12-a945-c712aa988c23" executionId="3121d043-2753-4e12-8d57-0125cb886904" testListId="8c84fa94-04c1-424b-9868-57a2d4851a1d" />
    <TestEntry testId="9754d8b9-de29-f3a6-5002-083b34607f53" executionId="7315182e-eaa9-4c1d-82b9-e5eb1b278da4" testListId="8c84fa94-04c1-424b-9868-57a2d4851a1d" />
    <TestEntry testId="aafdef7b-6dfb-fef5-421a-a0ca5c7c5183" executionId="2037b335-216a-4c66-9aad-619ce36eda1e" testListId="8c84fa94-04c1-424b-9868-57a2d4851a1d" />
    <TestEntry testId="b170f9ae-f729-e2c5-ecbe-7957fbf2b02d" executionId="fd520f6e-f7fa-42f0-b482-c0bccb751e03" testListId="8c84fa94-04c1-424b-9868-57a2d4851a1d" />
    <TestEntry testId="dbaba95a-1acc-504e-ef52-7e8dfe085000" executionId="bd03b157-df39-411e-9867-a38172c53a44" testListId="8c84fa94-04c1-424b-9868-57a2d4851a1d" />
    <TestEntry testId="e59546c4-1239-9190-80a1-074e4f6b5753" executionId="757de9cf-dc48-4b2c-9250-b9cf8d1e3a6e" testListId="8c84fa94-04c1-424b-9868-57a2d4851a1d" />
    <TestEntry testId="e8a9eb93-f989-312d-b315-2192089313b8" executionId="045a5344-1675-4b14-8ae2-043fa86d2d9e" testListId="8c84fa94-04c1-424b-9868-57a2d4851a1d" />
    <TestEntry testId="e9c01972-9bfd-b152-bff3-a1975c7ff12b" executionId="5e9040a3-86b7-4051-ad28-3b463aac296f" testListId="8c84fa94-04c1-424b-9868-57a2d4851a1d" />
    <TestEntry testId="fddc7002-5216-7174-e3dc-a857f9c37231" executionId="aad64b1f-5416-44e9-b1c0-178501c28f5c" testListId="8c84fa94-04c1-424b-9868-57a2d4851a1d" />
  </TestEntries>
  <Results>
    <UnitTestResult executionId="f04967b1-3a2a-447f-8924-ef6b58d29e8a" testId="007c1aa1-b761-2c4d-8605-4399e559290d" testName="ResetMonadOc" computerName="ADAMK117-PC" duration="00:00:00.0125882" startTime="2013-05-02T22:24:15.8137942+01:00" endTime="2013-05-02T22:24:16.3628256+01:00" testType="13cdc9d9-ddb5-4fa4-a97d-d965ccfc6d4b" outcome="Passed" testListId="8c84fa94-04c1-424b-9868-57a2d4851a1d" relativeResultsDirectory="f04967b1-3a2a-447f-8924-ef6b58d29e8a">
    </UnitTestResult>
    <UnitTestResult executionId="304933f2-103e-41a9-b25d-04a91b555d69" testId="2a657b60-71a6-30eb-f3bc-7cba2389242f" testName="MoveElementInRaw" computerName="ADAMK117-PC" duration="00:00:00.0007703" startTime="2013-05-02T22:24:16.3668259+01:00" endTime="2013-05-02T22:24:16.3738263+01:00" testType="13cdc9d9-ddb5-4fa4-a97d-d965ccfc6d4b" outcome="Passed" testListId="8c84fa94-04c1-424b-9868-57a2d4851a1d" relativeResultsDirectory="304933f2-103e-41a9-b25d-04a91b555d69">
    </UnitTestResult>
    <UnitTestResult executionId="15e8a4a9-43d3-49b6-888d-532bf9af13b7" testId="42949265-b5a7-e6ed-f1af-c24e0fecf1df" testName="RemoveElementFromMonadOc" computerName="ADAMK117-PC" duration="00:00:00.0007468" startTime="2013-05-02T22:24:16.3798266+01:00" endTime="2013-05-02T22:24:16.3858270+01:00" testType="13cdc9d9-ddb5-4fa4-a97d-d965ccfc6d4b" outcome="Passed" testListId="8c84fa94-04c1-424b-9868-57a2d4851a1d" relativeResultsDirectory="15e8a4a9-43d3-49b6-888d-532bf9af13b7">
    </UnitTestResult>
    <UnitTestResult executionId="3121d043-2753-4e12-8d57-0125cb886904" testId="79243f40-9064-2c12-a945-c712aa988c23" testName="RemoveElementFromRaw" computerName="ADAMK117-PC" duration="00:00:00.0006247" startTime="2013-05-02T22:24:16.3888271+01:00" endTime="2013-05-02T22:24:16.3948275+01:00" testType="13cdc9d9-ddb5-4fa4-a97d-d965ccfc6d4b" outcome="Passed" testListId="8c84fa94-04c1-424b-9868-57a2d4851a1d" relativeResultsDirectory="3121d043-2753-4e12-8d57-0125cb886904">
    </UnitTestResult>
    <UnitTestResult executionId="7315182e-eaa9-4c1d-82b9-e5eb1b278da4" testId="9754d8b9-de29-f3a6-5002-083b34607f53" testName="LoadFileTest" computerName="ADAMK117-PC" duration="00:00:11.4196532" startTime="2013-05-02T22:24:16.3978276+01:00" endTime="2013-05-02T22:24:27.8174808+01:00" testType="13cdc9d9-ddb5-4fa4-a97d-d965ccfc6d4b" outcome="Aborted" testListId="8c84fa94-04c1-424b-9868-57a2d4851a1d" relativeResultsDirectory="7315182e-eaa9-4c1d-82b9-e5eb1b278da4">
    </UnitTestResult>
    <UnitTestResult executionId="2037b335-216a-4c66-9aad-619ce36eda1e" testId="aafdef7b-6dfb-fef5-421a-a0ca5c7c5183" testName="ReplaceElementInMonadOc" computerName="ADAMK117-PC" testType="13cdc9d9-ddb5-4fa4-a97d-d965ccfc6d4b" outcome="NotExecuted" testListId="8c84fa94-04c1-424b-9868-57a2d4851a1d" relativeResultsDirectory="2037b335-216a-4c66-9aad-619ce36eda1e">
    </UnitTestResult>
    <UnitTestResult executionId="fd520f6e-f7fa-42f0-b482-c0bccb751e03" testId="b170f9ae-f729-e2c5-ecbe-7957fbf2b02d" testName="ReplaceElementInRaw" computerName="ADAMK117-PC" testType="13cdc9d9-ddb5-4fa4-a97d-d965ccfc6d4b" outcome="NotExecuted" testListId="8c84fa94-04c1-424b-9868-57a2d4851a1d" relativeResultsDirectory="fd520f6e-f7fa-42f0-b482-c0bccb751e03">
    </UnitTestResult>
    <UnitTestResult executionId="bd03b157-df39-411e-9867-a38172c53a44" testId="dbaba95a-1acc-504e-ef52-7e8dfe085000" testName="AddElementToMonadOc" computerName="ADAMK117-PC" testType="13cdc9d9-ddb5-4fa4-a97d-d965ccfc6d4b" outcome="NotExecuted" testListId="8c84fa94-04c1-424b-9868-57a2d4851a1d" relativeResultsDirectory="bd03b157-df39-411e-9867-a38172c53a44">
    </UnitTestResult>
    <UnitTestResult executionId="757de9cf-dc48-4b2c-9250-b9cf8d1e3a6e" testId="e59546c4-1239-9190-80a1-074e4f6b5753" testName="ResetRaw" computerName="ADAMK117-PC" testType="13cdc9d9-ddb5-4fa4-a97d-d965ccfc6d4b" outcome="NotExecuted" testListId="8c84fa94-04c1-424b-9868-57a2d4851a1d" relativeResultsDirectory="757de9cf-dc48-4b2c-9250-b9cf8d1e3a6e">
    </UnitTestResult>
    <UnitTestResult executionId="045a5344-1675-4b14-8ae2-043fa86d2d9e" testId="e8a9eb93-f989-312d-b315-2192089313b8" testName="MoveElementInMonadOc" computerName="ADAMK117-PC" testType="13cdc9d9-ddb5-4fa4-a97d-d965ccfc6d4b" outcome="NotExecuted" testListId="8c84fa94-04c1-424b-9868-57a2d4851a1d" relativeResultsDirectory="045a5344-1675-4b14-8ae2-043fa86d2d9e">
    </UnitTestResult>
    <UnitTestResult executionId="5e9040a3-86b7-4051-ad28-3b463aac296f" testId="e9c01972-9bfd-b152-bff3-a1975c7ff12b" testName="AddElementToRaw" computerName="ADAMK117-PC" testType="13cdc9d9-ddb5-4fa4-a97d-d965ccfc6d4b" outcome="NotExecuted" testListId="8c84fa94-04c1-424b-9868-57a2d4851a1d" relativeResultsDirectory="5e9040a3-86b7-4051-ad28-3b463aac296f">
    </UnitTestResult>
    <UnitTestResult executionId="aad64b1f-5416-44e9-b1c0-178501c28f5c" testId="fddc7002-5216-7174-e3dc-a857f9c37231" testName="ConstructMonadOc" computerName="ADAMK117-PC" testType="13cdc9d9-ddb5-4fa4-a97d-d965ccfc6d4b" outcome="NotExecuted" testListId="8c84fa94-04c1-424b-9868-57a2d4851a1d" relativeResultsDirectory="aad64b1f-5416-44e9-b1c0-178501c28f5c">
    </UnitTestResult>
  </Results>
</TestRun>