<?xml version="1.0" encoding="UTF-8"?>
<TestRun id="26df4d38-fc6c-4dc1-b046-76c44b6ba94d" name="AdamK117@ADAMK117-PC 2013-04-18 18:37:32" runUser="AdamK117-PC\AdamK117" xmlns="http://microsoft.com/schemas/VisualStudio/TeamTest/2010">
  <TestSettings name="Local" id="003826a5-a045-4c04-9e0a-eb37b7bf6aff">
    <Description>These are default test settings for a local test run.</Description>
    <Deployment enabled="false" runDeploymentRoot="AdamK117_ADAMK117-PC 2013-04-18 18_37_32">
      <DeploymentItem filename="V:\SafetyProgram\SafetyProgram\bin\Debug\SafetyProgram.exe" />
      <DeploymentItem filename="V:\SafetyProgram\SafetyProgram.Document\bin\Debug\SafetyProgram.Document.dll" />
      <DeploymentItem filename="V:\SafetyProgram\SafetyProgram.BaseClasses\bin\Debug\SafetyProgram.BaseClasses.dll" />
      <DeploymentItem filename="V:\SafetyProgram\Moq.4.0.10827\NET40\Moq.dll" />
    </Deployment>
    <Execution>
      <TestTypeSpecific />
      <AgentRule name="Execution Agents">
      </AgentRule>
    </Execution>
  </TestSettings>
  <Times creation="2013-04-18T18:37:32.9517047+01:00" queuing="2013-04-18T18:37:32.9607052+01:00" start="2013-04-18T18:37:32.9647054+01:00" finish="2013-04-18T18:37:33.4127310+01:00" />
  <ResultSummary outcome="Completed">
    <Counters total="3" executed="3" passed="3" error="0" failed="0" timeout="0" aborted="0" inconclusive="0" passedButRunAborted="0" notRunnable="0" notExecuted="0" disconnected="0" warning="0" completed="0" inProgress="0" pending="0" />
  </ResultSummary>
  <TestDefinitions>
    <UnitTest name="Test_Document_Api" storage="v:\safetyprogram\safetyprogram.unittests\bin\debug\safetyprogram.unittests.dll" id="9d16889e-8ea5-6982-051d-0c6ff4ee318b">
      <Execution id="f67fb285-828a-43c4-9945-f783a3fcfd72" />
      <TestMethod codeBase="V:/SafetyProgram/SafetyProgram.UnitTests/bin/Debug/SafetyProgram.UnitTests.DLL" adapterTypeName="Microsoft.VisualStudio.TestTools.TestTypes.Unit.UnitTestAdapter, Microsoft.VisualStudio.QualityTools.Tips.UnitTest.Adapter, Version=10.0.0.0, Culture=neutral, PublicKeyToken=b03f5f7f11d50a3a" className="SafetyProgram.UnitTests.UnitTest1, SafetyProgram.UnitTests, Version=1.0.0.0, Culture=neutral, PublicKeyToken=null" name="Test_Document_Api" />
    </UnitTest>
    <UnitTest name="CoshhWindow_ChangeDocument" storage="v:\safetyprogram\safetyprogram.unittests\bin\debug\safetyprogram.unittests.dll" id="df889819-eb8d-5692-fb30-5757c6f0bc18">
      <Execution id="9e318fd0-0059-4b19-a64f-7368c57b51d9" />
      <TestMethod codeBase="V:/SafetyProgram/SafetyProgram.UnitTests/bin/Debug/SafetyProgram.UnitTests.DLL" adapterTypeName="Microsoft.VisualStudio.TestTools.TestTypes.Unit.UnitTestAdapter, Microsoft.VisualStudio.QualityTools.Tips.UnitTest.Adapter, Version=10.0.0.0, Culture=neutral, PublicKeyToken=b03f5f7f11d50a3a" className="SafetyProgram.UnitTests.UnitTest1, SafetyProgram.UnitTests, Version=1.0.0.0, Culture=neutral, PublicKeyToken=null" name="CoshhWindow_ChangeDocument" />
    </UnitTest>
    <UnitTest name="CoshhWindow_ChangeService" storage="v:\safetyprogram\safetyprogram.unittests\bin\debug\safetyprogram.unittests.dll" id="bdd91995-8006-0fd6-0e1e-419106fc07b3">
      <Execution id="43c144b6-2d60-4d0f-bca3-10deb191b96a" />
      <TestMethod codeBase="V:/SafetyProgram/SafetyProgram.UnitTests/bin/Debug/SafetyProgram.UnitTests.DLL" adapterTypeName="Microsoft.VisualStudio.TestTools.TestTypes.Unit.UnitTestAdapter, Microsoft.VisualStudio.QualityTools.Tips.UnitTest.Adapter, Version=10.0.0.0, Culture=neutral, PublicKeyToken=b03f5f7f11d50a3a" className="SafetyProgram.UnitTests.UnitTest1, SafetyProgram.UnitTests, Version=1.0.0.0, Culture=neutral, PublicKeyToken=null" name="CoshhWindow_ChangeService" />
    </UnitTest>
  </TestDefinitions>
  <TestLists>
    <TestList name="Results Not in a List" id="8c84fa94-04c1-424b-9868-57a2d4851a1d" />
    <TestList name="All Loaded Results" id="19431567-8539-422a-85d7-44ee4e166bda" />
  </TestLists>
  <TestEntries>
    <TestEntry testId="9d16889e-8ea5-6982-051d-0c6ff4ee318b" executionId="f67fb285-828a-43c4-9945-f783a3fcfd72" testListId="8c84fa94-04c1-424b-9868-57a2d4851a1d" />
    <TestEntry testId="bdd91995-8006-0fd6-0e1e-419106fc07b3" executionId="43c144b6-2d60-4d0f-bca3-10deb191b96a" testListId="8c84fa94-04c1-424b-9868-57a2d4851a1d" />
    <TestEntry testId="df889819-eb8d-5692-fb30-5757c6f0bc18" executionId="9e318fd0-0059-4b19-a64f-7368c57b51d9" testListId="8c84fa94-04c1-424b-9868-57a2d4851a1d" />
  </TestEntries>
  <Results>
    <UnitTestResult executionId="f67fb285-828a-43c4-9945-f783a3fcfd72" testId="9d16889e-8ea5-6982-051d-0c6ff4ee318b" testName="Test_Document_Api" computerName="ADAMK117-PC" duration="00:00:00.2838486" startTime="2013-04-18T18:37:32.9667055+01:00" endTime="2013-04-18T18:37:33.3747289+01:00" testType="13cdc9d9-ddb5-4fa4-a97d-d965ccfc6d4b" outcome="Passed" testListId="8c84fa94-04c1-424b-9868-57a2d4851a1d" relativeResultsDirectory="f67fb285-828a-43c4-9945-f783a3fcfd72">
    </UnitTestResult>
    <UnitTestResult executionId="43c144b6-2d60-4d0f-bca3-10deb191b96a" testId="bdd91995-8006-0fd6-0e1e-419106fc07b3" testName="CoshhWindow_ChangeService" computerName="ADAMK117-PC" duration="00:00:00.0094951" startTime="2013-04-18T18:37:33.3757289+01:00" endTime="2013-04-18T18:37:33.3887297+01:00" testType="13cdc9d9-ddb5-4fa4-a97d-d965ccfc6d4b" outcome="Passed" testListId="8c84fa94-04c1-424b-9868-57a2d4851a1d" relativeResultsDirectory="43c144b6-2d60-4d0f-bca3-10deb191b96a">
    </UnitTestResult>
    <UnitTestResult executionId="9e318fd0-0059-4b19-a64f-7368c57b51d9" testId="df889819-eb8d-5692-fb30-5757c6f0bc18" testName="CoshhWindow_ChangeDocument" computerName="ADAMK117-PC" duration="00:00:00.0084057" startTime="2013-04-18T18:37:33.3897297+01:00" endTime="2013-04-18T18:37:33.4007304+01:00" testType="13cdc9d9-ddb5-4fa4-a97d-d965ccfc6d4b" outcome="Passed" testListId="8c84fa94-04c1-424b-9868-57a2d4851a1d" relativeResultsDirectory="9e318fd0-0059-4b19-a64f-7368c57b51d9">
    </UnitTestResult>
  </Results>
</TestRun>