<?xml version="1.0" encoding="UTF-8"?>
<TestRun id="04ea0e89-c289-46ab-b467-a10720fec7ec" name="AdamK117@ADAMK117-PC 2013-04-18 19:03:18" runUser="AdamK117-PC\AdamK117" xmlns="http://microsoft.com/schemas/VisualStudio/TeamTest/2010">
  <TestSettings name="Local" id="003826a5-a045-4c04-9e0a-eb37b7bf6aff">
    <Description>These are default test settings for a local test run.</Description>
    <Deployment enabled="false" runDeploymentRoot="AdamK117_ADAMK117-PC 2013-04-18 19_03_18">
      <DeploymentItem filename="V:\SafetyProgram\SafetyProgram\bin\Debug\SafetyProgram.exe" />
      <DeploymentItem filename="V:\SafetyProgram\SafetyProgram.Document\bin\Debug\SafetyProgram.Document.dll" />
      <DeploymentItem filename="V:\SafetyProgram\Moq.4.0.10827\NET40\Moq.dll" />
      <DeploymentItem filename="V:\SafetyProgram\SafetyProgram.BaseClasses\bin\Debug\SafetyProgram.BaseClasses.dll" />
      <DeploymentItem filename="V:\SafetyProgram\Fluent.dll" />
    </Deployment>
    <Execution>
      <TestTypeSpecific />
      <AgentRule name="Execution Agents">
      </AgentRule>
    </Execution>
  </TestSettings>
  <Times creation="2013-04-18T19:03:18.7554002+01:00" queuing="2013-04-18T19:03:18.7734012+01:00" start="2013-04-18T19:03:18.7774014+01:00" finish="2013-04-18T19:03:19.2244270+01:00" />
  <ResultSummary outcome="Failed">
    <Counters total="4" executed="4" passed="3" error="0" failed="1" timeout="0" aborted="0" inconclusive="0" passedButRunAborted="0" notRunnable="0" notExecuted="0" disconnected="0" warning="0" completed="0" inProgress="0" pending="0" />
  </ResultSummary>
  <TestDefinitions>
    <UnitTest name="CoshhWindow_ChangeDocument" storage="v:\safetyprogram\safetyprogram.unittests\bin\debug\safetyprogram.unittests.dll" id="df889819-eb8d-5692-fb30-5757c6f0bc18">
      <Execution id="1e067fd2-50e6-4ee8-8421-a065a772967a" />
      <TestMethod codeBase="V:/SafetyProgram/SafetyProgram.UnitTests/bin/Debug/SafetyProgram.UnitTests.DLL" adapterTypeName="Microsoft.VisualStudio.TestTools.TestTypes.Unit.UnitTestAdapter, Microsoft.VisualStudio.QualityTools.Tips.UnitTest.Adapter, Version=10.0.0.0, Culture=neutral, PublicKeyToken=b03f5f7f11d50a3a" className="SafetyProgram.UnitTests.UnitTest1, SafetyProgram.UnitTests, Version=1.0.0.0, Culture=neutral, PublicKeyToken=null" name="CoshhWindow_ChangeDocument" />
    </UnitTest>
    <UnitTest name="CoshhWindow_TestConstruction" storage="v:\safetyprogram\safetyprogram.unittests\bin\debug\safetyprogram.unittests.dll" id="d9cc4aff-edae-676f-47f0-47e1cca33231">
      <Execution id="85ac8693-3655-4723-926f-2b5c636645a7" />
      <TestMethod codeBase="V:/SafetyProgram/SafetyProgram.UnitTests/bin/Debug/SafetyProgram.UnitTests.DLL" adapterTypeName="Microsoft.VisualStudio.TestTools.TestTypes.Unit.UnitTestAdapter, Microsoft.VisualStudio.QualityTools.Tips.UnitTest.Adapter, Version=10.0.0.0, Culture=neutral, PublicKeyToken=b03f5f7f11d50a3a" className="SafetyProgram.UnitTests.UnitTest1, SafetyProgram.UnitTests, Version=1.0.0.0, Culture=neutral, PublicKeyToken=null" name="CoshhWindow_TestConstruction" />
    </UnitTest>
    <UnitTest name="CoshhWindow_ChangeService" storage="v:\safetyprogram\safetyprogram.unittests\bin\debug\safetyprogram.unittests.dll" id="bdd91995-8006-0fd6-0e1e-419106fc07b3">
      <Execution id="ce4409aa-bffc-47bd-bfcc-727791a5686d" />
      <TestMethod codeBase="V:/SafetyProgram/SafetyProgram.UnitTests/bin/Debug/SafetyProgram.UnitTests.DLL" adapterTypeName="Microsoft.VisualStudio.TestTools.TestTypes.Unit.UnitTestAdapter, Microsoft.VisualStudio.QualityTools.Tips.UnitTest.Adapter, Version=10.0.0.0, Culture=neutral, PublicKeyToken=b03f5f7f11d50a3a" className="SafetyProgram.UnitTests.UnitTest1, SafetyProgram.UnitTests, Version=1.0.0.0, Culture=neutral, PublicKeyToken=null" name="CoshhWindow_ChangeService" />
    </UnitTest>
    <UnitTest name="CoshhWindow_SetDocumentNull" storage="v:\safetyprogram\safetyprogram.unittests\bin\debug\safetyprogram.unittests.dll" id="063ab738-f76a-6b26-2235-c0d5ff5b1865">
      <Execution id="73a92839-0e5e-4430-b7bb-f087d401dcf8" />
      <TestMethod codeBase="V:/SafetyProgram/SafetyProgram.UnitTests/bin/Debug/SafetyProgram.UnitTests.DLL" adapterTypeName="Microsoft.VisualStudio.TestTools.TestTypes.Unit.UnitTestAdapter, Microsoft.VisualStudio.QualityTools.Tips.UnitTest.Adapter, Version=10.0.0.0, Culture=neutral, PublicKeyToken=b03f5f7f11d50a3a" className="SafetyProgram.UnitTests.UnitTest1, SafetyProgram.UnitTests, Version=1.0.0.0, Culture=neutral, PublicKeyToken=null" name="CoshhWindow_SetDocumentNull" />
    </UnitTest>
  </TestDefinitions>
  <TestLists>
    <TestList name="Results Not in a List" id="8c84fa94-04c1-424b-9868-57a2d4851a1d" />
    <TestList name="All Loaded Results" id="19431567-8539-422a-85d7-44ee4e166bda" />
  </TestLists>
  <TestEntries>
    <TestEntry testId="063ab738-f76a-6b26-2235-c0d5ff5b1865" executionId="73a92839-0e5e-4430-b7bb-f087d401dcf8" testListId="8c84fa94-04c1-424b-9868-57a2d4851a1d" />
    <TestEntry testId="bdd91995-8006-0fd6-0e1e-419106fc07b3" executionId="ce4409aa-bffc-47bd-bfcc-727791a5686d" testListId="8c84fa94-04c1-424b-9868-57a2d4851a1d" />
    <TestEntry testId="d9cc4aff-edae-676f-47f0-47e1cca33231" executionId="85ac8693-3655-4723-926f-2b5c636645a7" testListId="8c84fa94-04c1-424b-9868-57a2d4851a1d" />
    <TestEntry testId="df889819-eb8d-5692-fb30-5757c6f0bc18" executionId="1e067fd2-50e6-4ee8-8421-a065a772967a" testListId="8c84fa94-04c1-424b-9868-57a2d4851a1d" />
  </TestEntries>
  <Results>
    <UnitTestResult executionId="73a92839-0e5e-4430-b7bb-f087d401dcf8" testId="063ab738-f76a-6b26-2235-c0d5ff5b1865" testName="CoshhWindow_SetDocumentNull" computerName="ADAMK117-PC" duration="00:00:00.2702171" startTime="2013-04-18T19:03:18.7794015+01:00" endTime="2013-04-18T19:03:19.1724240+01:00" testType="13cdc9d9-ddb5-4fa4-a97d-d965ccfc6d4b" outcome="Failed" testListId="8c84fa94-04c1-424b-9868-57a2d4851a1d" relativeResultsDirectory="73a92839-0e5e-4430-b7bb-f087d401dcf8">
      <Output>
        <ErrorInfo>
          <Message>Assert.IsNull failed. CoshhDocument.DocumentChanged event did not send a null reference when CoshhWindow.Document was set to null</Message>
          <StackTrace>   at SafetyProgram.UnitTests.UnitTest1.CoshhWindow_SetDocumentNull() in V:\SafetyProgram\SafetyProgram.UnitTests\UnitTest1.cs:line 61
</StackTrace>
        </ErrorInfo>
      </Output>
    </UnitTestResult>
    <UnitTestResult executionId="ce4409aa-bffc-47bd-bfcc-727791a5686d" testId="bdd91995-8006-0fd6-0e1e-419106fc07b3" testName="CoshhWindow_ChangeService" computerName="ADAMK117-PC" duration="00:00:00.0095326" startTime="2013-04-18T19:03:19.1734241+01:00" endTime="2013-04-18T19:03:19.1864248+01:00" testType="13cdc9d9-ddb5-4fa4-a97d-d965ccfc6d4b" outcome="Passed" testListId="8c84fa94-04c1-424b-9868-57a2d4851a1d" relativeResultsDirectory="ce4409aa-bffc-47bd-bfcc-727791a5686d">
    </UnitTestResult>
    <UnitTestResult executionId="85ac8693-3655-4723-926f-2b5c636645a7" testId="d9cc4aff-edae-676f-47f0-47e1cca33231" testName="CoshhWindow_TestConstruction" computerName="ADAMK117-PC" duration="00:00:00.0075847" startTime="2013-04-18T19:03:19.1884249+01:00" endTime="2013-04-18T19:03:19.1984255+01:00" testType="13cdc9d9-ddb5-4fa4-a97d-d965ccfc6d4b" outcome="Passed" testListId="8c84fa94-04c1-424b-9868-57a2d4851a1d" relativeResultsDirectory="85ac8693-3655-4723-926f-2b5c636645a7">
    </UnitTestResult>
    <UnitTestResult executionId="1e067fd2-50e6-4ee8-8421-a065a772967a" testId="df889819-eb8d-5692-fb30-5757c6f0bc18" testName="CoshhWindow_ChangeDocument" computerName="ADAMK117-PC" duration="00:00:00.0089304" startTime="2013-04-18T19:03:19.2004256+01:00" endTime="2013-04-18T19:03:19.2124263+01:00" testType="13cdc9d9-ddb5-4fa4-a97d-d965ccfc6d4b" outcome="Passed" testListId="8c84fa94-04c1-424b-9868-57a2d4851a1d" relativeResultsDirectory="1e067fd2-50e6-4ee8-8421-a065a772967a">
    </UnitTestResult>
  </Results>
</TestRun>