<?xml version="1.0" encoding="UTF-8"?>
<TestRun id="ebda5a3d-66db-4c0a-867e-73a5f52d0a36" name="AdamK117@ADAMK117-PC 2013-04-18 19:01:53" runUser="AdamK117-PC\AdamK117" xmlns="http://microsoft.com/schemas/VisualStudio/TeamTest/2010">
  <TestSettings name="Local" id="003826a5-a045-4c04-9e0a-eb37b7bf6aff">
    <Description>These are default test settings for a local test run.</Description>
    <Deployment enabled="false" runDeploymentRoot="AdamK117_ADAMK117-PC 2013-04-18 19_01_53">
      <DeploymentItem filename="V:\SafetyProgram\SafetyProgram\bin\Debug\SafetyProgram.exe" />
      <DeploymentItem filename="V:\SafetyProgram\SafetyProgram.Document\bin\Debug\SafetyProgram.Document.dll" />
      <DeploymentItem filename="V:\SafetyProgram\Moq.4.0.10827\NET40\Moq.dll" />
      <DeploymentItem filename="V:\SafetyProgram\SafetyProgram.BaseClasses\bin\Debug\SafetyProgram.BaseClasses.dll" />
      <DeploymentItem filename="V:\SafetyProgram\Fluent.dll" />
    </Deployment>
    <Execution>
      <TestTypeSpecific />
      <AgentRule name="Execution Agents">
      </AgentRule>
    </Execution>
  </TestSettings>
  <Times creation="2013-04-18T19:01:53.6298279+01:00" queuing="2013-04-18T19:01:53.6385780+01:00" start="2013-04-18T19:01:53.6435781+01:00" finish="2013-04-18T19:01:54.0923350+01:00" />
  <ResultSummary outcome="Completed">
    <Counters total="4" executed="4" passed="4" error="0" failed="0" timeout="0" aborted="0" inconclusive="0" passedButRunAborted="0" notRunnable="0" notExecuted="0" disconnected="0" warning="0" completed="0" inProgress="0" pending="0" />
  </ResultSummary>
  <TestDefinitions>
    <UnitTest name="CoshhWindow_ChangeDocument" storage="v:\safetyprogram\safetyprogram.unittests\bin\debug\safetyprogram.unittests.dll" id="df889819-eb8d-5692-fb30-5757c6f0bc18">
      <Execution id="06187e4d-18e8-4c71-8d33-88b547f24de2" />
      <TestMethod codeBase="V:/SafetyProgram/SafetyProgram.UnitTests/bin/Debug/SafetyProgram.UnitTests.DLL" adapterTypeName="Microsoft.VisualStudio.TestTools.TestTypes.Unit.UnitTestAdapter, Microsoft.VisualStudio.QualityTools.Tips.UnitTest.Adapter, Version=10.0.0.0, Culture=neutral, PublicKeyToken=b03f5f7f11d50a3a" className="SafetyProgram.UnitTests.UnitTest1, SafetyProgram.UnitTests, Version=1.0.0.0, Culture=neutral, PublicKeyToken=null" name="CoshhWindow_ChangeDocument" />
    </UnitTest>
    <UnitTest name="CoshhWindow_TestConstruction" storage="v:\safetyprogram\safetyprogram.unittests\bin\debug\safetyprogram.unittests.dll" id="d9cc4aff-edae-676f-47f0-47e1cca33231">
      <Execution id="0354f77b-edcc-4bc0-91fa-1b2b92d47f82" />
      <TestMethod codeBase="V:/SafetyProgram/SafetyProgram.UnitTests/bin/Debug/SafetyProgram.UnitTests.DLL" adapterTypeName="Microsoft.VisualStudio.TestTools.TestTypes.Unit.UnitTestAdapter, Microsoft.VisualStudio.QualityTools.Tips.UnitTest.Adapter, Version=10.0.0.0, Culture=neutral, PublicKeyToken=b03f5f7f11d50a3a" className="SafetyProgram.UnitTests.UnitTest1, SafetyProgram.UnitTests, Version=1.0.0.0, Culture=neutral, PublicKeyToken=null" name="CoshhWindow_TestConstruction" />
    </UnitTest>
    <UnitTest name="CoshhWindow_ChangeService" storage="v:\safetyprogram\safetyprogram.unittests\bin\debug\safetyprogram.unittests.dll" id="bdd91995-8006-0fd6-0e1e-419106fc07b3">
      <Execution id="f6a67361-becd-4d35-a580-f2b81d736a88" />
      <TestMethod codeBase="V:/SafetyProgram/SafetyProgram.UnitTests/bin/Debug/SafetyProgram.UnitTests.DLL" adapterTypeName="Microsoft.VisualStudio.TestTools.TestTypes.Unit.UnitTestAdapter, Microsoft.VisualStudio.QualityTools.Tips.UnitTest.Adapter, Version=10.0.0.0, Culture=neutral, PublicKeyToken=b03f5f7f11d50a3a" className="SafetyProgram.UnitTests.UnitTest1, SafetyProgram.UnitTests, Version=1.0.0.0, Culture=neutral, PublicKeyToken=null" name="CoshhWindow_ChangeService" />
    </UnitTest>
    <UnitTest name="CoshhWindow_SetDocumentNull" storage="v:\safetyprogram\safetyprogram.unittests\bin\debug\safetyprogram.unittests.dll" id="063ab738-f76a-6b26-2235-c0d5ff5b1865">
      <Execution id="becd5821-0859-4e2d-ba58-de9ea7a02bad" />
      <TestMethod codeBase="V:/SafetyProgram/SafetyProgram.UnitTests/bin/Debug/SafetyProgram.UnitTests.DLL" adapterTypeName="Microsoft.VisualStudio.TestTools.TestTypes.Unit.UnitTestAdapter, Microsoft.VisualStudio.QualityTools.Tips.UnitTest.Adapter, Version=10.0.0.0, Culture=neutral, PublicKeyToken=b03f5f7f11d50a3a" className="SafetyProgram.UnitTests.UnitTest1, SafetyProgram.UnitTests, Version=1.0.0.0, Culture=neutral, PublicKeyToken=null" name="CoshhWindow_SetDocumentNull" />
    </UnitTest>
  </TestDefinitions>
  <TestLists>
    <TestList name="Results Not in a List" id="8c84fa94-04c1-424b-9868-57a2d4851a1d" />
    <TestList name="All Loaded Results" id="19431567-8539-422a-85d7-44ee4e166bda" />
  </TestLists>
  <TestEntries>
    <TestEntry testId="063ab738-f76a-6b26-2235-c0d5ff5b1865" executionId="becd5821-0859-4e2d-ba58-de9ea7a02bad" testListId="8c84fa94-04c1-424b-9868-57a2d4851a1d" />
    <TestEntry testId="bdd91995-8006-0fd6-0e1e-419106fc07b3" executionId="f6a67361-becd-4d35-a580-f2b81d736a88" testListId="8c84fa94-04c1-424b-9868-57a2d4851a1d" />
    <TestEntry testId="d9cc4aff-edae-676f-47f0-47e1cca33231" executionId="0354f77b-edcc-4bc0-91fa-1b2b92d47f82" testListId="8c84fa94-04c1-424b-9868-57a2d4851a1d" />
    <TestEntry testId="df889819-eb8d-5692-fb30-5757c6f0bc18" executionId="06187e4d-18e8-4c71-8d33-88b547f24de2" testListId="8c84fa94-04c1-424b-9868-57a2d4851a1d" />
  </TestEntries>
  <Results>
    <UnitTestResult executionId="becd5821-0859-4e2d-ba58-de9ea7a02bad" testId="063ab738-f76a-6b26-2235-c0d5ff5b1865" testName="CoshhWindow_SetDocumentNull" computerName="ADAMK117-PC" duration="00:00:00.2624101" startTime="2013-04-18T19:01:53.6448281+01:00" endTime="2013-04-18T19:01:54.0323341+01:00" testType="13cdc9d9-ddb5-4fa4-a97d-d965ccfc6d4b" outcome="Passed" testListId="8c84fa94-04c1-424b-9868-57a2d4851a1d" relativeResultsDirectory="becd5821-0859-4e2d-ba58-de9ea7a02bad">
    </UnitTestResult>
    <UnitTestResult executionId="f6a67361-becd-4d35-a580-f2b81d736a88" testId="bdd91995-8006-0fd6-0e1e-419106fc07b3" testName="CoshhWindow_ChangeService" computerName="ADAMK117-PC" duration="00:00:00.0086007" startTime="2013-04-18T19:01:54.0335841+01:00" endTime="2013-04-18T19:01:54.0448343+01:00" testType="13cdc9d9-ddb5-4fa4-a97d-d965ccfc6d4b" outcome="Passed" testListId="8c84fa94-04c1-424b-9868-57a2d4851a1d" relativeResultsDirectory="f6a67361-becd-4d35-a580-f2b81d736a88">
    </UnitTestResult>
    <UnitTestResult executionId="0354f77b-edcc-4bc0-91fa-1b2b92d47f82" testId="d9cc4aff-edae-676f-47f0-47e1cca33231" testName="CoshhWindow_TestConstruction" computerName="ADAMK117-PC" duration="00:00:00.0078294" startTime="2013-04-18T19:01:54.0460843+01:00" endTime="2013-04-18T19:01:54.0573345+01:00" testType="13cdc9d9-ddb5-4fa4-a97d-d965ccfc6d4b" outcome="Passed" testListId="8c84fa94-04c1-424b-9868-57a2d4851a1d" relativeResultsDirectory="0354f77b-edcc-4bc0-91fa-1b2b92d47f82">
    </UnitTestResult>
    <UnitTestResult executionId="06187e4d-18e8-4c71-8d33-88b547f24de2" testId="df889819-eb8d-5692-fb30-5757c6f0bc18" testName="CoshhWindow_ChangeDocument" computerName="ADAMK117-PC" duration="00:00:00.0093710" startTime="2013-04-18T19:01:54.0585845+01:00" endTime="2013-04-18T19:01:54.0710847+01:00" testType="13cdc9d9-ddb5-4fa4-a97d-d965ccfc6d4b" outcome="Passed" testListId="8c84fa94-04c1-424b-9868-57a2d4851a1d" relativeResultsDirectory="06187e4d-18e8-4c71-8d33-88b547f24de2">
    </UnitTestResult>
  </Results>
</TestRun>