<?xml version="1.0" encoding="UTF-8"?>
<TestRun id="3f094058-8b48-4cc1-826d-52d0e982c050" name="AdamK117@ADAMK117-PC 2013-04-19 00:10:22" runUser="AdamK117-PC\AdamK117" xmlns="http://microsoft.com/schemas/VisualStudio/TeamTest/2010">
  <TestSettings name="Local" id="003826a5-a045-4c04-9e0a-eb37b7bf6aff">
    <Description>These are default test settings for a local test run.</Description>
    <Deployment enabled="false" runDeploymentRoot="AdamK117_ADAMK117-PC 2013-04-19 00_10_22">
      <DeploymentItem filename="V:\SafetyProgram\SafetyProgram.Document\bin\Debug\SafetyProgram.Document.dll" />
      <DeploymentItem filename="V:\SafetyProgram\SafetyProgram.BaseClasses\bin\Debug\SafetyProgram.BaseClasses.dll" />
      <DeploymentItem filename="V:\SafetyProgram\Fluent.dll" />
      <DeploymentItem filename="V:\SafetyProgram\SafetyProgram\bin\Debug\SafetyProgram.exe" />
      <DeploymentItem filename="V:\SafetyProgram\Moq.4.0.10827\NET40\Moq.dll" />
      <DeploymentItem filename="V:\SafetyProgram\SafetyProgram.DocObjects\bin\Debug\SafetyProgram.DocObjects.dll" />
    </Deployment>
    <Execution>
      <TestTypeSpecific />
      <AgentRule name="Execution Agents">
      </AgentRule>
    </Execution>
  </TestSettings>
  <Times creation="2013-04-19T00:10:22.0485486+01:00" queuing="2013-04-19T00:10:22.0772990+01:00" start="2013-04-19T00:10:22.0835491+01:00" finish="2013-04-19T00:10:22.6410577+01:00" />
  <ResultSummary outcome="Failed">
    <Counters total="11" executed="11" passed="2" error="0" failed="9" timeout="0" aborted="0" inconclusive="0" passedButRunAborted="0" notRunnable="0" notExecuted="0" disconnected="0" warning="0" completed="0" inProgress="0" pending="0" />
    <RunInfos>
      <RunInfo computerName="ADAMK117-PC" outcome="Warning" timestamp="2013-04-19T00:10:22.0772990+01:00">
        <Text>Deployment is currently disabled. The deployment item 'SafetyProgram.exe' on test 'SafetyProgram.UnitTests.CoshhRibbonTest.documentChangedTest' was not deployed.</Text>
      </RunInfo>
    </RunInfos>
  </ResultSummary>
  <TestDefinitions>
    <UnitTest name="documentChangedTest" storage="v:\safetyprogram\safetyprogram.unittests\bin\debug\safetyprogram.unittests.dll" id="b5cfc279-d810-274e-b350-7b236383d2bf">
      <DeploymentItems>
        <DeploymentItem filename="SafetyProgram.exe" />
      </DeploymentItems>
      <Execution id="812aafee-1b2b-479e-a508-7233f56d94a2" />
      <TestMethod codeBase="V:/SafetyProgram/SafetyProgram.UnitTests/bin/Debug/SafetyProgram.UnitTests.DLL" adapterTypeName="Microsoft.VisualStudio.TestTools.TestTypes.Unit.UnitTestAdapter, Microsoft.VisualStudio.QualityTools.Tips.UnitTest.Adapter, Version=10.0.0.0, Culture=neutral, PublicKeyToken=b03f5f7f11d50a3a" className="SafetyProgram.UnitTests.CoshhRibbonTest, SafetyProgram.UnitTests, Version=1.0.0.0, Culture=neutral, PublicKeyToken=null" name="documentChangedTest" />
    </UnitTest>
    <UnitTest name="WindowCommandsTest" storage="v:\safetyprogram\safetyprogram.unittests\bin\debug\safetyprogram.unittests.dll" id="2dc15571-cdfc-84e6-2adb-38c757828f4e">
      <Execution id="2b3263be-3449-4093-8d37-568be7b7c908" />
      <TestMethod codeBase="V:/SafetyProgram/SafetyProgram.UnitTests/bin/Debug/SafetyProgram.UnitTests.DLL" adapterTypeName="Microsoft.VisualStudio.TestTools.TestTypes.Unit.UnitTestAdapter, Microsoft.VisualStudio.QualityTools.Tips.UnitTest.Adapter, Version=10.0.0.0, Culture=neutral, PublicKeyToken=b03f5f7f11d50a3a" className="SafetyProgram.UnitTests.CoshhRibbonTest, SafetyProgram.UnitTests, Version=1.0.0.0, Culture=neutral, PublicKeyToken=null" name="WindowCommandsTest" />
    </UnitTest>
    <UnitTest name="DocumentCommandsTest" storage="v:\safetyprogram\safetyprogram.unittests\bin\debug\safetyprogram.unittests.dll" id="b0ca187d-77c3-fd8a-5a3b-e484e100771e">
      <Execution id="4e7c1c9f-249b-4f99-9481-db57d24cab40" />
      <TestMethod codeBase="V:/SafetyProgram/SafetyProgram.UnitTests/bin/Debug/SafetyProgram.UnitTests.DLL" adapterTypeName="Microsoft.VisualStudio.TestTools.TestTypes.Unit.UnitTestAdapter, Microsoft.VisualStudio.QualityTools.Tips.UnitTest.Adapter, Version=10.0.0.0, Culture=neutral, PublicKeyToken=b03f5f7f11d50a3a" className="SafetyProgram.UnitTests.CoshhRibbonTest, SafetyProgram.UnitTests, Version=1.0.0.0, Culture=neutral, PublicKeyToken=null" name="DocumentCommandsTest" />
    </UnitTest>
    <UnitTest name="CoshhWindow_TestConstruction" storage="v:\safetyprogram\safetyprogram.unittests\bin\debug\safetyprogram.unittests.dll" id="5689a082-2bda-b771-35ad-7ad98384552d">
      <Execution id="983bf621-91de-4fbf-a360-36dc71c76db7" />
      <TestMethod codeBase="V:/SafetyProgram/SafetyProgram.UnitTests/bin/Debug/SafetyProgram.UnitTests.DLL" adapterTypeName="Microsoft.VisualStudio.TestTools.TestTypes.Unit.UnitTestAdapter, Microsoft.VisualStudio.QualityTools.Tips.UnitTest.Adapter, Version=10.0.0.0, Culture=neutral, PublicKeyToken=b03f5f7f11d50a3a" className="SafetyProgram.UnitTests.CoshhDocumentApiTests, SafetyProgram.UnitTests, Version=1.0.0.0, Culture=neutral, PublicKeyToken=null" name="CoshhWindow_TestConstruction" />
    </UnitTest>
    <UnitTest name="CoshhWindow_SetDocumentNull" storage="v:\safetyprogram\safetyprogram.unittests\bin\debug\safetyprogram.unittests.dll" id="056f6d2d-14aa-9904-d44f-b569b71765ec">
      <Execution id="f32a563f-6cc0-4f7a-a21f-b74a9472c3df" />
      <TestMethod codeBase="V:/SafetyProgram/SafetyProgram.UnitTests/bin/Debug/SafetyProgram.UnitTests.DLL" adapterTypeName="Microsoft.VisualStudio.TestTools.TestTypes.Unit.UnitTestAdapter, Microsoft.VisualStudio.QualityTools.Tips.UnitTest.Adapter, Version=10.0.0.0, Culture=neutral, PublicKeyToken=b03f5f7f11d50a3a" className="SafetyProgram.UnitTests.CoshhDocumentApiTests, SafetyProgram.UnitTests, Version=1.0.0.0, Culture=neutral, PublicKeyToken=null" name="CoshhWindow_SetDocumentNull" />
    </UnitTest>
    <UnitTest name="CoshhWindow_SetServiceToNull" storage="v:\safetyprogram\safetyprogram.unittests\bin\debug\safetyprogram.unittests.dll" id="2c6b6b18-31bc-f724-aa79-7eb4ede324c1">
      <Execution id="e6923376-a939-4c1a-9ac8-73423daa0de0" />
      <TestMethod codeBase="V:/SafetyProgram/SafetyProgram.UnitTests/bin/Debug/SafetyProgram.UnitTests.DLL" adapterTypeName="Microsoft.VisualStudio.TestTools.TestTypes.Unit.UnitTestAdapter, Microsoft.VisualStudio.QualityTools.Tips.UnitTest.Adapter, Version=10.0.0.0, Culture=neutral, PublicKeyToken=b03f5f7f11d50a3a" className="SafetyProgram.UnitTests.CoshhDocumentApiTests, SafetyProgram.UnitTests, Version=1.0.0.0, Culture=neutral, PublicKeyToken=null" name="CoshhWindow_SetServiceToNull" />
    </UnitTest>
    <UnitTest name="CoshhRibbonConstructorTest" storage="v:\safetyprogram\safetyprogram.unittests\bin\debug\safetyprogram.unittests.dll" id="de7f3a6e-702d-2131-6c3c-0c58059b65b0">
      <Execution id="7f7de5dc-b780-40ba-bad1-9236a79b3018" />
      <TestMethod codeBase="V:/SafetyProgram/SafetyProgram.UnitTests/bin/Debug/SafetyProgram.UnitTests.DLL" adapterTypeName="Microsoft.VisualStudio.TestTools.TestTypes.Unit.UnitTestAdapter, Microsoft.VisualStudio.QualityTools.Tips.UnitTest.Adapter, Version=10.0.0.0, Culture=neutral, PublicKeyToken=b03f5f7f11d50a3a" className="SafetyProgram.UnitTests.CoshhRibbonTest, SafetyProgram.UnitTests, Version=1.0.0.0, Culture=neutral, PublicKeyToken=null" name="CoshhRibbonConstructorTest" />
    </UnitTest>
    <UnitTest name="ViewTest" storage="v:\safetyprogram\safetyprogram.unittests\bin\debug\safetyprogram.unittests.dll" id="d025d492-8365-fbb8-2bc2-5b20876b8619">
      <Execution id="0d92f7b0-5975-46c8-b3da-964e266dff43" />
      <TestMethod codeBase="V:/SafetyProgram/SafetyProgram.UnitTests/bin/Debug/SafetyProgram.UnitTests.DLL" adapterTypeName="Microsoft.VisualStudio.TestTools.TestTypes.Unit.UnitTestAdapter, Microsoft.VisualStudio.QualityTools.Tips.UnitTest.Adapter, Version=10.0.0.0, Culture=neutral, PublicKeyToken=b03f5f7f11d50a3a" className="SafetyProgram.UnitTests.CoshhRibbonTest, SafetyProgram.UnitTests, Version=1.0.0.0, Culture=neutral, PublicKeyToken=null" name="ViewTest" />
    </UnitTest>
    <UnitTest name="CoshhWindow_ChangeDocument" storage="v:\safetyprogram\safetyprogram.unittests\bin\debug\safetyprogram.unittests.dll" id="01136a85-a76c-626a-1c31-adabe0be87a0">
      <Execution id="59357815-1176-4e46-b3f9-e10651929d9a" />
      <TestMethod codeBase="V:/SafetyProgram/SafetyProgram.UnitTests/bin/Debug/SafetyProgram.UnitTests.DLL" adapterTypeName="Microsoft.VisualStudio.TestTools.TestTypes.Unit.UnitTestAdapter, Microsoft.VisualStudio.QualityTools.Tips.UnitTest.Adapter, Version=10.0.0.0, Culture=neutral, PublicKeyToken=b03f5f7f11d50a3a" className="SafetyProgram.UnitTests.CoshhDocumentApiTests, SafetyProgram.UnitTests, Version=1.0.0.0, Culture=neutral, PublicKeyToken=null" name="CoshhWindow_ChangeDocument" />
    </UnitTest>
    <UnitTest name="RibbonVisibilityTest" storage="v:\safetyprogram\safetyprogram.unittests\bin\debug\safetyprogram.unittests.dll" id="a68867b2-b747-5e1c-a518-accc8a31d973">
      <Execution id="e14d5889-ef36-4fd1-8453-b68b8feaf317" />
      <TestMethod codeBase="V:/SafetyProgram/SafetyProgram.UnitTests/bin/Debug/SafetyProgram.UnitTests.DLL" adapterTypeName="Microsoft.VisualStudio.TestTools.TestTypes.Unit.UnitTestAdapter, Microsoft.VisualStudio.QualityTools.Tips.UnitTest.Adapter, Version=10.0.0.0, Culture=neutral, PublicKeyToken=b03f5f7f11d50a3a" className="SafetyProgram.UnitTests.CoshhRibbonTest, SafetyProgram.UnitTests, Version=1.0.0.0, Culture=neutral, PublicKeyToken=null" name="RibbonVisibilityTest" />
    </UnitTest>
    <UnitTest name="CoshhWindow_ChangeService" storage="v:\safetyprogram\safetyprogram.unittests\bin\debug\safetyprogram.unittests.dll" id="5d8f056a-4dd2-f5f6-ab85-d120b30931b5">
      <Execution id="97d153f5-7b10-4db8-9e60-b3e4ad98b6f7" />
      <TestMethod codeBase="V:/SafetyProgram/SafetyProgram.UnitTests/bin/Debug/SafetyProgram.UnitTests.DLL" adapterTypeName="Microsoft.VisualStudio.TestTools.TestTypes.Unit.UnitTestAdapter, Microsoft.VisualStudio.QualityTools.Tips.UnitTest.Adapter, Version=10.0.0.0, Culture=neutral, PublicKeyToken=b03f5f7f11d50a3a" className="SafetyProgram.UnitTests.CoshhDocumentApiTests, SafetyProgram.UnitTests, Version=1.0.0.0, Culture=neutral, PublicKeyToken=null" name="CoshhWindow_ChangeService" />
    </UnitTest>
  </TestDefinitions>
  <TestLists>
    <TestList name="Results Not in a List" id="8c84fa94-04c1-424b-9868-57a2d4851a1d" />
    <TestList name="All Loaded Results" id="19431567-8539-422a-85d7-44ee4e166bda" />
  </TestLists>
  <TestEntries>
    <TestEntry testId="01136a85-a76c-626a-1c31-adabe0be87a0" executionId="59357815-1176-4e46-b3f9-e10651929d9a" testListId="8c84fa94-04c1-424b-9868-57a2d4851a1d" />
    <TestEntry testId="056f6d2d-14aa-9904-d44f-b569b71765ec" executionId="f32a563f-6cc0-4f7a-a21f-b74a9472c3df" testListId="8c84fa94-04c1-424b-9868-57a2d4851a1d" />
    <TestEntry testId="2c6b6b18-31bc-f724-aa79-7eb4ede324c1" executionId="e6923376-a939-4c1a-9ac8-73423daa0de0" testListId="8c84fa94-04c1-424b-9868-57a2d4851a1d" />
    <TestEntry testId="2dc15571-cdfc-84e6-2adb-38c757828f4e" executionId="2b3263be-3449-4093-8d37-568be7b7c908" testListId="8c84fa94-04c1-424b-9868-57a2d4851a1d" />
    <TestEntry testId="5689a082-2bda-b771-35ad-7ad98384552d" executionId="983bf621-91de-4fbf-a360-36dc71c76db7" testListId="8c84fa94-04c1-424b-9868-57a2d4851a1d" />
    <TestEntry testId="5d8f056a-4dd2-f5f6-ab85-d120b30931b5" executionId="97d153f5-7b10-4db8-9e60-b3e4ad98b6f7" testListId="8c84fa94-04c1-424b-9868-57a2d4851a1d" />
    <TestEntry testId="a68867b2-b747-5e1c-a518-accc8a31d973" executionId="e14d5889-ef36-4fd1-8453-b68b8feaf317" testListId="8c84fa94-04c1-424b-9868-57a2d4851a1d" />
    <TestEntry testId="b0ca187d-77c3-fd8a-5a3b-e484e100771e" executionId="4e7c1c9f-249b-4f99-9481-db57d24cab40" testListId="8c84fa94-04c1-424b-9868-57a2d4851a1d" />
    <TestEntry testId="b5cfc279-d810-274e-b350-7b236383d2bf" executionId="812aafee-1b2b-479e-a508-7233f56d94a2" testListId="8c84fa94-04c1-424b-9868-57a2d4851a1d" />
    <TestEntry testId="d025d492-8365-fbb8-2bc2-5b20876b8619" executionId="0d92f7b0-5975-46c8-b3da-964e266dff43" testListId="8c84fa94-04c1-424b-9868-57a2d4851a1d" />
    <TestEntry testId="de7f3a6e-702d-2131-6c3c-0c58059b65b0" executionId="7f7de5dc-b780-40ba-bad1-9236a79b3018" testListId="8c84fa94-04c1-424b-9868-57a2d4851a1d" />
  </TestEntries>
  <Results>
    <UnitTestResult executionId="59357815-1176-4e46-b3f9-e10651929d9a" testId="01136a85-a76c-626a-1c31-adabe0be87a0" testName="CoshhWindow_ChangeDocument" computerName="ADAMK117-PC" duration="00:00:00.2910812" startTime="2013-04-19T00:10:22.0847991+01:00" endTime="2013-04-19T00:10:22.4998055+01:00" testType="13cdc9d9-ddb5-4fa4-a97d-d965ccfc6d4b" outcome="Failed" testListId="8c84fa94-04c1-424b-9868-57a2d4851a1d" relativeResultsDirectory="59357815-1176-4e46-b3f9-e10651929d9a">
      <Output>
        <ErrorInfo>
          <Message>Test method SafetyProgram.UnitTests.CoshhDocumentApiTests.CoshhWindow_ChangeDocument threw exception: 
System.NullReferenceException: Object reference not set to an instance of an object.</Message>
          <StackTrace>    at SafetyProgram.Ribbons.CoshhRibbon.documentChanged(ICoshhDocument document) in V:\SafetyProgram\SafetyProgram\Ribbons\CoshhRibbon.cs:line 90
   at SafetyProgram.Ribbons.CoshhRibbon..ctor(CoshhWindow window) in V:\SafetyProgram\SafetyProgram\Ribbons\CoshhRibbon.cs:line 33
   at SafetyProgram.CoshhWindow..ctor(ICoshhDocumentService service, ICoshhDocument document) in V:\SafetyProgram\SafetyProgram\CoshhWindow.cs:line 29
   at SafetyProgram.UnitTests.CoshhDocumentApiTests.CoshhWindow_ChangeDocument() in V:\SafetyProgram\SafetyProgram.UnitTests\CoshhDocumentApiTests.cs:line 29
</StackTrace>
        </ErrorInfo>
      </Output>
    </UnitTestResult>
    <UnitTestResult executionId="f32a563f-6cc0-4f7a-a21f-b74a9472c3df" testId="056f6d2d-14aa-9904-d44f-b569b71765ec" testName="CoshhWindow_SetDocumentNull" computerName="ADAMK117-PC" duration="00:00:00.0073317" startTime="2013-04-19T00:10:22.5010555+01:00" endTime="2013-04-19T00:10:22.5110557+01:00" testType="13cdc9d9-ddb5-4fa4-a97d-d965ccfc6d4b" outcome="Failed" testListId="8c84fa94-04c1-424b-9868-57a2d4851a1d" relativeResultsDirectory="f32a563f-6cc0-4f7a-a21f-b74a9472c3df">
      <Output>
        <ErrorInfo>
          <Message>Test method SafetyProgram.UnitTests.CoshhDocumentApiTests.CoshhWindow_SetDocumentNull threw exception: 
System.NullReferenceException: Object reference not set to an instance of an object.</Message>
          <StackTrace>    at SafetyProgram.Ribbons.CoshhRibbon.documentChanged(ICoshhDocument document) in V:\SafetyProgram\SafetyProgram\Ribbons\CoshhRibbon.cs:line 90
   at SafetyProgram.Ribbons.CoshhRibbon..ctor(CoshhWindow window) in V:\SafetyProgram\SafetyProgram\Ribbons\CoshhRibbon.cs:line 33
   at SafetyProgram.CoshhWindow..ctor(ICoshhDocumentService service, ICoshhDocument document) in V:\SafetyProgram\SafetyProgram\CoshhWindow.cs:line 29
   at SafetyProgram.UnitTests.CoshhDocumentApiTests.CoshhWindow_SetDocumentNull() in V:\SafetyProgram\SafetyProgram.UnitTests\CoshhDocumentApiTests.cs:line 53
</StackTrace>
        </ErrorInfo>
      </Output>
    </UnitTestResult>
    <UnitTestResult executionId="e6923376-a939-4c1a-9ac8-73423daa0de0" testId="2c6b6b18-31bc-f724-aa79-7eb4ede324c1" testName="CoshhWindow_SetServiceToNull" computerName="ADAMK117-PC" duration="00:00:00.0065508" startTime="2013-04-19T00:10:22.5123057+01:00" endTime="2013-04-19T00:10:22.5223058+01:00" testType="13cdc9d9-ddb5-4fa4-a97d-d965ccfc6d4b" outcome="Failed" testListId="8c84fa94-04c1-424b-9868-57a2d4851a1d" relativeResultsDirectory="e6923376-a939-4c1a-9ac8-73423daa0de0">
      <Output>
        <ErrorInfo>
          <Message>Test method SafetyProgram.UnitTests.CoshhDocumentApiTests.CoshhWindow_SetServiceToNull threw exception: 
System.NullReferenceException: Object reference not set to an instance of an object.</Message>
          <StackTrace>    at SafetyProgram.Ribbons.CoshhRibbon.documentChanged(ICoshhDocument document) in V:\SafetyProgram\SafetyProgram\Ribbons\CoshhRibbon.cs:line 90
   at SafetyProgram.Ribbons.CoshhRibbon..ctor(CoshhWindow window) in V:\SafetyProgram\SafetyProgram\Ribbons\CoshhRibbon.cs:line 33
   at SafetyProgram.CoshhWindow..ctor(ICoshhDocumentService service, ICoshhDocument document) in V:\SafetyProgram\SafetyProgram\CoshhWindow.cs:line 29
   at SafetyProgram.UnitTests.CoshhDocumentApiTests.CoshhWindow_SetServiceToNull() in V:\SafetyProgram\SafetyProgram.UnitTests\CoshhDocumentApiTests.cs:line 96
</StackTrace>
        </ErrorInfo>
      </Output>
    </UnitTestResult>
    <UnitTestResult executionId="2b3263be-3449-4093-8d37-568be7b7c908" testId="2dc15571-cdfc-84e6-2adb-38c757828f4e" testName="WindowCommandsTest" computerName="ADAMK117-PC" duration="00:00:00.0074763" startTime="2013-04-19T00:10:22.5235559+01:00" endTime="2013-04-19T00:10:22.5335560+01:00" testType="13cdc9d9-ddb5-4fa4-a97d-d965ccfc6d4b" outcome="Failed" testListId="8c84fa94-04c1-424b-9868-57a2d4851a1d" relativeResultsDirectory="2b3263be-3449-4093-8d37-568be7b7c908">
      <Output>
        <ErrorInfo>
          <Message>Test method SafetyProgram.UnitTests.CoshhRibbonTest.WindowCommandsTest threw exception: 
System.NullReferenceException: Object reference not set to an instance of an object.</Message>
          <StackTrace>    at SafetyProgram.Ribbons.CoshhRibbon..ctor(CoshhWindow window) in V:\SafetyProgram\SafetyProgram\Ribbons\CoshhRibbon.cs:line 30
   at SafetyProgram.UnitTests.CoshhRibbonTest.WindowCommandsTest() in V:\SafetyProgram\SafetyProgram.UnitTests\CoshhRibbonTest.cs:line 162
</StackTrace>
        </ErrorInfo>
      </Output>
    </UnitTestResult>
    <UnitTestResult executionId="983bf621-91de-4fbf-a360-36dc71c76db7" testId="5689a082-2bda-b771-35ad-7ad98384552d" testName="CoshhWindow_TestConstruction" computerName="ADAMK117-PC" duration="00:00:00.0146346" startTime="2013-04-19T00:10:22.5348060+01:00" endTime="2013-04-19T00:10:22.5523063+01:00" testType="13cdc9d9-ddb5-4fa4-a97d-d965ccfc6d4b" outcome="Failed" testListId="8c84fa94-04c1-424b-9868-57a2d4851a1d" relativeResultsDirectory="983bf621-91de-4fbf-a360-36dc71c76db7">
      <Output>
        <ErrorInfo>
          <Message>Test method SafetyProgram.UnitTests.CoshhDocumentApiTests.CoshhWindow_TestConstruction threw exception: 
System.ArgumentException: Can not instantiate proxy of class: SafetyProgram.Document.CoshhDocument.
Could not find a parameterless constructor.
Parameter name: constructorArguments</Message>
          <StackTrace>    at Castle.DynamicProxy.ProxyGenerator.CreateClassProxyInstance(Type proxyType, List`1 proxyArguments, Type classToProxy, Object[] constructorArguments)
   at Castle.DynamicProxy.ProxyGenerator.CreateClassProxy(Type classToProxy, Type[] additionalInterfacesToProxy, ProxyGenerationOptions options, Object[] constructorArguments, IInterceptor[] interceptors)
   at Moq.Proxy.CastleProxyFactory.CreateProxy[T](ICallInterceptor interceptor, Type[] interfaces, Object[] arguments)
   at Moq.Mock`1.&lt;InitializeInstance&gt;b__0()
   at Moq.PexProtector.Invoke(Action action)
   at Moq.Mock`1.InitializeInstance()
   at Moq.Mock`1.OnGetObject()
   at Moq.Mock`1.get_Object()
   at SafetyProgram.UnitTests.CoshhDocumentApiTests.CoshhWindow_TestConstruction() in V:\SafetyProgram\SafetyProgram.UnitTests\CoshhDocumentApiTests.cs:line 126
</StackTrace>
        </ErrorInfo>
      </Output>
    </UnitTestResult>
    <UnitTestResult executionId="97d153f5-7b10-4db8-9e60-b3e4ad98b6f7" testId="5d8f056a-4dd2-f5f6-ab85-d120b30931b5" testName="CoshhWindow_ChangeService" computerName="ADAMK117-PC" duration="00:00:00.0073586" startTime="2013-04-19T00:10:22.5535563+01:00" endTime="2013-04-19T00:10:22.5635565+01:00" testType="13cdc9d9-ddb5-4fa4-a97d-d965ccfc6d4b" outcome="Failed" testListId="8c84fa94-04c1-424b-9868-57a2d4851a1d" relativeResultsDirectory="97d153f5-7b10-4db8-9e60-b3e4ad98b6f7">
      <Output>
        <ErrorInfo>
          <Message>Test method SafetyProgram.UnitTests.CoshhDocumentApiTests.CoshhWindow_ChangeService threw exception: 
System.NullReferenceException: Object reference not set to an instance of an object.</Message>
          <StackTrace>    at SafetyProgram.Ribbons.CoshhRibbon.documentChanged(ICoshhDocument document) in V:\SafetyProgram\SafetyProgram\Ribbons\CoshhRibbon.cs:line 90
   at SafetyProgram.Ribbons.CoshhRibbon..ctor(CoshhWindow window) in V:\SafetyProgram\SafetyProgram\Ribbons\CoshhRibbon.cs:line 33
   at SafetyProgram.CoshhWindow..ctor(ICoshhDocumentService service, ICoshhDocument document) in V:\SafetyProgram\SafetyProgram\CoshhWindow.cs:line 29
   at SafetyProgram.UnitTests.CoshhDocumentApiTests.CoshhWindow_ChangeService() in V:\SafetyProgram\SafetyProgram.UnitTests\CoshhDocumentApiTests.cs:line 73
</StackTrace>
        </ErrorInfo>
      </Output>
    </UnitTestResult>
    <UnitTestResult executionId="e14d5889-ef36-4fd1-8453-b68b8feaf317" testId="a68867b2-b747-5e1c-a518-accc8a31d973" testName="RibbonVisibilityTest" computerName="ADAMK117-PC" duration="00:00:00.0069574" startTime="2013-04-19T00:10:22.5648065+01:00" endTime="2013-04-19T00:10:22.5748066+01:00" testType="13cdc9d9-ddb5-4fa4-a97d-d965ccfc6d4b" outcome="Failed" testListId="8c84fa94-04c1-424b-9868-57a2d4851a1d" relativeResultsDirectory="e14d5889-ef36-4fd1-8453-b68b8feaf317">
      <Output>
        <ErrorInfo>
          <Message>Test method SafetyProgram.UnitTests.CoshhRibbonTest.RibbonVisibilityTest threw exception: 
System.NullReferenceException: Object reference not set to an instance of an object.</Message>
          <StackTrace>    at SafetyProgram.Ribbons.CoshhRibbon..ctor(CoshhWindow window) in V:\SafetyProgram\SafetyProgram\Ribbons\CoshhRibbon.cs:line 30
   at SafetyProgram.UnitTests.CoshhRibbonTest.RibbonVisibilityTest() in V:\SafetyProgram\SafetyProgram.UnitTests\CoshhRibbonTest.cs:line 133
</StackTrace>
        </ErrorInfo>
      </Output>
    </UnitTestResult>
    <UnitTestResult executionId="4e7c1c9f-249b-4f99-9481-db57d24cab40" testId="b0ca187d-77c3-fd8a-5a3b-e484e100771e" testName="DocumentCommandsTest" computerName="ADAMK117-PC" duration="00:00:00.0074273" startTime="2013-04-19T00:10:22.5760567+01:00" endTime="2013-04-19T00:10:22.5860568+01:00" testType="13cdc9d9-ddb5-4fa4-a97d-d965ccfc6d4b" outcome="Failed" testListId="8c84fa94-04c1-424b-9868-57a2d4851a1d" relativeResultsDirectory="4e7c1c9f-249b-4f99-9481-db57d24cab40">
      <Output>
        <ErrorInfo>
          <Message>Test method SafetyProgram.UnitTests.CoshhRibbonTest.DocumentCommandsTest threw exception: 
System.NullReferenceException: Object reference not set to an instance of an object.</Message>
          <StackTrace>    at SafetyProgram.Ribbons.CoshhRibbon..ctor(CoshhWindow window) in V:\SafetyProgram\SafetyProgram\Ribbons\CoshhRibbon.cs:line 30
   at SafetyProgram.UnitTests.CoshhRibbonTest.DocumentCommandsTest() in V:\SafetyProgram\SafetyProgram.UnitTests\CoshhRibbonTest.cs:line 120
</StackTrace>
        </ErrorInfo>
      </Output>
    </UnitTestResult>
    <UnitTestResult executionId="812aafee-1b2b-479e-a508-7233f56d94a2" testId="b5cfc279-d810-274e-b350-7b236383d2bf" testName="documentChangedTest" computerName="ADAMK117-PC" duration="00:00:00.0038768" startTime="2013-04-19T00:10:22.5885569+01:00" endTime="2013-04-19T00:10:22.5948070+01:00" testType="13cdc9d9-ddb5-4fa4-a97d-d965ccfc6d4b" outcome="Failed" testListId="8c84fa94-04c1-424b-9868-57a2d4851a1d" relativeResultsDirectory="812aafee-1b2b-479e-a508-7233f56d94a2">
      <Output>
        <ErrorInfo>
          <Message>Test method SafetyProgram.UnitTests.CoshhRibbonTest.documentChangedTest threw exception: 
System.NullReferenceException: Object reference not set to an instance of an object.</Message>
          <StackTrace>   at SafetyProgram.Ribbons.CoshhRibbon_Accessor.documentChanged(ICoshhDocument document)
   at SafetyProgram.UnitTests.CoshhRibbonTest.documentChangedTest() in V:\SafetyProgram\SafetyProgram.UnitTests\CoshhRibbonTest.cs:line 109
</StackTrace>
        </ErrorInfo>
      </Output>
    </UnitTestResult>
    <UnitTestResult executionId="0d92f7b0-5975-46c8-b3da-964e266dff43" testId="d025d492-8365-fbb8-2bc2-5b20876b8619" testName="ViewTest" computerName="ADAMK117-PC" duration="00:00:00.0240749" startTime="2013-04-19T00:10:22.5960570+01:00" endTime="2013-04-19T00:10:22.6235574+01:00" testType="13cdc9d9-ddb5-4fa4-a97d-d965ccfc6d4b" outcome="Passed" testListId="8c84fa94-04c1-424b-9868-57a2d4851a1d" relativeResultsDirectory="0d92f7b0-5975-46c8-b3da-964e266dff43">
    </UnitTestResult>
    <UnitTestResult executionId="7f7de5dc-b780-40ba-bad1-9236a79b3018" testId="de7f3a6e-702d-2131-6c3c-0c58059b65b0" testName="CoshhRibbonConstructorTest" computerName="ADAMK117-PC" duration="00:00:00.0001003" startTime="2013-04-19T00:10:22.6248074+01:00" endTime="2013-04-19T00:10:22.6273075+01:00" testType="13cdc9d9-ddb5-4fa4-a97d-d965ccfc6d4b" outcome="Passed" testListId="8c84fa94-04c1-424b-9868-57a2d4851a1d" relativeResultsDirectory="7f7de5dc-b780-40ba-bad1-9236a79b3018">
    </UnitTestResult>
  </Results>
</TestRun>