<?xml version="1.0" encoding="UTF-8"?>
<TestRun id="172d472c-e5ec-4d7f-897f-dda3e051aa06" name="AdamK117@ADAMK117-PC 2013-04-18 19:20:09" runUser="AdamK117-PC\AdamK117" xmlns="http://microsoft.com/schemas/VisualStudio/TeamTest/2010">
  <TestSettings name="Local" id="003826a5-a045-4c04-9e0a-eb37b7bf6aff">
    <Description>These are default test settings for a local test run.</Description>
    <Deployment enabled="false" runDeploymentRoot="AdamK117_ADAMK117-PC 2013-04-18 19_20_09">
      <DeploymentItem filename="V:\SafetyProgram\SafetyProgram\bin\Debug\SafetyProgram.exe" />
      <DeploymentItem filename="V:\SafetyProgram\SafetyProgram.Document\bin\Debug\SafetyProgram.Document.dll" />
      <DeploymentItem filename="V:\SafetyProgram\Moq.4.0.10827\NET40\Moq.dll" />
      <DeploymentItem filename="V:\SafetyProgram\SafetyProgram.BaseClasses\bin\Debug\SafetyProgram.BaseClasses.dll" />
      <DeploymentItem filename="V:\SafetyProgram\Fluent.dll" />
    </Deployment>
    <Execution>
      <TestTypeSpecific />
      <AgentRule name="Execution Agents">
      </AgentRule>
    </Execution>
  </TestSettings>
  <Times creation="2013-04-18T19:20:09.7445902+01:00" queuing="2013-04-18T19:20:10.4908517+01:00" start="2013-04-18T19:20:10.5358523+01:00" finish="2013-04-18T19:20:11.8323856+01:00" />
  <ResultSummary outcome="Completed">
    <Counters total="5" executed="5" passed="5" error="0" failed="0" timeout="0" aborted="0" inconclusive="0" passedButRunAborted="0" notRunnable="0" notExecuted="0" disconnected="0" warning="0" completed="0" inProgress="0" pending="0" />
  </ResultSummary>
  <TestDefinitions>
    <UnitTest name="CoshhWindow_ChangeService" storage="v:\safetyprogram\safetyprogram.unittests\bin\debug\safetyprogram.unittests.dll" id="5d8f056a-4dd2-f5f6-ab85-d120b30931b5">
      <Execution id="0affd9ca-5f03-4a8d-a75b-5bb8722bbdd5" />
      <TestMethod codeBase="V:/SafetyProgram/SafetyProgram.UnitTests/bin/Debug/SafetyProgram.UnitTests.DLL" adapterTypeName="Microsoft.VisualStudio.TestTools.TestTypes.Unit.UnitTestAdapter, Microsoft.VisualStudio.QualityTools.Tips.UnitTest.Adapter, Version=10.0.0.0, Culture=neutral, PublicKeyToken=b03f5f7f11d50a3a" className="SafetyProgram.UnitTests.CoshhDocumentApiTests, SafetyProgram.UnitTests, Version=1.0.0.0, Culture=neutral, PublicKeyToken=null" name="CoshhWindow_ChangeService" />
    </UnitTest>
    <UnitTest name="CoshhWindow_ChangeDocument" storage="v:\safetyprogram\safetyprogram.unittests\bin\debug\safetyprogram.unittests.dll" id="01136a85-a76c-626a-1c31-adabe0be87a0">
      <Execution id="2fe2bef1-87b9-48ea-9ada-013da4c9b546" />
      <TestMethod codeBase="V:/SafetyProgram/SafetyProgram.UnitTests/bin/Debug/SafetyProgram.UnitTests.DLL" adapterTypeName="Microsoft.VisualStudio.TestTools.TestTypes.Unit.UnitTestAdapter, Microsoft.VisualStudio.QualityTools.Tips.UnitTest.Adapter, Version=10.0.0.0, Culture=neutral, PublicKeyToken=b03f5f7f11d50a3a" className="SafetyProgram.UnitTests.CoshhDocumentApiTests, SafetyProgram.UnitTests, Version=1.0.0.0, Culture=neutral, PublicKeyToken=null" name="CoshhWindow_ChangeDocument" />
    </UnitTest>
    <UnitTest name="CoshhWindow_TestConstruction" storage="v:\safetyprogram\safetyprogram.unittests\bin\debug\safetyprogram.unittests.dll" id="5689a082-2bda-b771-35ad-7ad98384552d">
      <Execution id="80e5e169-eb8a-4819-893d-57982bfe0066" />
      <TestMethod codeBase="V:/SafetyProgram/SafetyProgram.UnitTests/bin/Debug/SafetyProgram.UnitTests.DLL" adapterTypeName="Microsoft.VisualStudio.TestTools.TestTypes.Unit.UnitTestAdapter, Microsoft.VisualStudio.QualityTools.Tips.UnitTest.Adapter, Version=10.0.0.0, Culture=neutral, PublicKeyToken=b03f5f7f11d50a3a" className="SafetyProgram.UnitTests.CoshhDocumentApiTests, SafetyProgram.UnitTests, Version=1.0.0.0, Culture=neutral, PublicKeyToken=null" name="CoshhWindow_TestConstruction" />
    </UnitTest>
    <UnitTest name="CoshhWindow_SetServiceToNull" storage="v:\safetyprogram\safetyprogram.unittests\bin\debug\safetyprogram.unittests.dll" id="2c6b6b18-31bc-f724-aa79-7eb4ede324c1">
      <Execution id="d3fc25f5-59d2-4188-a5c0-908ead76884d" />
      <TestMethod codeBase="V:/SafetyProgram/SafetyProgram.UnitTests/bin/Debug/SafetyProgram.UnitTests.DLL" adapterTypeName="Microsoft.VisualStudio.TestTools.TestTypes.Unit.UnitTestAdapter, Microsoft.VisualStudio.QualityTools.Tips.UnitTest.Adapter, Version=10.0.0.0, Culture=neutral, PublicKeyToken=b03f5f7f11d50a3a" className="SafetyProgram.UnitTests.CoshhDocumentApiTests, SafetyProgram.UnitTests, Version=1.0.0.0, Culture=neutral, PublicKeyToken=null" name="CoshhWindow_SetServiceToNull" />
    </UnitTest>
    <UnitTest name="CoshhWindow_SetDocumentNull" storage="v:\safetyprogram\safetyprogram.unittests\bin\debug\safetyprogram.unittests.dll" id="056f6d2d-14aa-9904-d44f-b569b71765ec">
      <Execution id="ca2a4024-1c44-4fd8-b9f5-cb688b5bd29c" />
      <TestMethod codeBase="V:/SafetyProgram/SafetyProgram.UnitTests/bin/Debug/SafetyProgram.UnitTests.DLL" adapterTypeName="Microsoft.VisualStudio.TestTools.TestTypes.Unit.UnitTestAdapter, Microsoft.VisualStudio.QualityTools.Tips.UnitTest.Adapter, Version=10.0.0.0, Culture=neutral, PublicKeyToken=b03f5f7f11d50a3a" className="SafetyProgram.UnitTests.CoshhDocumentApiTests, SafetyProgram.UnitTests, Version=1.0.0.0, Culture=neutral, PublicKeyToken=null" name="CoshhWindow_SetDocumentNull" />
    </UnitTest>
  </TestDefinitions>
  <TestLists>
    <TestList name="Results Not in a List" id="8c84fa94-04c1-424b-9868-57a2d4851a1d" />
    <TestList name="All Loaded Results" id="19431567-8539-422a-85d7-44ee4e166bda" />
  </TestLists>
  <TestEntries>
    <TestEntry testId="01136a85-a76c-626a-1c31-adabe0be87a0" executionId="2fe2bef1-87b9-48ea-9ada-013da4c9b546" testListId="8c84fa94-04c1-424b-9868-57a2d4851a1d" />
    <TestEntry testId="056f6d2d-14aa-9904-d44f-b569b71765ec" executionId="ca2a4024-1c44-4fd8-b9f5-cb688b5bd29c" testListId="8c84fa94-04c1-424b-9868-57a2d4851a1d" />
    <TestEntry testId="5d8f056a-4dd2-f5f6-ab85-d120b30931b5" executionId="0affd9ca-5f03-4a8d-a75b-5bb8722bbdd5" testListId="8c84fa94-04c1-424b-9868-57a2d4851a1d" />
    <TestEntry testId="2c6b6b18-31bc-f724-aa79-7eb4ede324c1" executionId="d3fc25f5-59d2-4188-a5c0-908ead76884d" testListId="8c84fa94-04c1-424b-9868-57a2d4851a1d" />
    <TestEntry testId="5689a082-2bda-b771-35ad-7ad98384552d" executionId="80e5e169-eb8a-4819-893d-57982bfe0066" testListId="8c84fa94-04c1-424b-9868-57a2d4851a1d" />
  </TestEntries>
  <Results>
    <UnitTestResult executionId="2fe2bef1-87b9-48ea-9ada-013da4c9b546" testId="01136a85-a76c-626a-1c31-adabe0be87a0" testName="CoshhWindow_ChangeDocument" computerName="ADAMK117-PC" duration="00:00:00.6503661" startTime="2013-04-18T19:20:10.5596027+01:00" endTime="2013-04-18T19:20:11.6886334+01:00" testType="13cdc9d9-ddb5-4fa4-a97d-d965ccfc6d4b" outcome="Passed" testListId="8c84fa94-04c1-424b-9868-57a2d4851a1d" relativeResultsDirectory="2fe2bef1-87b9-48ea-9ada-013da4c9b546">
    </UnitTestResult>
    <UnitTestResult executionId="ca2a4024-1c44-4fd8-b9f5-cb688b5bd29c" testId="056f6d2d-14aa-9904-d44f-b569b71765ec" testName="CoshhWindow_SetDocumentNull" computerName="ADAMK117-PC" duration="00:00:00.0107445" startTime="2013-04-18T19:20:11.6923835+01:00" endTime="2013-04-18T19:20:11.7086337+01:00" testType="13cdc9d9-ddb5-4fa4-a97d-d965ccfc6d4b" outcome="Passed" testListId="8c84fa94-04c1-424b-9868-57a2d4851a1d" relativeResultsDirectory="ca2a4024-1c44-4fd8-b9f5-cb688b5bd29c">
    </UnitTestResult>
    <UnitTestResult executionId="0affd9ca-5f03-4a8d-a75b-5bb8722bbdd5" testId="5d8f056a-4dd2-f5f6-ab85-d120b30931b5" testName="CoshhWindow_ChangeService" computerName="ADAMK117-PC" duration="00:00:00.0080994" startTime="2013-04-18T19:20:11.7123838+01:00" endTime="2013-04-18T19:20:11.7261340+01:00" testType="13cdc9d9-ddb5-4fa4-a97d-d965ccfc6d4b" outcome="Passed" testListId="8c84fa94-04c1-424b-9868-57a2d4851a1d" relativeResultsDirectory="0affd9ca-5f03-4a8d-a75b-5bb8722bbdd5">
    </UnitTestResult>
    <UnitTestResult executionId="d3fc25f5-59d2-4188-a5c0-908ead76884d" testId="2c6b6b18-31bc-f724-aa79-7eb4ede324c1" testName="CoshhWindow_SetServiceToNull" computerName="ADAMK117-PC" duration="00:00:00.0241374" startTime="2013-04-18T19:20:11.7298840+01:00" endTime="2013-04-18T19:20:11.7598845+01:00" testType="13cdc9d9-ddb5-4fa4-a97d-d965ccfc6d4b" outcome="Passed" testListId="8c84fa94-04c1-424b-9868-57a2d4851a1d" relativeResultsDirectory="d3fc25f5-59d2-4188-a5c0-908ead76884d">
    </UnitTestResult>
    <UnitTestResult executionId="80e5e169-eb8a-4819-893d-57982bfe0066" testId="5689a082-2bda-b771-35ad-7ad98384552d" testName="CoshhWindow_TestConstruction" computerName="ADAMK117-PC" duration="00:00:00.0072743" startTime="2013-04-18T19:20:11.7623845+01:00" endTime="2013-04-18T19:20:11.7761347+01:00" testType="13cdc9d9-ddb5-4fa4-a97d-d965ccfc6d4b" outcome="Passed" testListId="8c84fa94-04c1-424b-9868-57a2d4851a1d" relativeResultsDirectory="80e5e169-eb8a-4819-893d-57982bfe0066">
    </UnitTestResult>
  </Results>
</TestRun>