<?xml version="1.0" encoding="UTF-8"?>
<TestRun id="93f8d3c2-7ad7-443b-a734-abc41dbb8d95" name="AdamK117@ADAMK117-PC 2013-04-18 18:22:20" runUser="AdamK117-PC\AdamK117" xmlns="http://microsoft.com/schemas/VisualStudio/TeamTest/2010">
  <TestSettings name="Local" id="003826a5-a045-4c04-9e0a-eb37b7bf6aff">
    <Description>These are default test settings for a local test run.</Description>
    <Deployment enabled="false" runDeploymentRoot="AdamK117_ADAMK117-PC 2013-04-18 18_22_20">
      <DeploymentItem filename="V:\SafetyProgram\SafetyProgram\bin\Debug\SafetyProgram.exe" />
      <DeploymentItem filename="V:\SafetyProgram\SafetyProgram.Document\bin\Debug\SafetyProgram.Document.dll" />
      <DeploymentItem filename="V:\SafetyProgram\SafetyProgram.BaseClasses\bin\Debug\SafetyProgram.BaseClasses.dll" />
      <DeploymentItem filename="V:\SafetyProgram\Moq.4.0.10827\NET40\Moq.dll" />
    </Deployment>
    <Execution>
      <TestTypeSpecific />
      <AgentRule name="Execution Agents">
      </AgentRule>
    </Execution>
  </TestSettings>
  <Times creation="2013-04-18T18:22:20.2179967+01:00" queuing="2013-04-18T18:22:20.2299974+01:00" start="2013-04-18T18:22:20.2339976+01:00" finish="2013-04-18T18:22:20.7720284+01:00" />
  <ResultSummary outcome="Completed">
    <Counters total="2" executed="2" passed="2" error="0" failed="0" timeout="0" aborted="0" inconclusive="0" passedButRunAborted="0" notRunnable="0" notExecuted="0" disconnected="0" warning="0" completed="0" inProgress="0" pending="0" />
  </ResultSummary>
  <TestDefinitions>
    <UnitTest name="Test_Document_Api" storage="v:\safetyprogram\safetyprogram.unittests\bin\debug\safetyprogram.unittests.dll" id="9d16889e-8ea5-6982-051d-0c6ff4ee318b">
      <Execution id="d5b3c948-ce8f-4b1c-b2b2-d47447fac1c2" />
      <TestMethod codeBase="V:/SafetyProgram/SafetyProgram.UnitTests/bin/Debug/SafetyProgram.UnitTests.DLL" adapterTypeName="Microsoft.VisualStudio.TestTools.TestTypes.Unit.UnitTestAdapter, Microsoft.VisualStudio.QualityTools.Tips.UnitTest.Adapter, Version=10.0.0.0, Culture=neutral, PublicKeyToken=b03f5f7f11d50a3a" className="SafetyProgram.UnitTests.UnitTest1, SafetyProgram.UnitTests, Version=1.0.0.0, Culture=neutral, PublicKeyToken=null" name="Test_Document_Api" />
    </UnitTest>
    <UnitTest name="CoshhWindow_ChangeDocument" storage="v:\safetyprogram\safetyprogram.unittests\bin\debug\safetyprogram.unittests.dll" id="df889819-eb8d-5692-fb30-5757c6f0bc18">
      <Execution id="3e80a760-c258-479f-addf-314915d38a94" />
      <TestMethod codeBase="V:/SafetyProgram/SafetyProgram.UnitTests/bin/Debug/SafetyProgram.UnitTests.DLL" adapterTypeName="Microsoft.VisualStudio.TestTools.TestTypes.Unit.UnitTestAdapter, Microsoft.VisualStudio.QualityTools.Tips.UnitTest.Adapter, Version=10.0.0.0, Culture=neutral, PublicKeyToken=b03f5f7f11d50a3a" className="SafetyProgram.UnitTests.UnitTest1, SafetyProgram.UnitTests, Version=1.0.0.0, Culture=neutral, PublicKeyToken=null" name="CoshhWindow_ChangeDocument" />
    </UnitTest>
  </TestDefinitions>
  <TestLists>
    <TestList name="Results Not in a List" id="8c84fa94-04c1-424b-9868-57a2d4851a1d" />
    <TestList name="All Loaded Results" id="19431567-8539-422a-85d7-44ee4e166bda" />
  </TestLists>
  <TestEntries>
    <TestEntry testId="9d16889e-8ea5-6982-051d-0c6ff4ee318b" executionId="d5b3c948-ce8f-4b1c-b2b2-d47447fac1c2" testListId="8c84fa94-04c1-424b-9868-57a2d4851a1d" />
    <TestEntry testId="df889819-eb8d-5692-fb30-5757c6f0bc18" executionId="3e80a760-c258-479f-addf-314915d38a94" testListId="8c84fa94-04c1-424b-9868-57a2d4851a1d" />
  </TestEntries>
  <Results>
    <UnitTestResult executionId="d5b3c948-ce8f-4b1c-b2b2-d47447fac1c2" testId="9d16889e-8ea5-6982-051d-0c6ff4ee318b" testName="Test_Document_Api" computerName="ADAMK117-PC" duration="00:00:00.3851156" startTime="2013-04-18T18:22:20.2369978+01:00" endTime="2013-04-18T18:22:20.7460269+01:00" testType="13cdc9d9-ddb5-4fa4-a97d-d965ccfc6d4b" outcome="Passed" testListId="8c84fa94-04c1-424b-9868-57a2d4851a1d" relativeResultsDirectory="d5b3c948-ce8f-4b1c-b2b2-d47447fac1c2">
    </UnitTestResult>
    <UnitTestResult executionId="3e80a760-c258-479f-addf-314915d38a94" testId="df889819-eb8d-5692-fb30-5757c6f0bc18" testName="CoshhWindow_ChangeDocument" computerName="ADAMK117-PC" duration="00:00:00.0093065" startTime="2013-04-18T18:22:20.7480270+01:00" endTime="2013-04-18T18:22:20.7600277+01:00" testType="13cdc9d9-ddb5-4fa4-a97d-d965ccfc6d4b" outcome="Passed" testListId="8c84fa94-04c1-424b-9868-57a2d4851a1d" relativeResultsDirectory="3e80a760-c258-479f-addf-314915d38a94">
    </UnitTestResult>
  </Results>
</TestRun>