<?xml version="1.0" encoding="UTF-8"?>
<TestRun id="4ea8ccfe-de68-4f0d-8dc2-141774541f9c" name="AdamK117@ADAMK117-PC 2013-04-19 00:08:47" runUser="AdamK117-PC\AdamK117" xmlns="http://microsoft.com/schemas/VisualStudio/TeamTest/2010">
  <TestSettings name="Local" id="003826a5-a045-4c04-9e0a-eb37b7bf6aff">
    <Description>These are default test settings for a local test run.</Description>
    <Deployment enabled="false" runDeploymentRoot="AdamK117_ADAMK117-PC 2013-04-19 00_08_47">
      <DeploymentItem filename="V:\SafetyProgram\SafetyProgram.Document\bin\Debug\SafetyProgram.Document.dll" />
      <DeploymentItem filename="V:\SafetyProgram\SafetyProgram.BaseClasses\bin\Debug\SafetyProgram.BaseClasses.dll" />
      <DeploymentItem filename="V:\SafetyProgram\Fluent.dll" />
      <DeploymentItem filename="V:\SafetyProgram\SafetyProgram\bin\Debug\SafetyProgram.exe" />
      <DeploymentItem filename="V:\SafetyProgram\Moq.4.0.10827\NET40\Moq.dll" />
      <DeploymentItem filename="V:\SafetyProgram\SafetyProgram.DocObjects\bin\Debug\SafetyProgram.DocObjects.dll" />
    </Deployment>
    <Execution>
      <TestTypeSpecific />
      <AgentRule name="Execution Agents">
      </AgentRule>
    </Execution>
  </TestSettings>
  <Times creation="2013-04-19T00:08:47.7093920+01:00" queuing="2013-04-19T00:08:47.7433940+01:00" start="2013-04-19T00:08:47.7483943+01:00" finish="2013-04-19T00:08:48.4154324+01:00" />
  <ResultSummary outcome="Failed">
    <Counters total="11" executed="11" passed="2" error="0" failed="9" timeout="0" aborted="0" inconclusive="0" passedButRunAborted="0" notRunnable="0" notExecuted="0" disconnected="0" warning="0" completed="0" inProgress="0" pending="0" />
    <RunInfos>
      <RunInfo computerName="ADAMK117-PC" outcome="Warning" timestamp="2013-04-19T00:08:47.7423939+01:00">
        <Text>Deployment is currently disabled. The deployment item 'SafetyProgram.exe' on test 'SafetyProgram.UnitTests.CoshhRibbonTest.documentChangedTest' was not deployed.</Text>
      </RunInfo>
    </RunInfos>
  </ResultSummary>
  <TestDefinitions>
    <UnitTest name="documentChangedTest" storage="v:\safetyprogram\safetyprogram.unittests\bin\debug\safetyprogram.unittests.dll" id="b5cfc279-d810-274e-b350-7b236383d2bf">
      <DeploymentItems>
        <DeploymentItem filename="SafetyProgram.exe" />
      </DeploymentItems>
      <Execution id="b4e65536-573e-45d8-a9d0-7db6752e5cbf" />
      <TestMethod codeBase="V:/SafetyProgram/SafetyProgram.UnitTests/bin/Debug/SafetyProgram.UnitTests.DLL" adapterTypeName="Microsoft.VisualStudio.TestTools.TestTypes.Unit.UnitTestAdapter, Microsoft.VisualStudio.QualityTools.Tips.UnitTest.Adapter, Version=10.0.0.0, Culture=neutral, PublicKeyToken=b03f5f7f11d50a3a" className="SafetyProgram.UnitTests.CoshhRibbonTest, SafetyProgram.UnitTests, Version=1.0.0.0, Culture=neutral, PublicKeyToken=null" name="documentChangedTest" />
    </UnitTest>
    <UnitTest name="WindowCommandsTest" storage="v:\safetyprogram\safetyprogram.unittests\bin\debug\safetyprogram.unittests.dll" id="2dc15571-cdfc-84e6-2adb-38c757828f4e">
      <Execution id="777621d0-7285-4077-8834-e1eabf3595e6" />
      <TestMethod codeBase="V:/SafetyProgram/SafetyProgram.UnitTests/bin/Debug/SafetyProgram.UnitTests.DLL" adapterTypeName="Microsoft.VisualStudio.TestTools.TestTypes.Unit.UnitTestAdapter, Microsoft.VisualStudio.QualityTools.Tips.UnitTest.Adapter, Version=10.0.0.0, Culture=neutral, PublicKeyToken=b03f5f7f11d50a3a" className="SafetyProgram.UnitTests.CoshhRibbonTest, SafetyProgram.UnitTests, Version=1.0.0.0, Culture=neutral, PublicKeyToken=null" name="WindowCommandsTest" />
    </UnitTest>
    <UnitTest name="DocumentCommandsTest" storage="v:\safetyprogram\safetyprogram.unittests\bin\debug\safetyprogram.unittests.dll" id="b0ca187d-77c3-fd8a-5a3b-e484e100771e">
      <Execution id="65dedc78-565b-4f64-ad3e-649fdd223efb" />
      <TestMethod codeBase="V:/SafetyProgram/SafetyProgram.UnitTests/bin/Debug/SafetyProgram.UnitTests.DLL" adapterTypeName="Microsoft.VisualStudio.TestTools.TestTypes.Unit.UnitTestAdapter, Microsoft.VisualStudio.QualityTools.Tips.UnitTest.Adapter, Version=10.0.0.0, Culture=neutral, PublicKeyToken=b03f5f7f11d50a3a" className="SafetyProgram.UnitTests.CoshhRibbonTest, SafetyProgram.UnitTests, Version=1.0.0.0, Culture=neutral, PublicKeyToken=null" name="DocumentCommandsTest" />
    </UnitTest>
    <UnitTest name="CoshhWindow_TestConstruction" storage="v:\safetyprogram\safetyprogram.unittests\bin\debug\safetyprogram.unittests.dll" id="5689a082-2bda-b771-35ad-7ad98384552d">
      <Execution id="2486525c-1ebc-40d5-af46-30d08f351c06" />
      <TestMethod codeBase="V:/SafetyProgram/SafetyProgram.UnitTests/bin/Debug/SafetyProgram.UnitTests.DLL" adapterTypeName="Microsoft.VisualStudio.TestTools.TestTypes.Unit.UnitTestAdapter, Microsoft.VisualStudio.QualityTools.Tips.UnitTest.Adapter, Version=10.0.0.0, Culture=neutral, PublicKeyToken=b03f5f7f11d50a3a" className="SafetyProgram.UnitTests.CoshhDocumentApiTests, SafetyProgram.UnitTests, Version=1.0.0.0, Culture=neutral, PublicKeyToken=null" name="CoshhWindow_TestConstruction" />
    </UnitTest>
    <UnitTest name="CoshhWindow_SetDocumentNull" storage="v:\safetyprogram\safetyprogram.unittests\bin\debug\safetyprogram.unittests.dll" id="056f6d2d-14aa-9904-d44f-b569b71765ec">
      <Execution id="6db8a1be-bf63-4a96-b338-24feac8a05d4" />
      <TestMethod codeBase="V:/SafetyProgram/SafetyProgram.UnitTests/bin/Debug/SafetyProgram.UnitTests.DLL" adapterTypeName="Microsoft.VisualStudio.TestTools.TestTypes.Unit.UnitTestAdapter, Microsoft.VisualStudio.QualityTools.Tips.UnitTest.Adapter, Version=10.0.0.0, Culture=neutral, PublicKeyToken=b03f5f7f11d50a3a" className="SafetyProgram.UnitTests.CoshhDocumentApiTests, SafetyProgram.UnitTests, Version=1.0.0.0, Culture=neutral, PublicKeyToken=null" name="CoshhWindow_SetDocumentNull" />
    </UnitTest>
    <UnitTest name="CoshhWindow_SetServiceToNull" storage="v:\safetyprogram\safetyprogram.unittests\bin\debug\safetyprogram.unittests.dll" id="2c6b6b18-31bc-f724-aa79-7eb4ede324c1">
      <Execution id="09ed0caa-87e4-4acc-933c-6132c6441376" />
      <TestMethod codeBase="V:/SafetyProgram/SafetyProgram.UnitTests/bin/Debug/SafetyProgram.UnitTests.DLL" adapterTypeName="Microsoft.VisualStudio.TestTools.TestTypes.Unit.UnitTestAdapter, Microsoft.VisualStudio.QualityTools.Tips.UnitTest.Adapter, Version=10.0.0.0, Culture=neutral, PublicKeyToken=b03f5f7f11d50a3a" className="SafetyProgram.UnitTests.CoshhDocumentApiTests, SafetyProgram.UnitTests, Version=1.0.0.0, Culture=neutral, PublicKeyToken=null" name="CoshhWindow_SetServiceToNull" />
    </UnitTest>
    <UnitTest name="CoshhRibbonConstructorTest" storage="v:\safetyprogram\safetyprogram.unittests\bin\debug\safetyprogram.unittests.dll" id="de7f3a6e-702d-2131-6c3c-0c58059b65b0">
      <Execution id="c2d0f99b-f5b1-4aa7-ada4-8000acaa0461" />
      <TestMethod codeBase="V:/SafetyProgram/SafetyProgram.UnitTests/bin/Debug/SafetyProgram.UnitTests.DLL" adapterTypeName="Microsoft.VisualStudio.TestTools.TestTypes.Unit.UnitTestAdapter, Microsoft.VisualStudio.QualityTools.Tips.UnitTest.Adapter, Version=10.0.0.0, Culture=neutral, PublicKeyToken=b03f5f7f11d50a3a" className="SafetyProgram.UnitTests.CoshhRibbonTest, SafetyProgram.UnitTests, Version=1.0.0.0, Culture=neutral, PublicKeyToken=null" name="CoshhRibbonConstructorTest" />
    </UnitTest>
    <UnitTest name="ViewTest" storage="v:\safetyprogram\safetyprogram.unittests\bin\debug\safetyprogram.unittests.dll" id="d025d492-8365-fbb8-2bc2-5b20876b8619">
      <Execution id="64da67a8-bfe6-4a10-95fc-99e7721378ca" />
      <TestMethod codeBase="V:/SafetyProgram/SafetyProgram.UnitTests/bin/Debug/SafetyProgram.UnitTests.DLL" adapterTypeName="Microsoft.VisualStudio.TestTools.TestTypes.Unit.UnitTestAdapter, Microsoft.VisualStudio.QualityTools.Tips.UnitTest.Adapter, Version=10.0.0.0, Culture=neutral, PublicKeyToken=b03f5f7f11d50a3a" className="SafetyProgram.UnitTests.CoshhRibbonTest, SafetyProgram.UnitTests, Version=1.0.0.0, Culture=neutral, PublicKeyToken=null" name="ViewTest" />
    </UnitTest>
    <UnitTest name="CoshhWindow_ChangeDocument" storage="v:\safetyprogram\safetyprogram.unittests\bin\debug\safetyprogram.unittests.dll" id="01136a85-a76c-626a-1c31-adabe0be87a0">
      <Execution id="e29d5874-f321-45e3-8e02-fe2bb1df8741" />
      <TestMethod codeBase="V:/SafetyProgram/SafetyProgram.UnitTests/bin/Debug/SafetyProgram.UnitTests.DLL" adapterTypeName="Microsoft.VisualStudio.TestTools.TestTypes.Unit.UnitTestAdapter, Microsoft.VisualStudio.QualityTools.Tips.UnitTest.Adapter, Version=10.0.0.0, Culture=neutral, PublicKeyToken=b03f5f7f11d50a3a" className="SafetyProgram.UnitTests.CoshhDocumentApiTests, SafetyProgram.UnitTests, Version=1.0.0.0, Culture=neutral, PublicKeyToken=null" name="CoshhWindow_ChangeDocument" />
    </UnitTest>
    <UnitTest name="RibbonVisibilityTest" storage="v:\safetyprogram\safetyprogram.unittests\bin\debug\safetyprogram.unittests.dll" id="a68867b2-b747-5e1c-a518-accc8a31d973">
      <Execution id="989d57d6-8457-4ac1-8772-4955e70a19c0" />
      <TestMethod codeBase="V:/SafetyProgram/SafetyProgram.UnitTests/bin/Debug/SafetyProgram.UnitTests.DLL" adapterTypeName="Microsoft.VisualStudio.TestTools.TestTypes.Unit.UnitTestAdapter, Microsoft.VisualStudio.QualityTools.Tips.UnitTest.Adapter, Version=10.0.0.0, Culture=neutral, PublicKeyToken=b03f5f7f11d50a3a" className="SafetyProgram.UnitTests.CoshhRibbonTest, SafetyProgram.UnitTests, Version=1.0.0.0, Culture=neutral, PublicKeyToken=null" name="RibbonVisibilityTest" />
    </UnitTest>
    <UnitTest name="CoshhWindow_ChangeService" storage="v:\safetyprogram\safetyprogram.unittests\bin\debug\safetyprogram.unittests.dll" id="5d8f056a-4dd2-f5f6-ab85-d120b30931b5">
      <Execution id="e340da94-b4a1-463f-b866-ba0c4c4cf1c9" />
      <TestMethod codeBase="V:/SafetyProgram/SafetyProgram.UnitTests/bin/Debug/SafetyProgram.UnitTests.DLL" adapterTypeName="Microsoft.VisualStudio.TestTools.TestTypes.Unit.UnitTestAdapter, Microsoft.VisualStudio.QualityTools.Tips.UnitTest.Adapter, Version=10.0.0.0, Culture=neutral, PublicKeyToken=b03f5f7f11d50a3a" className="SafetyProgram.UnitTests.CoshhDocumentApiTests, SafetyProgram.UnitTests, Version=1.0.0.0, Culture=neutral, PublicKeyToken=null" name="CoshhWindow_ChangeService" />
    </UnitTest>
  </TestDefinitions>
  <TestLists>
    <TestList name="Results Not in a List" id="8c84fa94-04c1-424b-9868-57a2d4851a1d" />
    <TestList name="All Loaded Results" id="19431567-8539-422a-85d7-44ee4e166bda" />
  </TestLists>
  <TestEntries>
    <TestEntry testId="01136a85-a76c-626a-1c31-adabe0be87a0" executionId="e29d5874-f321-45e3-8e02-fe2bb1df8741" testListId="8c84fa94-04c1-424b-9868-57a2d4851a1d" />
    <TestEntry testId="056f6d2d-14aa-9904-d44f-b569b71765ec" executionId="6db8a1be-bf63-4a96-b338-24feac8a05d4" testListId="8c84fa94-04c1-424b-9868-57a2d4851a1d" />
    <TestEntry testId="2c6b6b18-31bc-f724-aa79-7eb4ede324c1" executionId="09ed0caa-87e4-4acc-933c-6132c6441376" testListId="8c84fa94-04c1-424b-9868-57a2d4851a1d" />
    <TestEntry testId="2dc15571-cdfc-84e6-2adb-38c757828f4e" executionId="777621d0-7285-4077-8834-e1eabf3595e6" testListId="8c84fa94-04c1-424b-9868-57a2d4851a1d" />
    <TestEntry testId="5689a082-2bda-b771-35ad-7ad98384552d" executionId="2486525c-1ebc-40d5-af46-30d08f351c06" testListId="8c84fa94-04c1-424b-9868-57a2d4851a1d" />
    <TestEntry testId="5d8f056a-4dd2-f5f6-ab85-d120b30931b5" executionId="e340da94-b4a1-463f-b866-ba0c4c4cf1c9" testListId="8c84fa94-04c1-424b-9868-57a2d4851a1d" />
    <TestEntry testId="a68867b2-b747-5e1c-a518-accc8a31d973" executionId="989d57d6-8457-4ac1-8772-4955e70a19c0" testListId="8c84fa94-04c1-424b-9868-57a2d4851a1d" />
    <TestEntry testId="b0ca187d-77c3-fd8a-5a3b-e484e100771e" executionId="65dedc78-565b-4f64-ad3e-649fdd223efb" testListId="8c84fa94-04c1-424b-9868-57a2d4851a1d" />
    <TestEntry testId="b5cfc279-d810-274e-b350-7b236383d2bf" executionId="b4e65536-573e-45d8-a9d0-7db6752e5cbf" testListId="8c84fa94-04c1-424b-9868-57a2d4851a1d" />
    <TestEntry testId="d025d492-8365-fbb8-2bc2-5b20876b8619" executionId="64da67a8-bfe6-4a10-95fc-99e7721378ca" testListId="8c84fa94-04c1-424b-9868-57a2d4851a1d" />
    <TestEntry testId="de7f3a6e-702d-2131-6c3c-0c58059b65b0" executionId="c2d0f99b-f5b1-4aa7-ada4-8000acaa0461" testListId="8c84fa94-04c1-424b-9868-57a2d4851a1d" />
  </TestEntries>
  <Results>
    <UnitTestResult executionId="e29d5874-f321-45e3-8e02-fe2bb1df8741" testId="01136a85-a76c-626a-1c31-adabe0be87a0" testName="CoshhWindow_ChangeDocument" computerName="ADAMK117-PC" duration="00:00:00.1444169" startTime="2013-04-19T00:08:47.7503944+01:00" endTime="2013-04-19T00:08:48.0224099+01:00" testType="13cdc9d9-ddb5-4fa4-a97d-d965ccfc6d4b" outcome="Failed" testListId="8c84fa94-04c1-424b-9868-57a2d4851a1d" relativeResultsDirectory="e29d5874-f321-45e3-8e02-fe2bb1df8741">
      <Output>
        <ErrorInfo>
          <Message>Test method SafetyProgram.UnitTests.CoshhDocumentApiTests.CoshhWindow_ChangeDocument threw exception: 
System.ArgumentException: Can not instantiate proxy of class: SafetyProgram.Document.CoshhDocument.
Could not find a parameterless constructor.
Parameter name: constructorArguments</Message>
          <StackTrace>    at Castle.DynamicProxy.ProxyGenerator.CreateClassProxyInstance(Type proxyType, List`1 proxyArguments, Type classToProxy, Object[] constructorArguments)
   at Castle.DynamicProxy.ProxyGenerator.CreateClassProxy(Type classToProxy, Type[] additionalInterfacesToProxy, ProxyGenerationOptions options, Object[] constructorArguments, IInterceptor[] interceptors)
   at Moq.Proxy.CastleProxyFactory.CreateProxy[T](ICallInterceptor interceptor, Type[] interfaces, Object[] arguments)
   at Moq.Mock`1.&lt;InitializeInstance&gt;b__0()
   at Moq.PexProtector.Invoke(Action action)
   at Moq.Mock`1.InitializeInstance()
   at Moq.Mock`1.OnGetObject()
   at Moq.Mock`1.get_Object()
   at SafetyProgram.UnitTests.CoshhDocumentApiTests.CoshhWindow_ChangeDocument() in V:\SafetyProgram\SafetyProgram.UnitTests\CoshhDocumentApiTests.cs:line 29
</StackTrace>
        </ErrorInfo>
      </Output>
    </UnitTestResult>
    <UnitTestResult executionId="6db8a1be-bf63-4a96-b338-24feac8a05d4" testId="056f6d2d-14aa-9904-d44f-b569b71765ec" testName="CoshhWindow_SetDocumentNull" computerName="ADAMK117-PC" duration="00:00:00.0020970" startTime="2013-04-19T00:08:48.0234100+01:00" endTime="2013-04-19T00:08:48.0284103+01:00" testType="13cdc9d9-ddb5-4fa4-a97d-d965ccfc6d4b" outcome="Failed" testListId="8c84fa94-04c1-424b-9868-57a2d4851a1d" relativeResultsDirectory="6db8a1be-bf63-4a96-b338-24feac8a05d4">
      <Output>
        <ErrorInfo>
          <Message>Test method SafetyProgram.UnitTests.CoshhDocumentApiTests.CoshhWindow_SetDocumentNull threw exception: 
System.ArgumentException: Can not instantiate proxy of class: SafetyProgram.Document.CoshhDocument.
Could not find a parameterless constructor.
Parameter name: constructorArguments</Message>
          <StackTrace>    at Castle.DynamicProxy.ProxyGenerator.CreateClassProxyInstance(Type proxyType, List`1 proxyArguments, Type classToProxy, Object[] constructorArguments)
   at Castle.DynamicProxy.ProxyGenerator.CreateClassProxy(Type classToProxy, Type[] additionalInterfacesToProxy, ProxyGenerationOptions options, Object[] constructorArguments, IInterceptor[] interceptors)
   at Moq.Proxy.CastleProxyFactory.CreateProxy[T](ICallInterceptor interceptor, Type[] interfaces, Object[] arguments)
   at Moq.Mock`1.&lt;InitializeInstance&gt;b__0()
   at Moq.PexProtector.Invoke(Action action)
   at Moq.Mock`1.InitializeInstance()
   at Moq.Mock`1.OnGetObject()
   at Moq.Mock`1.get_Object()
   at SafetyProgram.UnitTests.CoshhDocumentApiTests.CoshhWindow_SetDocumentNull() in V:\SafetyProgram\SafetyProgram.UnitTests\CoshhDocumentApiTests.cs:line 53
</StackTrace>
        </ErrorInfo>
      </Output>
    </UnitTestResult>
    <UnitTestResult executionId="09ed0caa-87e4-4acc-933c-6132c6441376" testId="2c6b6b18-31bc-f724-aa79-7eb4ede324c1" testName="CoshhWindow_SetServiceToNull" computerName="ADAMK117-PC" duration="00:00:00.0015063" startTime="2013-04-19T00:08:48.0294103+01:00" endTime="2013-04-19T00:08:48.0344106+01:00" testType="13cdc9d9-ddb5-4fa4-a97d-d965ccfc6d4b" outcome="Failed" testListId="8c84fa94-04c1-424b-9868-57a2d4851a1d" relativeResultsDirectory="09ed0caa-87e4-4acc-933c-6132c6441376">
      <Output>
        <ErrorInfo>
          <Message>Test method SafetyProgram.UnitTests.CoshhDocumentApiTests.CoshhWindow_SetServiceToNull threw exception: 
System.ArgumentException: Can not instantiate proxy of class: SafetyProgram.Document.CoshhDocument.
Could not find a parameterless constructor.
Parameter name: constructorArguments</Message>
          <StackTrace>    at Castle.DynamicProxy.ProxyGenerator.CreateClassProxyInstance(Type proxyType, List`1 proxyArguments, Type classToProxy, Object[] constructorArguments)
   at Castle.DynamicProxy.ProxyGenerator.CreateClassProxy(Type classToProxy, Type[] additionalInterfacesToProxy, ProxyGenerationOptions options, Object[] constructorArguments, IInterceptor[] interceptors)
   at Moq.Proxy.CastleProxyFactory.CreateProxy[T](ICallInterceptor interceptor, Type[] interfaces, Object[] arguments)
   at Moq.Mock`1.&lt;InitializeInstance&gt;b__0()
   at Moq.PexProtector.Invoke(Action action)
   at Moq.Mock`1.InitializeInstance()
   at Moq.Mock`1.OnGetObject()
   at Moq.Mock`1.get_Object()
   at SafetyProgram.UnitTests.CoshhDocumentApiTests.CoshhWindow_SetServiceToNull() in V:\SafetyProgram\SafetyProgram.UnitTests\CoshhDocumentApiTests.cs:line 96
</StackTrace>
        </ErrorInfo>
      </Output>
    </UnitTestResult>
    <UnitTestResult executionId="777621d0-7285-4077-8834-e1eabf3595e6" testId="2dc15571-cdfc-84e6-2adb-38c757828f4e" testName="WindowCommandsTest" computerName="ADAMK117-PC" duration="00:00:00.2480522" startTime="2013-04-19T00:08:48.0354107+01:00" endTime="2013-04-19T00:08:48.2864250+01:00" testType="13cdc9d9-ddb5-4fa4-a97d-d965ccfc6d4b" outcome="Failed" testListId="8c84fa94-04c1-424b-9868-57a2d4851a1d" relativeResultsDirectory="777621d0-7285-4077-8834-e1eabf3595e6">
      <Output>
        <ErrorInfo>
          <Message>Test method SafetyProgram.UnitTests.CoshhRibbonTest.WindowCommandsTest threw exception: 
System.NullReferenceException: Object reference not set to an instance of an object.</Message>
          <StackTrace>    at SafetyProgram.Ribbons.CoshhRibbon..ctor(CoshhWindow window) in V:\SafetyProgram\SafetyProgram\Ribbons\CoshhRibbon.cs:line 30
   at SafetyProgram.UnitTests.CoshhRibbonTest.WindowCommandsTest() in V:\SafetyProgram\SafetyProgram.UnitTests\CoshhRibbonTest.cs:line 162
</StackTrace>
        </ErrorInfo>
      </Output>
    </UnitTestResult>
    <UnitTestResult executionId="2486525c-1ebc-40d5-af46-30d08f351c06" testId="5689a082-2bda-b771-35ad-7ad98384552d" testName="CoshhWindow_TestConstruction" computerName="ADAMK117-PC" duration="00:00:00.0019107" startTime="2013-04-19T00:08:48.2874251+01:00" endTime="2013-04-19T00:08:48.2924254+01:00" testType="13cdc9d9-ddb5-4fa4-a97d-d965ccfc6d4b" outcome="Failed" testListId="8c84fa94-04c1-424b-9868-57a2d4851a1d" relativeResultsDirectory="2486525c-1ebc-40d5-af46-30d08f351c06">
      <Output>
        <ErrorInfo>
          <Message>Test method SafetyProgram.UnitTests.CoshhDocumentApiTests.CoshhWindow_TestConstruction threw exception: 
System.ArgumentException: Can not instantiate proxy of class: SafetyProgram.Document.CoshhDocument.
Could not find a parameterless constructor.
Parameter name: constructorArguments</Message>
          <StackTrace>    at Castle.DynamicProxy.ProxyGenerator.CreateClassProxyInstance(Type proxyType, List`1 proxyArguments, Type classToProxy, Object[] constructorArguments)
   at Castle.DynamicProxy.ProxyGenerator.CreateClassProxy(Type classToProxy, Type[] additionalInterfacesToProxy, ProxyGenerationOptions options, Object[] constructorArguments, IInterceptor[] interceptors)
   at Moq.Proxy.CastleProxyFactory.CreateProxy[T](ICallInterceptor interceptor, Type[] interfaces, Object[] arguments)
   at Moq.Mock`1.&lt;InitializeInstance&gt;b__0()
   at Moq.PexProtector.Invoke(Action action)
   at Moq.Mock`1.InitializeInstance()
   at Moq.Mock`1.OnGetObject()
   at Moq.Mock`1.get_Object()
   at SafetyProgram.UnitTests.CoshhDocumentApiTests.CoshhWindow_TestConstruction() in V:\SafetyProgram\SafetyProgram.UnitTests\CoshhDocumentApiTests.cs:line 126
</StackTrace>
        </ErrorInfo>
      </Output>
    </UnitTestResult>
    <UnitTestResult executionId="e340da94-b4a1-463f-b866-ba0c4c4cf1c9" testId="5d8f056a-4dd2-f5f6-ab85-d120b30931b5" testName="CoshhWindow_ChangeService" computerName="ADAMK117-PC" duration="00:00:00.0017032" startTime="2013-04-19T00:08:48.2934254+01:00" endTime="2013-04-19T00:08:48.2984257+01:00" testType="13cdc9d9-ddb5-4fa4-a97d-d965ccfc6d4b" outcome="Failed" testListId="8c84fa94-04c1-424b-9868-57a2d4851a1d" relativeResultsDirectory="e340da94-b4a1-463f-b866-ba0c4c4cf1c9">
      <Output>
        <ErrorInfo>
          <Message>Test method SafetyProgram.UnitTests.CoshhDocumentApiTests.CoshhWindow_ChangeService threw exception: 
System.ArgumentException: Can not instantiate proxy of class: SafetyProgram.Document.CoshhDocument.
Could not find a parameterless constructor.
Parameter name: constructorArguments</Message>
          <StackTrace>    at Castle.DynamicProxy.ProxyGenerator.CreateClassProxyInstance(Type proxyType, List`1 proxyArguments, Type classToProxy, Object[] constructorArguments)
   at Castle.DynamicProxy.ProxyGenerator.CreateClassProxy(Type classToProxy, Type[] additionalInterfacesToProxy, ProxyGenerationOptions options, Object[] constructorArguments, IInterceptor[] interceptors)
   at Moq.Proxy.CastleProxyFactory.CreateProxy[T](ICallInterceptor interceptor, Type[] interfaces, Object[] arguments)
   at Moq.Mock`1.&lt;InitializeInstance&gt;b__0()
   at Moq.PexProtector.Invoke(Action action)
   at Moq.Mock`1.InitializeInstance()
   at Moq.Mock`1.OnGetObject()
   at Moq.Mock`1.get_Object()
   at SafetyProgram.UnitTests.CoshhDocumentApiTests.CoshhWindow_ChangeService() in V:\SafetyProgram\SafetyProgram.UnitTests\CoshhDocumentApiTests.cs:line 73
</StackTrace>
        </ErrorInfo>
      </Output>
    </UnitTestResult>
    <UnitTestResult executionId="989d57d6-8457-4ac1-8772-4955e70a19c0" testId="a68867b2-b747-5e1c-a518-accc8a31d973" testName="RibbonVisibilityTest" computerName="ADAMK117-PC" duration="00:00:00.0073644" startTime="2013-04-19T00:08:48.2994258+01:00" endTime="2013-04-19T00:08:48.3094263+01:00" testType="13cdc9d9-ddb5-4fa4-a97d-d965ccfc6d4b" outcome="Failed" testListId="8c84fa94-04c1-424b-9868-57a2d4851a1d" relativeResultsDirectory="989d57d6-8457-4ac1-8772-4955e70a19c0">
      <Output>
        <ErrorInfo>
          <Message>Test method SafetyProgram.UnitTests.CoshhRibbonTest.RibbonVisibilityTest threw exception: 
System.NullReferenceException: Object reference not set to an instance of an object.</Message>
          <StackTrace>    at SafetyProgram.Ribbons.CoshhRibbon..ctor(CoshhWindow window) in V:\SafetyProgram\SafetyProgram\Ribbons\CoshhRibbon.cs:line 30
   at SafetyProgram.UnitTests.CoshhRibbonTest.RibbonVisibilityTest() in V:\SafetyProgram\SafetyProgram.UnitTests\CoshhRibbonTest.cs:line 133
</StackTrace>
        </ErrorInfo>
      </Output>
    </UnitTestResult>
    <UnitTestResult executionId="65dedc78-565b-4f64-ad3e-649fdd223efb" testId="b0ca187d-77c3-fd8a-5a3b-e484e100771e" testName="DocumentCommandsTest" computerName="ADAMK117-PC" duration="00:00:00.0210652" startTime="2013-04-19T00:08:48.3114265+01:00" endTime="2013-04-19T00:08:48.3354278+01:00" testType="13cdc9d9-ddb5-4fa4-a97d-d965ccfc6d4b" outcome="Failed" testListId="8c84fa94-04c1-424b-9868-57a2d4851a1d" relativeResultsDirectory="65dedc78-565b-4f64-ad3e-649fdd223efb">
      <Output>
        <ErrorInfo>
          <Message>Test method SafetyProgram.UnitTests.CoshhRibbonTest.DocumentCommandsTest threw exception: 
System.NullReferenceException: Object reference not set to an instance of an object.</Message>
          <StackTrace>    at SafetyProgram.Ribbons.CoshhRibbon..ctor(CoshhWindow window) in V:\SafetyProgram\SafetyProgram\Ribbons\CoshhRibbon.cs:line 30
   at SafetyProgram.UnitTests.CoshhRibbonTest.DocumentCommandsTest() in V:\SafetyProgram\SafetyProgram.UnitTests\CoshhRibbonTest.cs:line 120
</StackTrace>
        </ErrorInfo>
      </Output>
    </UnitTestResult>
    <UnitTestResult executionId="b4e65536-573e-45d8-a9d0-7db6752e5cbf" testId="b5cfc279-d810-274e-b350-7b236383d2bf" testName="documentChangedTest" computerName="ADAMK117-PC" duration="00:00:00.0118048" startTime="2013-04-19T00:08:48.3364279+01:00" endTime="2013-04-19T00:08:48.3514287+01:00" testType="13cdc9d9-ddb5-4fa4-a97d-d965ccfc6d4b" outcome="Failed" testListId="8c84fa94-04c1-424b-9868-57a2d4851a1d" relativeResultsDirectory="b4e65536-573e-45d8-a9d0-7db6752e5cbf">
      <Output>
        <ErrorInfo>
          <Message>Test method SafetyProgram.UnitTests.CoshhRibbonTest.documentChangedTest threw exception: 
System.NullReferenceException: Object reference not set to an instance of an object.</Message>
          <StackTrace>   at SafetyProgram.Ribbons.CoshhRibbon_Accessor.documentChanged(ICoshhDocument document)
   at SafetyProgram.UnitTests.CoshhRibbonTest.documentChangedTest() in V:\SafetyProgram\SafetyProgram.UnitTests\CoshhRibbonTest.cs:line 109
</StackTrace>
        </ErrorInfo>
      </Output>
    </UnitTestResult>
    <UnitTestResult executionId="64da67a8-bfe6-4a10-95fc-99e7721378ca" testId="d025d492-8365-fbb8-2bc2-5b20876b8619" testName="ViewTest" computerName="ADAMK117-PC" duration="00:00:00.0426393" startTime="2013-04-19T00:08:48.3524288+01:00" endTime="2013-04-19T00:08:48.3974314+01:00" testType="13cdc9d9-ddb5-4fa4-a97d-d965ccfc6d4b" outcome="Passed" testListId="8c84fa94-04c1-424b-9868-57a2d4851a1d" relativeResultsDirectory="64da67a8-bfe6-4a10-95fc-99e7721378ca">
    </UnitTestResult>
    <UnitTestResult executionId="c2d0f99b-f5b1-4aa7-ada4-8000acaa0461" testId="de7f3a6e-702d-2131-6c3c-0c58059b65b0" testName="CoshhRibbonConstructorTest" computerName="ADAMK117-PC" duration="00:00:00.0000974" startTime="2013-04-19T00:08:48.4004316+01:00" endTime="2013-04-19T00:08:48.4034317+01:00" testType="13cdc9d9-ddb5-4fa4-a97d-d965ccfc6d4b" outcome="Passed" testListId="8c84fa94-04c1-424b-9868-57a2d4851a1d" relativeResultsDirectory="c2d0f99b-f5b1-4aa7-ada4-8000acaa0461">
    </UnitTestResult>
  </Results>
</TestRun>