<?xml version="1.0" encoding="UTF-8"?>
<TestRun id="2e64c415-b8ae-4401-b892-cc43b45f1ce3" name="AdamK117@ADAMK117-PC 2013-04-18 18:15:28" runUser="AdamK117-PC\AdamK117" xmlns="http://microsoft.com/schemas/VisualStudio/TeamTest/2010">
  <TestSettings name="Local" id="003826a5-a045-4c04-9e0a-eb37b7bf6aff">
    <Description>These are default test settings for a local test run.</Description>
    <Deployment enabled="false" runDeploymentRoot="AdamK117_ADAMK117-PC 2013-04-18 18_15_28">
      <DeploymentItem filename="V:\SafetyProgram\SafetyProgram\bin\Debug\SafetyProgram.exe" />
      <DeploymentItem filename="V:\SafetyProgram\SafetyProgram.Document\bin\Debug\SafetyProgram.Document.dll" />
      <DeploymentItem filename="V:\SafetyProgram\SafetyProgram.BaseClasses\bin\Debug\SafetyProgram.BaseClasses.dll" />
      <DeploymentItem filename="V:\SafetyProgram\Moq.4.0.10827\NET40\Moq.dll" />
    </Deployment>
    <Execution>
      <TestTypeSpecific />
      <AgentRule name="Execution Agents">
      </AgentRule>
    </Execution>
  </TestSettings>
  <Times creation="2013-04-18T18:15:28.1665596+01:00" queuing="2013-04-18T18:15:28.1795604+01:00" start="2013-04-18T18:15:28.1825606+01:00" finish="2013-04-18T18:15:28.5805833+01:00" />
  <ResultSummary outcome="Completed">
    <Counters total="1" executed="1" passed="1" error="0" failed="0" timeout="0" aborted="0" inconclusive="0" passedButRunAborted="0" notRunnable="0" notExecuted="0" disconnected="0" warning="0" completed="0" inProgress="0" pending="0" />
  </ResultSummary>
  <TestDefinitions>
    <UnitTest name="Test_Document_Api" storage="v:\safetyprogram\safetyprogram.unittests\bin\debug\safetyprogram.unittests.dll" id="9d16889e-8ea5-6982-051d-0c6ff4ee318b">
      <Execution id="f37719a4-b6e3-4378-b9fb-22e907eb7314" />
      <TestMethod codeBase="V:/SafetyProgram/SafetyProgram.UnitTests/bin/Debug/SafetyProgram.UnitTests.DLL" adapterTypeName="Microsoft.VisualStudio.TestTools.TestTypes.Unit.UnitTestAdapter, Microsoft.VisualStudio.QualityTools.Tips.UnitTest.Adapter, Version=10.0.0.0, Culture=neutral, PublicKeyToken=b03f5f7f11d50a3a" className="SafetyProgram.UnitTests.UnitTest1, SafetyProgram.UnitTests, Version=1.0.0.0, Culture=neutral, PublicKeyToken=null" name="Test_Document_Api" />
    </UnitTest>
  </TestDefinitions>
  <TestLists>
    <TestList name="Results Not in a List" id="8c84fa94-04c1-424b-9868-57a2d4851a1d" />
    <TestList name="All Loaded Results" id="19431567-8539-422a-85d7-44ee4e166bda" />
  </TestLists>
  <TestEntries>
    <TestEntry testId="9d16889e-8ea5-6982-051d-0c6ff4ee318b" executionId="f37719a4-b6e3-4378-b9fb-22e907eb7314" testListId="8c84fa94-04c1-424b-9868-57a2d4851a1d" />
  </TestEntries>
  <Results>
    <UnitTestResult executionId="f37719a4-b6e3-4378-b9fb-22e907eb7314" testId="9d16889e-8ea5-6982-051d-0c6ff4ee318b" testName="Test_Document_Api" computerName="ADAMK117-PC" duration="00:00:00.2604772" startTime="2013-04-18T18:15:28.1855607+01:00" endTime="2013-04-18T18:15:28.5705828+01:00" testType="13cdc9d9-ddb5-4fa4-a97d-d965ccfc6d4b" outcome="Passed" testListId="8c84fa94-04c1-424b-9868-57a2d4851a1d" relativeResultsDirectory="f37719a4-b6e3-4378-b9fb-22e907eb7314">
    </UnitTestResult>
  </Results>
</TestRun>